#
# There is insufficient memory for the Java Runtime Environment to continue.
# Native memory allocation (malloc) failed to allocate 262160 bytes for Chunk::new
# Possible reasons:
#   The system is out of physical RAM or swap space
#   The process is running with CompressedOops enabled, and the Java Heap may be blocking the growth of the native heap
# Possible solutions:
#   Reduce memory load on the system
#   Increase physical memory or swap space
#   Check if swap backing store is full
#   Decrease Java heap size (-Xmx/-Xms)
#   Decrease number of Java threads
#   Decrease Java thread stack sizes (-Xss)
#   Set larger code cache with -XX:ReservedCodeCacheSize=
#   JVM is running with Unscaled Compressed Oops mode in which the Java heap is
#     placed in the first 4GB address space. The Java Heap base address is the
#     maximum limit for the native heap growth. Please use -XX:HeapBaseMinAddress
#     to set the Java Heap base and to place the Java Heap above 4GB virtual address.
# This output file may be truncated or incomplete.
#
#  Out of Memory Error (./src/hotspot/share/memory/arena.cpp:197), pid=9276, tid=9500
#
# JRE version: OpenJDK Runtime Environment (11.0.8+10) (build 11.0.8+10-b944.6842174)
# Java VM: OpenJDK 64-Bit Server VM (11.0.8+10-b944.6842174, mixed mode, tiered, compressed oops, g1 gc, windows-amd64)
# No core dump will be written. Minidumps are not enabled by default on client versions of Windows
#

---------------  S U M M A R Y ------------

Command Line: --add-opens=java.base/java.util=ALL-UNNAMED --add-opens=java.base/java.lang=ALL-UNNAMED --add-opens=java.base/java.lang.invoke=ALL-UNNAMED --add-opens=java.prefs/java.util.prefs=ALL-UNNAMED -Xmx2048m -Dfile.encoding=UTF-8 -Duser.country=US -Duser.language=en -Duser.variant org.gradle.launcher.daemon.bootstrap.GradleDaemon 6.7.1

Host: Intel(R) Core(TM) i5-9300H CPU @ 2.40GHz, 8 cores, 7G,  Windows 10 , 64 bit Build 18362 (10.0.18362.1350)
Time: Tue Mar 23 08:23:37 2021 Nepal Standard Time elapsed time: 2 seconds (0d 0h 0m 2s)

---------------  T H R E A D  ---------------

Current thread (0x0000029f62e87000):  JavaThread "C2 CompilerThread0" daemon [_thread_in_native, id=9500, stack(0x000000e462400000,0x000000e462500000)]


Current CompileTask:
C2:   2166 2322       4       java.net.URLClassLoader$1::run (5 bytes)

Stack: [0x000000e462400000,0x000000e462500000]
Native frames: (J=compiled Java code, j=interpreted, Vv=VM code, C=native code)
V  [jvm.dll+0x5de50a]
V  [jvm.dll+0x7122f5]
V  [jvm.dll+0x71384d]
V  [jvm.dll+0x713f03]
V  [jvm.dll+0x23e728]
V  [jvm.dll+0xb899c]
V  [jvm.dll+0xb8e9c]
V  [jvm.dll+0xb8a98]
V  [jvm.dll+0x5be3b0]
V  [jvm.dll+0x1fde0e]
V  [jvm.dll+0x608ff4]
V  [jvm.dll+0x1f6794]
V  [jvm.dll+0x17f32c]
V  [jvm.dll+0x205047]
V  [jvm.dll+0x203891]
V  [jvm.dll+0x6dad3f]
V  [jvm.dll+0x6d3895]
V  [jvm.dll+0x5dd4a6]
C  [ucrtbase.dll+0x210b2]
C  [KERNEL32.DLL+0x17c24]
C  [ntdll.dll+0x6d721]


---------------  P R O C E S S  ---------------

Threads class SMR info:
_java_thread_list=0x0000029f65382060, length=26, elements={
0x0000029f4821c800, 0x0000029f6250f000, 0x0000029f62510800, 0x0000029f62e84800,
0x0000029f62e85800, 0x0000029f62e87000, 0x0000029f62e8c800, 0x0000029f62e8f800,
0x0000029f62fdd000, 0x0000029f62ff3000, 0x0000029f6435a800, 0x0000029f64bff800,
0x0000029f64fe8800, 0x0000029f64567800, 0x0000029f6404d800, 0x0000029f63d91000,
0x0000029f64369800, 0x0000029f643f8000, 0x0000029f64c2e800, 0x0000029f64fde800,
0x0000029f64f0d000, 0x0000029f64f10800, 0x0000029f64f0e000, 0x0000029f64f12000,
0x0000029f64f0e800, 0x0000029f64f0f800
}

Java Threads: ( => current thread )
  0x0000029f4821c800 JavaThread "main" [_thread_blocked, id=16404, stack(0x000000e461900000,0x000000e461a00000)]
  0x0000029f6250f000 JavaThread "Reference Handler" daemon [_thread_blocked, id=12148, stack(0x000000e462000000,0x000000e462100000)]
  0x0000029f62510800 JavaThread "Finalizer" daemon [_thread_blocked, id=6040, stack(0x000000e462100000,0x000000e462200000)]
  0x0000029f62e84800 JavaThread "Signal Dispatcher" daemon [_thread_blocked, id=3240, stack(0x000000e462200000,0x000000e462300000)]
  0x0000029f62e85800 JavaThread "Attach Listener" daemon [_thread_blocked, id=15052, stack(0x000000e462300000,0x000000e462400000)]
=>0x0000029f62e87000 JavaThread "C2 CompilerThread0" daemon [_thread_in_native, id=9500, stack(0x000000e462400000,0x000000e462500000)]
  0x0000029f62e8c800 JavaThread "C1 CompilerThread0" daemon [_thread_blocked, id=7452, stack(0x000000e462500000,0x000000e462600000)]
  0x0000029f62e8f800 JavaThread "Sweeper thread" daemon [_thread_blocked, id=27696, stack(0x000000e462600000,0x000000e462700000)]
  0x0000029f62fdd000 JavaThread "Common-Cleaner" daemon [_thread_blocked, id=11876, stack(0x000000e462700000,0x000000e462800000)]
  0x0000029f62ff3000 JavaThread "Service Thread" daemon [_thread_blocked, id=17556, stack(0x000000e462800000,0x000000e462900000)]
  0x0000029f6435a800 JavaThread "Daemon health stats" [_thread_blocked, id=28088, stack(0x000000e462c00000,0x000000e462d00000)]
  0x0000029f64bff800 JavaThread "Incoming local TCP Connector on port 57292" [_thread_in_native, id=20780, stack(0x000000e462f00000,0x000000e463000000)]
  0x0000029f64fe8800 JavaThread "Daemon periodic checks" [_thread_blocked, id=23012, stack(0x000000e463000000,0x000000e463100000)]
  0x0000029f64567800 JavaThread "Daemon" [_thread_blocked, id=2112, stack(0x000000e463100000,0x000000e463200000)]
  0x0000029f6404d800 JavaThread "Handler for socket connection from /127.0.0.1:57292 to /127.0.0.1:57293" [_thread_in_native, id=28028, stack(0x000000e463200000,0x000000e463300000)]
  0x0000029f63d91000 JavaThread "Cancel handler" [_thread_blocked, id=8280, stack(0x000000e463300000,0x000000e463400000)]
  0x0000029f64369800 JavaThread "Daemon worker" [_thread_in_vm, id=26280, stack(0x000000e463400000,0x000000e463500000)]
  0x0000029f643f8000 JavaThread "Asynchronous log dispatcher for DefaultDaemonConnection: socket connection from /127.0.0.1:57292 to /127.0.0.1:57293" [_thread_blocked, id=20580, stack(0x000000e463500000,0x000000e463600000)]
  0x0000029f64c2e800 JavaThread "Stdin handler" [_thread_blocked, id=28244, stack(0x000000e463600000,0x000000e463700000)]
  0x0000029f64fde800 JavaThread "Thread-8" [_thread_blocked, id=20348, stack(0x000000e463700000,0x000000e463800000)]
  0x0000029f64f0d000 JavaThread "Cache worker for file hash cache (C:\Users\ACER\.gradle\caches\6.7.1\fileHashes)" [_thread_blocked, id=2728, stack(0x000000e463d00000,0x000000e463e00000)]
  0x0000029f64f10800 JavaThread "File lock request listener" [_thread_in_native, id=18964, stack(0x000000e463e00000,0x000000e463f00000)]
  0x0000029f64f0e000 JavaThread "Cache worker for journal cache (C:\Users\ACER\.gradle\caches\journal-1)" [_thread_blocked, id=28492, stack(0x000000e464000000,0x000000e464100000)]
  0x0000029f64f12000 JavaThread "Cache worker for file hash cache (C:\Users\ACER\AndroidStudioProjects\FoodDelivery\.gradle\6.7.1\fileHashes)" [_thread_blocked, id=17072, stack(0x000000e464100000,0x000000e464200000)]
  0x0000029f64f0e800 JavaThread "Cache worker for checksums cache (C:\Users\ACER\AndroidStudioProjects\FoodDelivery\.gradle\checksums)" [_thread_blocked, id=18748, stack(0x000000e464200000,0x000000e464300000)]
  0x0000029f64f0f800 JavaThread "Cache worker for cache directory md-supplier (C:\Users\ACER\.gradle\caches\6.7.1\md-supplier)" [_thread_blocked, id=15472, stack(0x000000e464300000,0x000000e464400000)]

Other Threads:
  0x0000029f62509000 VMThread "VM Thread" [stack: 0x000000e461f00000,0x000000e462000000] [id=12496]
  0x0000029f62fe0800 WatcherThread [stack: 0x000000e462900000,0x000000e462a00000] [id=21232]
  0x0000029f48235800 GCTaskThread "GC Thread#0" [stack: 0x000000e461a00000,0x000000e461b00000] [id=26832]
  0x0000029f63948000 GCTaskThread "GC Thread#1" [stack: 0x000000e462a00000,0x000000e462b00000] [id=8032]
  0x0000029f63a24000 GCTaskThread "GC Thread#2" [stack: 0x000000e462b00000,0x000000e462c00000] [id=27116]
  0x0000029f64f2c800 GCTaskThread "GC Thread#3" [stack: 0x000000e463800000,0x000000e463900000] [id=12756]
  0x0000029f65299800 GCTaskThread "GC Thread#4" [stack: 0x000000e463900000,0x000000e463a00000] [id=12304]
  0x0000029f64f74800 GCTaskThread "GC Thread#5" [stack: 0x000000e463a00000,0x000000e463b00000] [id=18520]
  0x0000029f64e08800 GCTaskThread "GC Thread#6" [stack: 0x000000e463b00000,0x000000e463c00000] [id=13488]
  0x0000029f64f6f800 GCTaskThread "GC Thread#7" [stack: 0x000000e463c00000,0x000000e463d00000] [id=18024]
  0x0000029f48264800 ConcurrentGCThread "G1 Main Marker" [stack: 0x000000e461b00000,0x000000e461c00000] [id=24684]
  0x0000029f48266800 ConcurrentGCThread "G1 Conc#0" [stack: 0x000000e461c00000,0x000000e461d00000] [id=10384]
  0x0000029f64c27000 ConcurrentGCThread "G1 Conc#1" [stack: 0x000000e463f00000,0x000000e464000000] [id=3244]
  0x0000029f482ee000 ConcurrentGCThread "G1 Refine#0" [stack: 0x000000e461d00000,0x000000e461e00000] [id=16152]
  0x0000029f62358800 ConcurrentGCThread "G1 Young RemSet Sampling" [stack: 0x000000e461e00000,0x000000e461f00000] [id=7112]

Threads with active compile tasks:
C2 CompilerThread0   2184 2322       4       java.net.URLClassLoader$1::run (5 bytes)

VM state:not at safepoint (normal execution)

VM Mutex/Monitor currently owned by a thread: None

Heap address: 0x0000000080000000, size: 2048 MB, Compressed Oops mode: 32-bit
Narrow klass base: 0x0000000000000000, Narrow klass shift: 3
Compressed class space size: 1073741824 Address: 0x0000000100000000

Heap:
 garbage-first heap   total 129024K, used 25910K [0x0000000080000000, 0x0000000100000000)
  region size 1024K, 12 young (12288K), 3 survivors (3072K)
 Metaspace       used 27031K, capacity 27739K, committed 27904K, reserved 1073152K
  class space    used 3554K, capacity 3820K, committed 3840K, reserved 1048576K
Heap Regions: E=young(eden), S=young(survivor), O=old, HS=humongous(starts), HC=humongous(continues), CS=collection set, F=free, A=archive, TAMS=top-at-mark-start (previous, next)
|   0|0x0000000080000000, 0x0000000080100000, 0x0000000080100000|100%| O|  |TAMS 0x0000000080100000, 0x0000000080000000| Untracked 
|   1|0x0000000080100000, 0x0000000080200000, 0x0000000080200000|100%| O|  |TAMS 0x0000000080200000, 0x0000000080100000| Untracked 
|   2|0x0000000080200000, 0x0000000080300000, 0x0000000080300000|100%| O|  |TAMS 0x0000000080300000, 0x0000000080200000| Untracked 
|   3|0x0000000080300000, 0x0000000080400000, 0x0000000080400000|100%|HS|  |TAMS 0x0000000080400000, 0x0000000080300000| Complete 
|   4|0x0000000080400000, 0x0000000080500000, 0x0000000080500000|100%|HC|  |TAMS 0x0000000080500000, 0x0000000080400000| Complete 
|   5|0x0000000080500000, 0x0000000080600000, 0x0000000080600000|100%|HC|  |TAMS 0x0000000080600000, 0x0000000080500000| Complete 
|   6|0x0000000080600000, 0x0000000080700000, 0x0000000080700000|100%| O|  |TAMS 0x0000000080700000, 0x0000000080600000| Untracked 
|   7|0x0000000080700000, 0x0000000080800000, 0x0000000080800000|100%| O|  |TAMS 0x0000000080800000, 0x0000000080700000| Untracked 
|   8|0x0000000080800000, 0x0000000080900000, 0x0000000080900000|100%| O|  |TAMS 0x0000000080900000, 0x0000000080800000| Untracked 
|   9|0x0000000080900000, 0x0000000080a00000, 0x0000000080a00000|100%| O|  |TAMS 0x0000000080a00000, 0x0000000080900000| Untracked 
|  10|0x0000000080a00000, 0x0000000080b00000, 0x0000000080b00000|100%| O|  |TAMS 0x0000000080b00000, 0x0000000080a00000| Untracked 
|  11|0x0000000080b00000, 0x0000000080c00000, 0x0000000080c00000|100%| O|  |TAMS 0x0000000080c00000, 0x0000000080b00000| Untracked 
|  12|0x0000000080c00000, 0x0000000080d00000, 0x0000000080d00000|100%| O|  |TAMS 0x0000000080d00000, 0x0000000080c00000| Untracked 
|  13|0x0000000080d00000, 0x0000000080e00000, 0x0000000080e00000|100%| O|  |TAMS 0x0000000080e00000, 0x0000000080d00000| Untracked 
|  14|0x0000000080e00000, 0x0000000080ee7800, 0x0000000080f00000| 90%| O|  |TAMS 0x0000000080ee7800, 0x0000000080e00000| Untracked 
|  15|0x0000000080f00000, 0x0000000080f00000, 0x0000000081000000|  0%| F|  |TAMS 0x0000000080f00000, 0x0000000080f00000| Untracked 
|  16|0x0000000081000000, 0x0000000081000000, 0x0000000081100000|  0%| F|  |TAMS 0x0000000081000000, 0x0000000081000000| Untracked 
|  17|0x0000000081100000, 0x0000000081100000, 0x0000000081200000|  0%| F|  |TAMS 0x0000000081100000, 0x0000000081100000| Untracked 
|  18|0x0000000081200000, 0x0000000081200000, 0x0000000081300000|  0%| F|  |TAMS 0x0000000081200000, 0x0000000081200000| Untracked 
|  19|0x0000000081300000, 0x0000000081300000, 0x0000000081400000|  0%| F|  |TAMS 0x0000000081300000, 0x0000000081300000| Untracked 
|  20|0x0000000081400000, 0x0000000081400000, 0x0000000081500000|  0%| F|  |TAMS 0x0000000081400000, 0x0000000081400000| Untracked 
|  21|0x0000000081500000, 0x0000000081500000, 0x0000000081600000|  0%| F|  |TAMS 0x0000000081500000, 0x0000000081500000| Untracked 
|  22|0x0000000081600000, 0x0000000081600000, 0x0000000081700000|  0%| F|  |TAMS 0x0000000081600000, 0x0000000081600000| Untracked 
|  23|0x0000000081700000, 0x0000000081700000, 0x0000000081800000|  0%| F|  |TAMS 0x0000000081700000, 0x0000000081700000| Untracked 
|  24|0x0000000081800000, 0x0000000081800000, 0x0000000081900000|  0%| F|  |TAMS 0x0000000081800000, 0x0000000081800000| Untracked 
|  25|0x0000000081900000, 0x0000000081900000, 0x0000000081a00000|  0%| F|  |TAMS 0x0000000081900000, 0x0000000081900000| Untracked 
|  26|0x0000000081a00000, 0x0000000081a00000, 0x0000000081b00000|  0%| F|  |TAMS 0x0000000081a00000, 0x0000000081a00000| Untracked 
|  27|0x0000000081b00000, 0x0000000081b00000, 0x0000000081c00000|  0%| F|  |TAMS 0x0000000081b00000, 0x0000000081b00000| Untracked 
|  28|0x0000000081c00000, 0x0000000081c00000, 0x0000000081d00000|  0%| F|  |TAMS 0x0000000081c00000, 0x0000000081c00000| Untracked 
|  29|0x0000000081d00000, 0x0000000081d00000, 0x0000000081e00000|  0%| F|  |TAMS 0x0000000081d00000, 0x0000000081d00000| Untracked 
|  30|0x0000000081e00000, 0x0000000081e00000, 0x0000000081f00000|  0%| F|  |TAMS 0x0000000081e00000, 0x0000000081e00000| Untracked 
|  31|0x0000000081f00000, 0x0000000081f00000, 0x0000000082000000|  0%| F|  |TAMS 0x0000000081f00000, 0x0000000081f00000| Untracked 
|  32|0x0000000082000000, 0x0000000082000000, 0x0000000082100000|  0%| F|  |TAMS 0x0000000082000000, 0x0000000082000000| Untracked 
|  33|0x0000000082100000, 0x0000000082100000, 0x0000000082200000|  0%| F|  |TAMS 0x0000000082100000, 0x0000000082100000| Untracked 
|  34|0x0000000082200000, 0x0000000082200000, 0x0000000082300000|  0%| F|  |TAMS 0x0000000082200000, 0x0000000082200000| Untracked 
|  35|0x0000000082300000, 0x0000000082300000, 0x0000000082400000|  0%| F|  |TAMS 0x0000000082300000, 0x0000000082300000| Untracked 
|  36|0x0000000082400000, 0x0000000082400000, 0x0000000082500000|  0%| F|  |TAMS 0x0000000082400000, 0x0000000082400000| Untracked 
|  37|0x0000000082500000, 0x0000000082500000, 0x0000000082600000|  0%| F|  |TAMS 0x0000000082500000, 0x0000000082500000| Untracked 
|  38|0x0000000082600000, 0x0000000082600000, 0x0000000082700000|  0%| F|  |TAMS 0x0000000082600000, 0x0000000082600000| Untracked 
|  39|0x0000000082700000, 0x0000000082700000, 0x0000000082800000|  0%| F|  |TAMS 0x0000000082700000, 0x0000000082700000| Untracked 
|  40|0x0000000082800000, 0x0000000082800000, 0x0000000082900000|  0%| F|  |TAMS 0x0000000082800000, 0x0000000082800000| Untracked 
|  41|0x0000000082900000, 0x0000000082900000, 0x0000000082a00000|  0%| F|  |TAMS 0x0000000082900000, 0x0000000082900000| Untracked 
|  42|0x0000000082a00000, 0x0000000082a00000, 0x0000000082b00000|  0%| F|  |TAMS 0x0000000082a00000, 0x0000000082a00000| Untracked 
|  43|0x0000000082b00000, 0x0000000082b00000, 0x0000000082c00000|  0%| F|  |TAMS 0x0000000082b00000, 0x0000000082b00000| Untracked 
|  44|0x0000000082c00000, 0x0000000082c00000, 0x0000000082d00000|  0%| F|  |TAMS 0x0000000082c00000, 0x0000000082c00000| Untracked 
|  45|0x0000000082d00000, 0x0000000082d00000, 0x0000000082e00000|  0%| F|  |TAMS 0x0000000082d00000, 0x0000000082d00000| Untracked 
|  46|0x0000000082e00000, 0x0000000082e00000, 0x0000000082f00000|  0%| F|  |TAMS 0x0000000082e00000, 0x0000000082e00000| Untracked 
|  47|0x0000000082f00000, 0x0000000082f00000, 0x0000000083000000|  0%| F|  |TAMS 0x0000000082f00000, 0x0000000082f00000| Untracked 
|  48|0x0000000083000000, 0x0000000083000000, 0x0000000083100000|  0%| F|  |TAMS 0x0000000083000000, 0x0000000083000000| Untracked 
|  49|0x0000000083100000, 0x0000000083100000, 0x0000000083200000|  0%| F|  |TAMS 0x0000000083100000, 0x0000000083100000| Untracked 
|  50|0x0000000083200000, 0x0000000083200000, 0x0000000083300000|  0%| F|  |TAMS 0x0000000083200000, 0x0000000083200000| Untracked 
|  51|0x0000000083300000, 0x0000000083300000, 0x0000000083400000|  0%| F|  |TAMS 0x0000000083300000, 0x0000000083300000| Untracked 
|  52|0x0000000083400000, 0x0000000083400000, 0x0000000083500000|  0%| F|  |TAMS 0x0000000083400000, 0x0000000083400000| Untracked 
|  53|0x0000000083500000, 0x0000000083500000, 0x0000000083600000|  0%| F|  |TAMS 0x0000000083500000, 0x0000000083500000| Untracked 
|  54|0x0000000083600000, 0x0000000083600000, 0x0000000083700000|  0%| F|  |TAMS 0x0000000083600000, 0x0000000083600000| Untracked 
|  55|0x0000000083700000, 0x0000000083700000, 0x0000000083800000|  0%| F|  |TAMS 0x0000000083700000, 0x0000000083700000| Untracked 
|  56|0x0000000083800000, 0x0000000083800000, 0x0000000083900000|  0%| F|  |TAMS 0x0000000083800000, 0x0000000083800000| Untracked 
|  57|0x0000000083900000, 0x0000000083900000, 0x0000000083a00000|  0%| F|  |TAMS 0x0000000083900000, 0x0000000083900000| Untracked 
|  58|0x0000000083a00000, 0x0000000083a00000, 0x0000000083b00000|  0%| F|  |TAMS 0x0000000083a00000, 0x0000000083a00000| Untracked 
|  59|0x0000000083b00000, 0x0000000083b00000, 0x0000000083c00000|  0%| F|  |TAMS 0x0000000083b00000, 0x0000000083b00000| Untracked 
|  60|0x0000000083c00000, 0x0000000083c00000, 0x0000000083d00000|  0%| F|  |TAMS 0x0000000083c00000, 0x0000000083c00000| Untracked 
|  61|0x0000000083d00000, 0x0000000083d00000, 0x0000000083e00000|  0%| F|  |TAMS 0x0000000083d00000, 0x0000000083d00000| Untracked 
|  62|0x0000000083e00000, 0x0000000083e00000, 0x0000000083f00000|  0%| F|  |TAMS 0x0000000083e00000, 0x0000000083e00000| Untracked 
|  63|0x0000000083f00000, 0x0000000083f00000, 0x0000000084000000|  0%| F|  |TAMS 0x0000000083f00000, 0x0000000083f00000| Untracked 
|  64|0x0000000084000000, 0x0000000084000000, 0x0000000084100000|  0%| F|  |TAMS 0x0000000084000000, 0x0000000084000000| Untracked 
|  65|0x0000000084100000, 0x0000000084100000, 0x0000000084200000|  0%| F|  |TAMS 0x0000000084100000, 0x0000000084100000| Untracked 
|  66|0x0000000084200000, 0x0000000084200000, 0x0000000084300000|  0%| F|  |TAMS 0x0000000084200000, 0x0000000084200000| Untracked 
|  67|0x0000000084300000, 0x0000000084300000, 0x0000000084400000|  0%| F|  |TAMS 0x0000000084300000, 0x0000000084300000| Untracked 
|  68|0x0000000084400000, 0x0000000084400000, 0x0000000084500000|  0%| F|  |TAMS 0x0000000084400000, 0x0000000084400000| Untracked 
|  69|0x0000000084500000, 0x0000000084500000, 0x0000000084600000|  0%| F|  |TAMS 0x0000000084500000, 0x0000000084500000| Untracked 
|  70|0x0000000084600000, 0x0000000084600000, 0x0000000084700000|  0%| F|  |TAMS 0x0000000084600000, 0x0000000084600000| Untracked 
|  71|0x0000000084700000, 0x0000000084700000, 0x0000000084800000|  0%| F|  |TAMS 0x0000000084700000, 0x0000000084700000| Untracked 
|  72|0x0000000084800000, 0x0000000084866290, 0x0000000084900000| 39%| S|CS|TAMS 0x0000000084800000, 0x0000000084800000| Complete 
|  73|0x0000000084900000, 0x0000000084a00000, 0x0000000084a00000|100%| S|CS|TAMS 0x0000000084900000, 0x0000000084900000| Complete 
|  74|0x0000000084a00000, 0x0000000084b00000, 0x0000000084b00000|100%| S|CS|TAMS 0x0000000084a00000, 0x0000000084a00000| Complete 
|  75|0x0000000084b00000, 0x0000000084b00000, 0x0000000084c00000|  0%| F|  |TAMS 0x0000000084b00000, 0x0000000084b00000| Untracked 
|  76|0x0000000084c00000, 0x0000000084c00000, 0x0000000084d00000|  0%| F|  |TAMS 0x0000000084c00000, 0x0000000084c00000| Untracked 
|  77|0x0000000084d00000, 0x0000000084d00000, 0x0000000084e00000|  0%| F|  |TAMS 0x0000000084d00000, 0x0000000084d00000| Untracked 
|  78|0x0000000084e00000, 0x0000000084e00000, 0x0000000084f00000|  0%| F|  |TAMS 0x0000000084e00000, 0x0000000084e00000| Untracked 
|  79|0x0000000084f00000, 0x0000000084f00000, 0x0000000085000000|  0%| F|  |TAMS 0x0000000084f00000, 0x0000000084f00000| Untracked 
|  80|0x0000000085000000, 0x0000000085000000, 0x0000000085100000|  0%| F|  |TAMS 0x0000000085000000, 0x0000000085000000| Untracked 
|  81|0x0000000085100000, 0x0000000085100000, 0x0000000085200000|  0%| F|  |TAMS 0x0000000085100000, 0x0000000085100000| Untracked 
|  82|0x0000000085200000, 0x0000000085200000, 0x0000000085300000|  0%| F|  |TAMS 0x0000000085200000, 0x0000000085200000| Untracked 
|  83|0x0000000085300000, 0x0000000085300000, 0x0000000085400000|  0%| F|  |TAMS 0x0000000085300000, 0x0000000085300000| Untracked 
|  84|0x0000000085400000, 0x0000000085400000, 0x0000000085500000|  0%| F|  |TAMS 0x0000000085400000, 0x0000000085400000| Untracked 
|  85|0x0000000085500000, 0x0000000085500000, 0x0000000085600000|  0%| F|  |TAMS 0x0000000085500000, 0x0000000085500000| Untracked 
|  86|0x0000000085600000, 0x0000000085600000, 0x0000000085700000|  0%| F|  |TAMS 0x0000000085600000, 0x0000000085600000| Untracked 
|  87|0x0000000085700000, 0x0000000085700000, 0x0000000085800000|  0%| F|  |TAMS 0x0000000085700000, 0x0000000085700000| Untracked 
|  88|0x0000000085800000, 0x0000000085800000, 0x0000000085900000|  0%| F|  |TAMS 0x0000000085800000, 0x0000000085800000| Untracked 
|  89|0x0000000085900000, 0x0000000085900000, 0x0000000085a00000|  0%| F|  |TAMS 0x0000000085900000, 0x0000000085900000| Untracked 
|  90|0x0000000085a00000, 0x0000000085a00000, 0x0000000085b00000|  0%| F|  |TAMS 0x0000000085a00000, 0x0000000085a00000| Untracked 
|  91|0x0000000085b00000, 0x0000000085b00000, 0x0000000085c00000|  0%| F|  |TAMS 0x0000000085b00000, 0x0000000085b00000| Untracked 
|  92|0x0000000085c00000, 0x0000000085c00000, 0x0000000085d00000|  0%| F|  |TAMS 0x0000000085c00000, 0x0000000085c00000| Untracked 
|  93|0x0000000085d00000, 0x0000000085d00000, 0x0000000085e00000|  0%| F|  |TAMS 0x0000000085d00000, 0x0000000085d00000| Untracked 
|  94|0x0000000085e00000, 0x0000000085e00000, 0x0000000085f00000|  0%| F|  |TAMS 0x0000000085e00000, 0x0000000085e00000| Untracked 
|  95|0x0000000085f00000, 0x0000000085f00000, 0x0000000086000000|  0%| F|  |TAMS 0x0000000085f00000, 0x0000000085f00000| Untracked 
|  96|0x0000000086000000, 0x0000000086000000, 0x0000000086100000|  0%| F|  |TAMS 0x0000000086000000, 0x0000000086000000| Untracked 
|  97|0x0000000086100000, 0x0000000086100000, 0x0000000086200000|  0%| F|  |TAMS 0x0000000086100000, 0x0000000086100000| Untracked 
|  98|0x0000000086200000, 0x0000000086200000, 0x0000000086300000|  0%| F|  |TAMS 0x0000000086200000, 0x0000000086200000| Untracked 
|  99|0x0000000086300000, 0x0000000086300000, 0x0000000086400000|  0%| F|  |TAMS 0x0000000086300000, 0x0000000086300000| Untracked 
| 100|0x0000000086400000, 0x0000000086400000, 0x0000000086500000|  0%| F|  |TAMS 0x0000000086400000, 0x0000000086400000| Untracked 
| 101|0x0000000086500000, 0x0000000086500000, 0x0000000086600000|  0%| F|  |TAMS 0x0000000086500000, 0x0000000086500000| Untracked 
| 102|0x0000000086600000, 0x0000000086600000, 0x0000000086700000|  0%| F|  |TAMS 0x0000000086600000, 0x0000000086600000| Untracked 
| 103|0x0000000086700000, 0x0000000086700000, 0x0000000086800000|  0%| F|  |TAMS 0x0000000086700000, 0x0000000086700000| Untracked 
| 104|0x0000000086800000, 0x0000000086800000, 0x0000000086900000|  0%| F|  |TAMS 0x0000000086800000, 0x0000000086800000| Untracked 
| 105|0x0000000086900000, 0x0000000086900000, 0x0000000086a00000|  0%| F|  |TAMS 0x0000000086900000, 0x0000000086900000| Untracked 
| 106|0x0000000086a00000, 0x0000000086a00000, 0x0000000086b00000|  0%| F|  |TAMS 0x0000000086a00000, 0x0000000086a00000| Untracked 
| 107|0x0000000086b00000, 0x0000000086b00000, 0x0000000086c00000|  0%| F|  |TAMS 0x0000000086b00000, 0x0000000086b00000| Untracked 
| 108|0x0000000086c00000, 0x0000000086c00000, 0x0000000086d00000|  0%| F|  |TAMS 0x0000000086c00000, 0x0000000086c00000| Untracked 
| 109|0x0000000086d00000, 0x0000000086d00000, 0x0000000086e00000|  0%| F|  |TAMS 0x0000000086d00000, 0x0000000086d00000| Untracked 
| 110|0x0000000086e00000, 0x0000000086e00000, 0x0000000086f00000|  0%| F|  |TAMS 0x0000000086e00000, 0x0000000086e00000| Untracked 
| 111|0x0000000086f00000, 0x0000000086f00000, 0x0000000087000000|  0%| F|  |TAMS 0x0000000086f00000, 0x0000000086f00000| Untracked 
| 112|0x0000000087000000, 0x0000000087000000, 0x0000000087100000|  0%| F|  |TAMS 0x0000000087000000, 0x0000000087000000| Untracked 
| 113|0x0000000087100000, 0x0000000087100000, 0x0000000087200000|  0%| F|  |TAMS 0x0000000087100000, 0x0000000087100000| Untracked 
| 114|0x0000000087200000, 0x0000000087200000, 0x0000000087300000|  0%| F|  |TAMS 0x0000000087200000, 0x0000000087200000| Untracked 
| 115|0x0000000087300000, 0x0000000087300000, 0x0000000087400000|  0%| F|  |TAMS 0x0000000087300000, 0x0000000087300000| Untracked 
| 116|0x0000000087400000, 0x0000000087400000, 0x0000000087500000|  0%| F|  |TAMS 0x0000000087400000, 0x0000000087400000| Untracked 
| 117|0x0000000087500000, 0x0000000087600000, 0x0000000087600000|100%| E|  |TAMS 0x0000000087500000, 0x0000000087500000| Complete 
| 118|0x0000000087600000, 0x0000000087700000, 0x0000000087700000|100%| E|CS|TAMS 0x0000000087600000, 0x0000000087600000| Complete 
| 119|0x0000000087700000, 0x0000000087800000, 0x0000000087800000|100%| E|CS|TAMS 0x0000000087700000, 0x0000000087700000| Complete 
| 120|0x0000000087800000, 0x0000000087900000, 0x0000000087900000|100%| E|CS|TAMS 0x0000000087800000, 0x0000000087800000| Complete 
| 121|0x0000000087900000, 0x0000000087a00000, 0x0000000087a00000|100%| E|CS|TAMS 0x0000000087900000, 0x0000000087900000| Complete 
| 122|0x0000000087a00000, 0x0000000087b00000, 0x0000000087b00000|100%| E|CS|TAMS 0x0000000087a00000, 0x0000000087a00000| Complete 
| 123|0x0000000087b00000, 0x0000000087c00000, 0x0000000087c00000|100%| E|CS|TAMS 0x0000000087b00000, 0x0000000087b00000| Complete 
| 124|0x0000000087c00000, 0x0000000087d00000, 0x0000000087d00000|100%| E|CS|TAMS 0x0000000087c00000, 0x0000000087c00000| Complete 
| 125|0x0000000087d00000, 0x0000000087e00000, 0x0000000087e00000|100%| E|CS|TAMS 0x0000000087d00000, 0x0000000087d00000| Complete 

Card table byte_map: [0x0000029f5b2c0000,0x0000029f5b6c0000] _byte_map_base: 0x0000029f5aec0000

Marking Bits (Prev, Next): (CMBitMap*) 0x0000029f4825b8a0, (CMBitMap*) 0x0000029f4825b868
 Prev Bits: [0x0000029f5dac0000, 0x0000029f5fac0000)
 Next Bits: [0x0000029f5bac0000, 0x0000029f5dac0000)

Polling page: 0x0000029f479f0000

Metaspace:

Usage:
  Non-class:     23.42 MB capacity,    23.01 MB ( 98%) used,   368.12 KB (  2%) free+waste,    51.06 KB ( <1%) overhead. 
      Class:      3.73 MB capacity,     3.49 MB ( 94%) used,   222.44 KB (  6%) free+waste,    25.56 KB ( <1%) overhead. 
       Both:     27.15 MB capacity,    26.50 MB ( 98%) used,   590.55 KB (  2%) free+waste,    76.63 KB ( <1%) overhead. 

Virtual space:
  Non-class space:       24.00 MB reserved,      23.50 MB ( 98%) committed 
      Class space:        1.00 GB reserved,       3.75 MB ( <1%) committed 
             Both:        1.02 GB reserved,      27.25 MB (  3%) committed 

Chunk freelists:
   Non-Class:  17.00 KB
       Class:  20.00 KB
        Both:  37.00 KB

MaxMetaspaceSize: 17179869184.00 GB
CompressedClassSpaceSize: 1.00 GB

CodeHeap 'non-profiled nmethods': size=120000Kb used=877Kb max_used=877Kb free=119122Kb
 bounds [0x0000029f53660000, 0x0000029f538d0000, 0x0000029f5ab90000]
CodeHeap 'profiled nmethods': size=120000Kb used=4462Kb max_used=4462Kb free=115538Kb
 bounds [0x0000029f4c130000, 0x0000029f4c590000, 0x0000029f53660000]
CodeHeap 'non-nmethods': size=5760Kb used=1143Kb max_used=1175Kb free=4616Kb
 bounds [0x0000029f4bb90000, 0x0000029f4be00000, 0x0000029f4c130000]
 total_blobs=2613 nmethods=2128 adapters=396
 compilation: enabled
              stopped_count=0, restarted_count=0
 full_count=0

Compilation events (20 events):
Event: 2.140 Thread 0x0000029f62e8c800 nmethod 2312 0x0000029f4c57a010 code [0x0000029f4c57a1c0, 0x0000029f4c57a2c8]
Event: 2.140 Thread 0x0000029f62e8c800 2313       3       java.lang.invoke.MethodHandles$Lookup::in (168 bytes)
Event: 2.140 Thread 0x0000029f62e8c800 nmethod 2313 0x0000029f4c57a390 code [0x0000029f4c57a700, 0x0000029f4c57bca8]
Event: 2.142 Thread 0x0000029f62e8c800 2315   !   3       java.lang.invoke.LambdaForm::compileToBytecode (162 bytes)
Event: 2.143 Thread 0x0000029f62e8c800 nmethod 2315 0x0000029f4c57c390 code [0x0000029f4c57c760, 0x0000029f4c57ddd8]
Event: 2.143 Thread 0x0000029f62e8c800 2317       3       jdk.internal.org.objectweb.asm.ClassWriter::<init> (117 bytes)
Event: 2.143 Thread 0x0000029f62e8c800 nmethod 2317 0x0000029f4c57ea90 code [0x0000029f4c57ed20, 0x0000029f4c57f948]
Event: 2.143 Thread 0x0000029f62e8c800 2318       3       jdk.internal.org.objectweb.asm.ClassVisitor::<init> (7 bytes)
Event: 2.143 Thread 0x0000029f62e8c800 nmethod 2318 0x0000029f4c57fc10 code [0x0000029f4c57fde0, 0x0000029f4c580108]
Event: 2.149 Thread 0x0000029f62e8c800 2320       3       java.lang.invoke.Invokers$Holder::linkToTargetMethod (10 bytes)
Event: 2.150 Thread 0x0000029f62e8c800 nmethod 2320 0x0000029f4c580210 code [0x0000029f4c5803e0, 0x0000029f4c5807f8]
Event: 2.150 Thread 0x0000029f62e8c800 2321       3       java.util.concurrent.ConcurrentHashMap::<init> (5 bytes)
Event: 2.150 Thread 0x0000029f62e8c800 nmethod 2321 0x0000029f4c580910 code [0x0000029f4c580ac0, 0x0000029f4c580c78]
Event: 2.150 Thread 0x0000029f62e87000 2322       4       java.net.URLClassLoader$1::run (5 bytes)
Event: 2.152 Thread 0x0000029f62e8c800 2324       3       java.lang.invoke.LambdaForm::methodType (48 bytes)
Event: 2.152 Thread 0x0000029f62e8c800 nmethod 2324 0x0000029f4c580d90 code [0x0000029f4c580fa0, 0x0000029f4c581558]
Event: 2.154 Thread 0x0000029f62e8c800 2325       3       java.lang.Class::getInterfaces (6 bytes)
Event: 2.154 Thread 0x0000029f62e8c800 nmethod 2325 0x0000029f4c581810 code [0x0000029f4c5819c0, 0x0000029f4c581ae8]
Event: 2.154 Thread 0x0000029f62e8c800 2326       1       org.gradle.internal.event.DefaultListenerManager::access$100 (5 bytes)
Event: 2.154 Thread 0x0000029f62e8c800 nmethod 2326 0x0000029f5373a590 code [0x0000029f5373a740, 0x0000029f5373a7d8]

GC Heap History (8 events):
Event: 0.548 GC heap before
{Heap before GC invocations=0 (full 0):
 garbage-first heap   total 129024K, used 29696K [0x0000000080000000, 0x0000000100000000)
  region size 1024K, 24 young (24576K), 0 survivors (0K)
 Metaspace       used 10389K, capacity 10640K, committed 11008K, reserved 1058816K
  class space    used 1098K, capacity 1164K, committed 1280K, reserved 1048576K
}
Event: 0.551 GC heap after
{Heap after GC invocations=1 (full 0):
 garbage-first heap   total 129024K, used 8744K [0x0000000080000000, 0x0000000100000000)
  region size 1024K, 3 young (3072K), 3 survivors (3072K)
 Metaspace       used 10389K, capacity 10640K, committed 11008K, reserved 1058816K
  class space    used 1098K, capacity 1164K, committed 1280K, reserved 1048576K
}
Event: 1.575 GC heap before
{Heap before GC invocations=1 (full 0):
 garbage-first heap   total 129024K, used 81448K [0x0000000080000000, 0x0000000100000000)
  region size 1024K, 75 young (76800K), 3 survivors (3072K)
 Metaspace       used 18901K, capacity 19336K, committed 19456K, reserved 1067008K
  class space    used 2278K, capacity 2456K, committed 2560K, reserved 1048576K
}
Event: 1.581 GC heap after
{Heap after GC invocations=2 (full 0):
 garbage-first heap   total 129024K, used 15623K [0x0000000080000000, 0x0000000100000000)
  region size 1024K, 10 young (10240K), 10 survivors (10240K)
 Metaspace       used 18901K, capacity 19336K, committed 19456K, reserved 1067008K
  class space    used 2278K, capacity 2456K, committed 2560K, reserved 1048576K
}
Event: 1.686 GC heap before
{Heap before GC invocations=2 (full 0):
 garbage-first heap   total 129024K, used 27911K [0x0000000080000000, 0x0000000100000000)
  region size 1024K, 23 young (23552K), 10 survivors (10240K)
 Metaspace       used 20633K, capacity 21105K, committed 21248K, reserved 1067008K
  class space    used 2527K, capacity 2710K, committed 2816K, reserved 1048576K
}
Event: 1.691 GC heap after
{Heap after GC invocations=3 (full 0):
 garbage-first heap   total 129024K, used 15978K [0x0000000080000000, 0x0000000100000000)
  region size 1024K, 1 young (1024K), 1 survivors (1024K)
 Metaspace       used 20633K, capacity 21105K, committed 21248K, reserved 1067008K
  class space    used 2527K, capacity 2710K, committed 2816K, reserved 1048576K
}
Event: 2.124 GC heap before
{Heap before GC invocations=4 (full 0):
 garbage-first heap   total 129024K, used 67178K [0x0000000080000000, 0x0000000100000000)
  region size 1024K, 51 young (52224K), 1 survivors (1024K)
 Metaspace       used 26329K, capacity 26959K, committed 27008K, reserved 1073152K
  class space    used 3446K, capacity 3664K, committed 3712K, reserved 1048576K
}
Event: 2.127 GC heap after
{Heap after GC invocations=5 (full 0):
 garbage-first heap   total 129024K, used 17718K [0x0000000080000000, 0x0000000100000000)
  region size 1024K, 3 young (3072K), 3 survivors (3072K)
 Metaspace       used 26329K, capacity 26959K, committed 27008K, reserved 1073152K
  class space    used 3446K, capacity 3664K, committed 3712K, reserved 1048576K
}

Deoptimization events (20 events):
Event: 2.020 Thread 0x0000029f64369800 Uncommon trap: trap_request=0xffffff7e fr.pc=0x0000029f5372d030 relative=0x0000000000000150
Event: 2.020 Thread 0x0000029f64369800 Uncommon trap: reason=predicate action=maybe_recompile pc=0x0000029f5372d030 method=com.google.common.base.CharMatcher.indexIn(Ljava/lang/CharSequence;I)I @ 19 c2
Event: 2.020 Thread 0x0000029f64369800 DEOPT PACKING pc=0x0000029f5372d030 sp=0x000000e4634fbec0
Event: 2.020 Thread 0x0000029f64369800 DEOPT UNPACKING pc=0x0000029f4bbb74af sp=0x000000e4634fbe50 mode 2
Event: 2.035 Thread 0x0000029f64369800 Uncommon trap: trap_request=0xffffffde fr.pc=0x0000029f53715528 relative=0x00000000000002e8
Event: 2.035 Thread 0x0000029f64369800 Uncommon trap: reason=class_check action=maybe_recompile pc=0x0000029f53715528 method=java.util.Collections$SetFromMap.remove(Ljava/lang/Object;)Z @ 5 c2
Event: 2.035 Thread 0x0000029f64369800 DEOPT PACKING pc=0x0000029f53715528 sp=0x000000e4634fc8f0
Event: 2.035 Thread 0x0000029f64369800 DEOPT UNPACKING pc=0x0000029f4bbb74af sp=0x000000e4634fc8e8 mode 2
Event: 2.035 Thread 0x0000029f64369800 Uncommon trap: trap_request=0xffffffde fr.pc=0x0000029f53715528 relative=0x00000000000002e8
Event: 2.035 Thread 0x0000029f64369800 Uncommon trap: reason=class_check action=maybe_recompile pc=0x0000029f53715528 method=java.util.Collections$SetFromMap.remove(Ljava/lang/Object;)Z @ 5 c2
Event: 2.035 Thread 0x0000029f64369800 DEOPT PACKING pc=0x0000029f53715528 sp=0x000000e4634fc870
Event: 2.035 Thread 0x0000029f64369800 DEOPT UNPACKING pc=0x0000029f4bbb74af sp=0x000000e4634fc868 mode 2
Event: 2.065 Thread 0x0000029f64369800 Uncommon trap: trap_request=0xffffff4d fr.pc=0x0000029f53698cc8 relative=0x0000000000000468
Event: 2.065 Thread 0x0000029f64369800 Uncommon trap: reason=unstable_if action=reinterpret pc=0x0000029f53698cc8 method=java.util.Properties$LineReader.readLine()I @ 249 c2
Event: 2.065 Thread 0x0000029f64369800 DEOPT PACKING pc=0x0000029f53698cc8 sp=0x000000e4634fbcd0
Event: 2.065 Thread 0x0000029f64369800 DEOPT UNPACKING pc=0x0000029f4bbb74af sp=0x000000e4634fbc60 mode 2
Event: 2.100 Thread 0x0000029f64369800 Uncommon trap: trap_request=0xffffff4d fr.pc=0x0000029f5373714c relative=0x000000000000020c
Event: 2.100 Thread 0x0000029f64369800 Uncommon trap: reason=unstable_if action=reinterpret pc=0x0000029f5373714c method=java.util.HashMap.hash(Ljava/lang/Object;)I @ 1 c2
Event: 2.100 Thread 0x0000029f64369800 DEOPT PACKING pc=0x0000029f5373714c sp=0x000000e4634f87b0
Event: 2.100 Thread 0x0000029f64369800 DEOPT UNPACKING pc=0x0000029f4bbb74af sp=0x000000e4634f86e8 mode 2

Classes redefined (0 events):
No events

Internal exceptions (20 events):
Event: 1.678 Thread 0x0000029f64369800 Exception <a 'java/lang/IncompatibleClassChangeError'{0x000000008725bd68}: Found class java.lang.Object, but interface was expected> (0x000000008725bd68) thrown at [./src/hotspot/share/interpreter/linkResolver.cpp, line 839]
Event: 1.722 Thread 0x0000029f64369800 Exception <a 'java/lang/NoSuchMethodError'{0x0000000087ad0028}: 'void java.lang.invoke.DirectMethodHandle$Holder.invokeSpecial(java.lang.Object, java.lang.Object)'> (0x0000000087ad0028) thrown at [./src/hotspot/share/interpreter/linkResolver.cpp, line 773]
Event: 1.775 Thread 0x0000029f64369800 Exception <a 'java/lang/NoSuchMethodError'{0x0000000086f81648}: 'java.lang.Object java.lang.invoke.DirectMethodHandle$Holder.invokeVirtual(java.lang.Object, java.lang.Object, java.lang.Object, java.lang.Object)'> (0x0000000086f81648) thrown at [./src/hotspot/share/interpreter/linkResolver.cpp, line 773]
Event: 1.880 Thread 0x0000029f64369800 Exception <a 'java/lang/NoSuchMethodError'{0x0000000086209620}: 'void java.lang.invoke.DirectMethodHandle$Holder.invokeSpecial(java.lang.Object, java.lang.Object, java.lang.Object, java.lang.Object, java.lang.Object, java.lang.Object)'> (0x0000000086209620) thrown at [./src/hotspot/share/interpreter/linkResolver.cpp, line 773]
Event: 1.900 Thread 0x0000029f64369800 Exception <a 'java/lang/NoSuchMethodError'{0x00000000861b2c60}: 'java.lang.Object java.lang.invoke.Invokers$Holder.invoker(java.lang.Object, java.lang.Object, java.lang.Object)'> (0x00000000861b2c60) thrown at [./src/hotspot/share/interpreter/linkResolver.cpp, line 773]
Event: 1.913 Thread 0x0000029f64369800 Exception <a 'java/lang/NoSuchMethodError'{0x00000000860dc700}: 'void java.lang.invoke.DirectMethodHandle$Holder.invokeSpecial(java.lang.Object, java.lang.Object, java.lang.Object, java.lang.Object, java.lang.Object, java.lang.Object, java.lang.Object)'> (0x00000000860dc700) thrown at [./src/hotspot/share/interpreter/linkResolver.cpp, line 773]
Event: 1.914 Thread 0x0000029f64369800 Exception <a 'java/lang/NoSuchMethodError'{0x00000000860e4948}: 'java.lang.Object java.lang.invoke.Invokers$Holder.linkToTargetMethod(java.lang.Object, java.lang.Object, java.lang.Object, java.lang.Object, java.lang.Object, java.lang.Object)'> (0x00000000860e4948) thrown at [./src/hotspot/share/interpreter/linkResolver.cpp, line 773]
Event: 1.926 Thread 0x0000029f64369800 Exception <a 'java/lang/NoSuchMethodError'{0x0000000085e082f0}: 'java.lang.Object java.lang.invoke.DirectMethodHandle$Holder.invokeVirtual(java.lang.Object, java.lang.Object, java.lang.Object, java.lang.Object, java.lang.Object, java.lang.Object, java.lang.Object, java.lang.Object, java.lang.Object, java.lang.Object, java.lang.Object, java.lang.Object, java.lang.Object, java.lang.Object, java.lang.Object, java.lang.Object, java.lang.Object)'> (0x0000000085e082f0) thrown at [./src/hotspot/share/interpreter/
Event: 1.927 Thread 0x0000029f64369800 Exception <a 'java/lang/NoSuchMethodError'{0x0000000085e38910}: 'java.lang.Object java.lang.invoke.DirectMethodHandle$Holder.invokeSpecial(java.lang.Object, java.lang.Object, java.lang.Object, java.lang.Object, java.lang.Object, java.lang.Object, java.lang.Object, java.lang.Object, java.lang.Object)'> (0x0000000085e38910) thrown at [./src/hotspot/share/interpreter/linkResolver.cpp, line 773]
Event: 2.031 Thread 0x0000029f64369800 Exception <a 'java/lang/NoSuchMethodError'{0x000000008558fc40}: 'java.lang.Object java.lang.invoke.DirectMethodHandle$Holder.invokeStatic(java.lang.Object, java.lang.Object, java.lang.Object, int, java.lang.Object, java.lang.Object)'> (0x000000008558fc40) thrown at [./src/hotspot/share/interpreter/linkResolver.cpp, line 773]
Event: 2.032 Thread 0x0000029f64369800 Exception <a 'java/lang/NoSuchMethodError'{0x0000000085596fa8}: 'java.lang.Object java.lang.invoke.Invokers$Holder.linkToTargetMethod(java.lang.Object, java.lang.Object, int, java.lang.Object, java.lang.Object, java.lang.Object)'> (0x0000000085596fa8) thrown at [./src/hotspot/share/interpreter/linkResolver.cpp, line 773]
Event: 2.061 Thread 0x0000029f64369800 Exception <a 'java/lang/NoSuchMethodError'{0x0000000085325658}: 'void java.lang.invoke.DirectMethodHandle$Holder.invokeSpecial(java.lang.Object, java.lang.Object, java.lang.Object, java.lang.Object)'> (0x0000000085325658) thrown at [./src/hotspot/share/interpreter/linkResolver.cpp, line 773]
Event: 2.100 Thread 0x0000029f64369800 Implicit null exception at 0x0000029f53736f75 to 0x0000029f5373713c
Event: 2.137 Thread 0x0000029f64369800 Exception <a 'java/lang/NoSuchMethodError'{0x0000000087c511f0}: 'java.lang.Object java.lang.invoke.DirectMethodHandle$Holder.invokeSpecialIFC(java.lang.Object, java.lang.Object, java.lang.Object, java.lang.Object)'> (0x0000000087c511f0) thrown at [./src/hotspot/share/interpreter/linkResolver.cpp, line 773]
Event: 2.142 Thread 0x0000029f64369800 Exception <a 'java/lang/NoSuchMethodError'{0x0000000087b0db90}: 'java.lang.Object java.lang.invoke.DirectMethodHandle$Holder.invokeSpecial(java.lang.Object, java.lang.Object, java.lang.Object, java.lang.Object, java.lang.Object, java.lang.Object, java.lang.Object, java.lang.Object, java.lang.Object, java.lang.Object, java.lang.Object, java.lang.Object, java.lang.Object)'> (0x0000000087b0db90) thrown at [./src/hotspot/share/interpreter/linkResolver.cpp, line 773]
Event: 2.142 Thread 0x0000029f64369800 Exception <a 'java/lang/NoSuchMethodError'{0x0000000087b1ee18}: 'java.lang.Object java.lang.invoke.DirectMethodHandle$Holder.invokeSpecial(java.lang.Object, java.lang.Object, java.lang.Object, java.lang.Object, java.lang.Object, java.lang.Object, java.lang.Object, java.lang.Object, java.lang.Object, java.lang.Object, java.lang.Object, java.lang.Object)'> (0x0000000087b1ee18) thrown at [./src/hotspot/share/interpreter/linkResolver.cpp, line 773]
Event: 2.142 Thread 0x0000029f64369800 Exception <a 'java/lang/NoSuchMethodError'{0x0000000087b23f40}: 'java.lang.Object java.lang.invoke.Invokers$Holder.linkToTargetMethod(java.lang.Object, java.lang.Object, java.lang.Object, java.lang.Object, java.lang.Object, java.lang.Object, java.lang.Object, java.lang.Object, java.lang.Object, java.lang.Object, java.lang.Object)'> (0x0000000087b23f40) thrown at [./src/hotspot/share/interpreter/linkResolver.cpp, line 773]
Event: 2.148 Thread 0x0000029f64369800 Exception <a 'java/lang/NoSuchMethodError'{0x0000000087a1ac00}: 'java.lang.Object java.lang.invoke.DirectMethodHandle$Holder.invokeSpecial(java.lang.Object, java.lang.Object, java.lang.Object, java.lang.Object, java.lang.Object, java.lang.Object, java.lang.Object, java.lang.Object, java.lang.Object, java.lang.Object, java.lang.Object, java.lang.Object, java.lang.Object, java.lang.Object)'> (0x0000000087a1ac00) thrown at [./src/hotspot/share/interpreter/linkResolver.cpp, line 773]
Event: 2.149 Thread 0x0000029f64369800 Exception <a 'java/lang/NoSuchMethodError'{0x0000000087a2c1f8}: 'java.lang.Object java.lang.invoke.Invokers$Holder.linkToTargetMethod(java.lang.Object, java.lang.Object, java.lang.Object, java.lang.Object, java.lang.Object, java.lang.Object, java.lang.Object, java.lang.Object, java.lang.Object, java.lang.Object, java.lang.Object, java.lang.Object)'> (0x0000000087a2c1f8) thrown at [./src/hotspot/share/interpreter/linkResolver.cpp, line 773]
Event: 2.152 Thread 0x0000029f64369800 Exception <a 'java/lang/NoSuchMethodError'{0x0000000087aa4ef0}: 'java.lang.Object java.lang.invoke.DirectMethodHandle$Holder.invokeStaticInit(java.lang.Object, java.lang.Object, java.lang.Object, java.lang.Object)'> (0x0000000087aa4ef0) thrown at [./src/hotspot/share/interpreter/linkResolver.cpp, line 773]

Events (20 events):
Event: 2.157 loading class org/gradle/api/internal/artifacts/ivyservice/resolveengine/excludes/factories/NormalizingExcludeFactory
Event: 2.157 loading class org/gradle/api/internal/artifacts/ivyservice/resolveengine/excludes/factories/NormalizingExcludeFactory done
Event: 2.158 loading class org/gradle/api/internal/artifacts/ivyservice/resolveengine/excludes/simple/DefaultExcludeFactory
Event: 2.158 loading class org/gradle/api/internal/artifacts/ivyservice/resolveengine/excludes/simple/DefaultExcludeFactory done
Event: 2.159 loading class org/gradle/api/internal/artifacts/ivyservice/resolveengine/excludes/specs/ModuleSetExclude
Event: 2.159 loading class org/gradle/api/internal/artifacts/ivyservice/resolveengine/excludes/specs/ModuleSetExclude done
Event: 2.159 loading class org/gradle/api/internal/artifacts/ivyservice/resolveengine/excludes/specs/GroupSetExclude
Event: 2.159 loading class org/gradle/api/internal/artifacts/ivyservice/resolveengine/excludes/specs/GroupSetExclude done
Event: 2.159 loading class org/gradle/api/internal/artifacts/ivyservice/resolveengine/excludes/factories/Intersections
Event: 2.159 loading class org/gradle/api/internal/artifacts/ivyservice/resolveengine/excludes/factories/Intersections done
Event: 2.159 loading class org/gradle/api/internal/artifacts/ivyservice/resolveengine/excludes/factories/Unions
Event: 2.159 loading class org/gradle/api/internal/artifacts/ivyservice/resolveengine/excludes/factories/Unions done
Event: 2.160 loading class org/gradle/api/internal/artifacts/ivyservice/resolveengine/excludes/factories/LoggingExcludeFactory
Event: 2.160 loading class org/gradle/api/internal/artifacts/ivyservice/resolveengine/excludes/factories/LoggingExcludeFactory done
Event: 2.160 loading class org/gradle/api/internal/artifacts/ivyservice/resolveengine/excludes/simple/DefaultExcludeNothing
Event: 2.160 loading class org/gradle/api/internal/artifacts/ivyservice/resolveengine/excludes/simple/DefaultExcludeNothing done
Event: 2.160 loading class org/gradle/api/internal/artifacts/ivyservice/resolveengine/excludes/specs/ExcludeNothing
Event: 2.160 loading class org/gradle/api/internal/artifacts/ivyservice/resolveengine/excludes/specs/ExcludeNothing done
Event: 2.161 loading class org/gradle/api/internal/artifacts/DefaultComponentSelectorConverter
Event: 2.161 loading class org/gradle/api/internal/artifacts/DefaultComponentSelectorConverter done


Dynamic libraries:
0x00007ff6c2b30000 - 0x00007ff6c2b3a000 	C:\Users\ACER\Downloads\android-studio\jre\bin\java.exe
0x00007ffe22360000 - 0x00007ffe22550000 	C:\Windows\SYSTEM32\ntdll.dll
0x00007ffe216f0000 - 0x00007ffe217a2000 	C:\Windows\System32\KERNEL32.DLL
0x00007ffe1fce0000 - 0x00007ffe1ff85000 	C:\Windows\System32\KERNELBASE.dll
0x00007ffe1fbb0000 - 0x00007ffe1fcaa000 	C:\Windows\System32\ucrtbase.dll
0x00007ffe1b160000 - 0x00007ffe1b179000 	C:\Users\ACER\Downloads\android-studio\jre\bin\jli.dll
0x00007ffe21ed0000 - 0x00007ffe22064000 	C:\Windows\System32\USER32.dll
0x00007ffe1ad00000 - 0x00007ffe1ad17000 	C:\Users\ACER\Downloads\android-studio\jre\bin\VCRUNTIME140.dll
0x00007ffe200e0000 - 0x00007ffe20101000 	C:\Windows\System32\win32u.dll
0x00007ffe20410000 - 0x00007ffe20436000 	C:\Windows\System32\GDI32.dll
0x00007ffe1e6f0000 - 0x00007ffe1e974000 	C:\Windows\WinSxS\amd64_microsoft.windows.common-controls_6595b64144ccf1df_6.0.18362.1440_none_9e7dbfb9e45e8e67\COMCTL32.dll
0x00007ffe20110000 - 0x00007ffe202a8000 	C:\Windows\System32\gdi32full.dll
0x00007ffe22070000 - 0x00007ffe2210e000 	C:\Windows\System32\msvcrt.dll
0x00007ffe20040000 - 0x00007ffe200de000 	C:\Windows\System32\msvcp_win.dll
0x00007ffe21ac0000 - 0x00007ffe21df6000 	C:\Windows\System32\combase.dll
0x00007ffe20c00000 - 0x00007ffe20d1f000 	C:\Windows\System32\RPCRT4.dll
0x00007ffe1fb20000 - 0x00007ffe1fba1000 	C:\Windows\System32\bcryptPrimitives.dll
0x00007ffe209a0000 - 0x00007ffe209ce000 	C:\Windows\System32\IMM32.DLL
0x00007ffde3d80000 - 0x00007ffde3e1d000 	C:\Users\ACER\Downloads\android-studio\jre\bin\msvcp140.dll
0x00007ffde9980000 - 0x00007ffdea43c000 	C:\Users\ACER\Downloads\android-studio\jre\bin\server\jvm.dll
0x00007ffe21640000 - 0x00007ffe216e3000 	C:\Windows\System32\ADVAPI32.dll
0x00007ffe215a0000 - 0x00007ffe21637000 	C:\Windows\System32\sechost.dll
0x00007ffe20450000 - 0x00007ffe20458000 	C:\Windows\System32\PSAPI.DLL
0x00007ffe1d550000 - 0x00007ffe1d559000 	C:\Windows\SYSTEM32\WSOCK32.dll
0x00007ffe217b0000 - 0x00007ffe2181f000 	C:\Windows\System32\WS2_32.dll
0x00007ffe0aec0000 - 0x00007ffe0aee4000 	C:\Windows\SYSTEM32\WINMM.dll
0x00007ffe19630000 - 0x00007ffe1963a000 	C:\Windows\SYSTEM32\VERSION.dll
0x00007ffe13030000 - 0x00007ffe1305d000 	C:\Windows\SYSTEM32\winmmbase.dll
0x00007ffe1fad0000 - 0x00007ffe1fb1a000 	C:\Windows\System32\cfgmgr32.dll
0x00007ffe1f220000 - 0x00007ffe1f231000 	C:\Windows\System32\kernel.appcore.dll
0x00007ffe1a2a0000 - 0x00007ffe1a2b1000 	C:\Users\ACER\Downloads\android-studio\jre\bin\verify.dll
0x00007ffe1ecd0000 - 0x00007ffe1eec4000 	C:\Windows\SYSTEM32\DBGHELP.DLL
0x00007ffe1ec20000 - 0x00007ffe1ec4a000 	C:\Windows\SYSTEM32\dbgcore.DLL
0x00007ffe1a270000 - 0x00007ffe1a299000 	C:\Users\ACER\Downloads\android-studio\jre\bin\java.dll
0x00007ffe1a260000 - 0x00007ffe1a26b000 	C:\Users\ACER\Downloads\android-studio\jre\bin\jimage.dll
0x00007ffe1a060000 - 0x00007ffe1a078000 	C:\Users\ACER\Downloads\android-studio\jre\bin\zip.dll
0x00007ffe20dd0000 - 0x00007ffe214b8000 	C:\Windows\System32\SHELL32.dll
0x00007ffe208d0000 - 0x00007ffe20977000 	C:\Windows\System32\shcore.dll
0x00007ffe1f2d0000 - 0x00007ffe1fa4b000 	C:\Windows\System32\windows.storage.dll
0x00007ffe1f2b0000 - 0x00007ffe1f2ce000 	C:\Windows\System32\profapi.dll
0x00007ffe1f240000 - 0x00007ffe1f28a000 	C:\Windows\System32\powrprof.dll
0x00007ffe1f210000 - 0x00007ffe1f220000 	C:\Windows\System32\UMPDC.dll
0x00007ffe21820000 - 0x00007ffe21872000 	C:\Windows\System32\shlwapi.dll
0x00007ffe1fa50000 - 0x00007ffe1fa67000 	C:\Windows\System32\cryptsp.dll
0x00007ffdf95c0000 - 0x00007ffdf95da000 	C:\Users\ACER\Downloads\android-studio\jre\bin\net.dll
0x00007ffe16c80000 - 0x00007ffe16d7a000 	C:\Windows\SYSTEM32\WINHTTP.dll
0x00007ffe1e390000 - 0x00007ffe1e3f7000 	C:\Windows\system32\mswsock.dll
0x00007ffdf9150000 - 0x00007ffdf9164000 	C:\Users\ACER\Downloads\android-studio\jre\bin\nio.dll
0x00007ffe15110000 - 0x00007ffe15137000 	C:\Users\ACER\.gradle\native\fdc75f09e3144964f2cf3f50f0aa648679c211496f362492102eb8c894070792\windows-amd64\native-platform.dll
0x00007ffde5ce0000 - 0x00007ffde5e76000 	C:\Users\ACER\.gradle\native\12488b8bf47d2d4c9fbf2f6322a914ad602e24e48041cd04a747c6da556b65c4\windows-amd64\native-platform-file-events.dll
0x00007ffe1a250000 - 0x00007ffe1a25a000 	C:\Users\ACER\Downloads\android-studio\jre\bin\management.dll
0x00007ffe12640000 - 0x00007ffe1264c000 	C:\Users\ACER\Downloads\android-studio\jre\bin\management_ext.dll
0x00007ffe1df40000 - 0x00007ffe1df73000 	C:\Windows\system32\rsaenh.dll
0x00007ffe1fcb0000 - 0x00007ffe1fcd6000 	C:\Windows\System32\bcrypt.dll
0x00007ffe1f0f0000 - 0x00007ffe1f115000 	C:\Windows\SYSTEM32\USERENV.dll
0x00007ffe1e610000 - 0x00007ffe1e61c000 	C:\Windows\SYSTEM32\CRYPTBASE.dll
0x00007ffe1e0d0000 - 0x00007ffe1e10a000 	C:\Windows\SYSTEM32\IPHLPAPI.DLL
0x00007ffe20440000 - 0x00007ffe20448000 	C:\Windows\System32\NSI.dll
0x00007ffe180c0000 - 0x00007ffe180d6000 	C:\Windows\SYSTEM32\dhcpcsvc6.DLL
0x00007ffe18340000 - 0x00007ffe1835c000 	C:\Windows\SYSTEM32\dhcpcsvc.DLL
0x00007ffe1e110000 - 0x00007ffe1e1db000 	C:\Windows\SYSTEM32\DNSAPI.dll
0x00007ffe18850000 - 0x00007ffe1885b000 	C:\Windows\SYSTEM32\WINNSI.DLL

dbghelp: loaded successfully - version: 4.0.5 - missing functions: none
symbol engine: initialized successfully - sym options: 0x614 - pdb path: .;C:\Users\ACER\Downloads\android-studio\jre\bin;C:\Windows\SYSTEM32;C:\Windows\WinSxS\amd64_microsoft.windows.common-controls_6595b64144ccf1df_6.0.18362.1440_none_9e7dbfb9e45e8e67;C:\Users\ACER\Downloads\android-studio\jre\bin\server;C:\Users\ACER\.gradle\native\fdc75f09e3144964f2cf3f50f0aa648679c211496f362492102eb8c894070792\windows-amd64;C:\Users\ACER\.gradle\native\12488b8bf47d2d4c9fbf2f6322a914ad602e24e48041cd04a747c6da556b65c4\windows-amd64

VM Arguments:
jvm_args: --add-opens=java.base/java.util=ALL-UNNAMED --add-opens=java.base/java.lang=ALL-UNNAMED --add-opens=java.base/java.lang.invoke=ALL-UNNAMED --add-opens=java.prefs/java.util.prefs=ALL-UNNAMED -Xmx2048m -Dfile.encoding=UTF-8 -Duser.country=US -Duser.language=en -Duser.variant 
java_command: org.gradle.launcher.daemon.bootstrap.GradleDaemon 6.7.1
java_class_path (initial): C:\Users\ACER\.gradle\wrapper\dists\gradle-6.7.1-all\2moa8rlfac5eqlcfgk98k0deb\gradle-6.7.1\lib\gradle-launcher-6.7.1.jar
Launcher Type: SUN_STANDARD

[Global flags]
     intx CICompilerCount                          = 4                                         {product} {ergonomic}
     uint ConcGCThreads                            = 2                                         {product} {ergonomic}
     uint G1ConcRefinementThreads                  = 8                                         {product} {ergonomic}
   size_t G1HeapRegionSize                         = 1048576                                   {product} {ergonomic}
    uintx GCDrainStackTargetSize                   = 64                                        {product} {ergonomic}
   size_t InitialHeapSize                          = 132120576                                 {product} {ergonomic}
   size_t MarkStackSize                            = 4194304                                   {product} {ergonomic}
   size_t MaxHeapSize                              = 2147483648                                {product} {command line}
   size_t MaxNewSize                               = 1287651328                                {product} {ergonomic}
   size_t MinHeapDeltaBytes                        = 1048576                                   {product} {ergonomic}
    uintx NonNMethodCodeHeapSize                   = 5836300                                {pd product} {ergonomic}
    uintx NonProfiledCodeHeapSize                  = 122910970                              {pd product} {ergonomic}
    uintx ProfiledCodeHeapSize                     = 122910970                              {pd product} {ergonomic}
    uintx ReservedCodeCacheSize                    = 251658240                              {pd product} {ergonomic}
     bool SegmentedCodeCache                       = true                                      {product} {ergonomic}
     bool UseCompressedClassPointers               = true                                 {lp64_product} {ergonomic}
     bool UseCompressedOops                        = true                                 {lp64_product} {ergonomic}
     bool UseG1GC                                  = true                                      {product} {ergonomic}
     bool UseLargePagesIndividualAllocation        = false                                  {pd product} {ergonomic}

Logging:
Log output configuration:
 #0: stdout all=warning uptime,level,tags
 #1: stderr all=off uptime,level,tags

Environment Variables:
PATH=C:\Program Files\Common Files\Oracle\Java\javapath;C:\Windows\system32;C:\Windows;C:\Windows\System32\Wbem;C:\Windows\System32\WindowsPowerShell\v1.0\;C:\Windows\System32\OpenSSH\;C:\Program Files (x86)\NVIDIA Corporation\PhysX\Common;C:\Program Files\NVIDIA Corporation\NVIDIA NvDLISR;C:\Users\ACER\AppData\Local\Microsoft\WindowsApps;;C:\Users\ACER\AppData\Local\Programs\Microsoft VS Code\bin
USERNAME=ACER
OS=Windows_NT
PROCESSOR_IDENTIFIER=Intel64 Family 6 Model 158 Stepping 13, GenuineIntel



---------------  S Y S T E M  ---------------

OS: Windows 10 , 64 bit Build 18362 (10.0.18362.1350)
OS uptime: 3 days 21:12 hours

CPU:total 8 (initial active 8) (4 cores per cpu, 2 threads per core) family 6 model 158 stepping 13, cmov, cx8, fxsr, mmx, sse, sse2, sse3, ssse3, sse4.1, sse4.2, popcnt, avx, avx2, aes, clmul, erms, 3dnowpref, lzcnt, ht, tsc, tscinvbit, bmi1, bmi2, adx, fma

Memory: 4k page, system-wide physical 8029M (172M free)
TotalPageFile size 32605M (AvailPageFile size 2M)
current process WorkingSet (physical memory assigned to process): 202M, peak: 202M
current process commit charge ("private bytes"): 270M, peak: 270M

vm_info: OpenJDK 64-Bit Server VM (11.0.8+10-b944.6842174) for windows-amd64 JRE (11.0.8+10-b944.6842174), built on Sep 19 2020 01:11:42 by "builder" with MS VC++ 14.0 (VS2015)

END.
