#
# There is insufficient memory for the Java Runtime Environment to continue.
# Native memory allocation (malloc) failed to allocate 1440336 bytes for Chunk::new
# Possible reasons:
#   The system is out of physical RAM or swap space
#   The process is running with CompressedOops enabled, and the Java Heap may be blocking the growth of the native heap
# Possible solutions:
#   Reduce memory load on the system
#   Increase physical memory or swap space
#   Check if swap backing store is full
#   Decrease Java heap size (-Xmx/-Xms)
#   Decrease number of Java threads
#   Decrease Java thread stack sizes (-Xss)
#   Set larger code cache with -XX:ReservedCodeCacheSize=
#   JVM is running with Unscaled Compressed Oops mode in which the Java heap is
#     placed in the first 4GB address space. The Java Heap base address is the
#     maximum limit for the native heap growth. Please use -XX:HeapBaseMinAddress
#     to set the Java Heap base and to place the Java Heap above 4GB virtual address.
# This output file may be truncated or incomplete.
#
#  Out of Memory Error (./src/hotspot/share/memory/arena.cpp:197), pid=8208, tid=17260
#
# JRE version: OpenJDK Runtime Environment (11.0.8+10) (build 11.0.8+10-b944.6842174)
# Java VM: OpenJDK 64-Bit Server VM (11.0.8+10-b944.6842174, mixed mode, tiered, compressed oops, g1 gc, windows-amd64)
# No core dump will be written. Minidumps are not enabled by default on client versions of Windows
#

---------------  S U M M A R Y ------------

Command Line: --add-opens=java.base/java.util=ALL-UNNAMED --add-opens=java.base/java.lang=ALL-UNNAMED --add-opens=java.base/java.lang.invoke=ALL-UNNAMED --add-opens=java.prefs/java.util.prefs=ALL-UNNAMED -Xmx2048m -Dfile.encoding=UTF-8 -Duser.country=US -Duser.language=en -Duser.variant org.gradle.launcher.daemon.bootstrap.GradleDaemon 6.7.1

Host: Intel(R) Core(TM) i5-9300H CPU @ 2.40GHz, 8 cores, 7G,  Windows 10 , 64 bit Build 18362 (10.0.18362.1350)
Time: Tue Mar 23 08:31:07 2021 Nepal Standard Time elapsed time: 5 seconds (0d 0h 0m 5s)

---------------  T H R E A D  ---------------

Current thread (0x00000202e7fc8000):  JavaThread "C2 CompilerThread0" daemon [_thread_in_native, id=17260, stack(0x000000e3fc600000,0x000000e3fc700000)]


Current CompileTask:
C2:   5459 4338       4       org.codehaus.groovy.runtime.metaclass.MetaMethodIndex::addMethodToList (298 bytes)

Stack: [0x000000e3fc600000,0x000000e3fc700000]
Native frames: (J=compiled Java code, j=interpreted, Vv=VM code, C=native code)
V  [jvm.dll+0x5de50a]
V  [jvm.dll+0x7122f5]
V  [jvm.dll+0x71384d]
V  [jvm.dll+0x713f03]
V  [jvm.dll+0x23e728]
V  [jvm.dll+0xb899c]
V  [jvm.dll+0xb8e9c]
V  [jvm.dll+0x35024d]
V  [jvm.dll+0x193cbc]
V  [jvm.dll+0x1f780e]
V  [jvm.dll+0x1f68d4]
V  [jvm.dll+0x17f32c]
V  [jvm.dll+0x205047]
V  [jvm.dll+0x203891]
V  [jvm.dll+0x6dad3f]
V  [jvm.dll+0x6d3895]
V  [jvm.dll+0x5dd4a6]
C  [ucrtbase.dll+0x210b2]
C  [KERNEL32.DLL+0x17c24]
C  [ntdll.dll+0x6d721]


---------------  P R O C E S S  ---------------

Threads class SMR info:
_java_thread_list=0x00000202ea65c180, length=135, elements={
0x00000202cd35b800, 0x00000202e7652000, 0x00000202e765d800, 0x00000202e7fc6000,
0x00000202e7fc7000, 0x00000202e7fc8000, 0x00000202e7fd1800, 0x00000202e7fd3000,
0x00000202e8133000, 0x00000202e813d800, 0x00000202e8b41000, 0x00000202e96db000,
0x00000202e98da000, 0x00000202e9267000, 0x00000202e9a98000, 0x00000202e9fa8800,
0x00000202e9abb800, 0x00000202e9aeb000, 0x00000202e9aec000, 0x00000202e9a20800,
0x00000202ea143000, 0x00000202ea140000, 0x00000202ea142800, 0x00000202ea13f000,
0x00000202ea144000, 0x00000202ea140800, 0x00000202ea13e000, 0x00000202ea144800,
0x00000202ea141800, 0x00000202ec3b3800, 0x00000202ec3b8000, 0x00000202ec3ba000,
0x00000202ec3b4000, 0x00000202ec3b5800, 0x00000202ec3ba800, 0x00000202ec3b6800,
0x00000202ec3b5000, 0x00000202ec3bb800, 0x00000202ec3bc800, 0x00000202ec3b7800,
0x00000202ec3c0800, 0x00000202ec3bd000, 0x00000202ec3c1000, 0x00000202ec3bf800,
0x00000202ec3c2000, 0x00000202ec3be000, 0x00000202ec3be800, 0x00000202ecb1e800,
0x00000202ecb1b000, 0x00000202ecb1c800, 0x00000202ecb1f000, 0x00000202ecb1d800,
0x00000202ecb1c000, 0x00000202ecb20000, 0x00000202ecb1a000, 0x00000202ecb25000,
0x00000202ecb21800, 0x00000202ecb25800, 0x00000202ecb26800, 0x00000202ecb22800,
0x00000202ecb24000, 0x00000202ecb23000, 0x00000202ecb21000, 0x00000202ecb27800,
0x00000202ecb28000, 0x00000202ecb29000, 0x00000202ec5e8000, 0x00000202ec5e9000,
0x00000202ec5ec000, 0x00000202ec5e9800, 0x00000202ec5ea800, 0x00000202ec5eb800,
0x00000202ec5ed000, 0x00000202ec5e7000, 0x00000202ec5f1000, 0x00000202ec5ee800,
0x00000202ec5ef800, 0x00000202ec5f3800, 0x00000202ec5f2000, 0x00000202ec5ee000,
0x00000202ec5f6000, 0x00000202ec5f2800, 0x00000202ec5f4800, 0x00000202ec5f5000,
0x00000202ec5f0000, 0x00000202ec601800, 0x00000202ec600000, 0x00000202ec5fe800,
0x00000202ec603000, 0x00000202ec600800, 0x00000202ec5fd800, 0x00000202ec602800,
0x00000202ec604000, 0x00000202ec605000, 0x00000202ec5ff000, 0x00000202ec605800,
0x00000202ec60c000, 0x00000202ec608000, 0x00000202ec60b800, 0x00000202ec609000,
0x00000202ec607800, 0x00000202ec609800, 0x00000202ec60a800, 0x00000202ec606800,
0x00000202ece76000, 0x00000202ece77000, 0x00000202ece7b000, 0x00000202ece77800,
0x00000202ece75800, 0x00000202ece7c000, 0x00000202ece7c800, 0x00000202ece7d800,
0x00000202ece7a000, 0x00000202ece7e800, 0x00000202ece78800, 0x00000202ece7f000,
0x00000202ece79800, 0x00000202ece82800, 0x00000202ece83000, 0x00000202ece80800,
0x00000202ece84000, 0x00000202ece81800, 0x00000202ece80000, 0x00000202ecc21000,
0x00000202ecc25000, 0x00000202ecc1f800, 0x00000202ecc21800, 0x00000202ecc26000,
0x00000202ecc20000, 0x00000202ecc26800, 0x00000202ecc22800, 0x00000202ecc27800,
0x00000202ecc24000, 0x00000202ecc28800, 0x00000202ecc29000
}

Java Threads: ( => current thread )
  0x00000202cd35b800 JavaThread "main" [_thread_blocked, id=15472, stack(0x000000e3fbb00000,0x000000e3fbc00000)]
  0x00000202e7652000 JavaThread "Reference Handler" daemon [_thread_blocked, id=29556, stack(0x000000e3fc200000,0x000000e3fc300000)]
  0x00000202e765d800 JavaThread "Finalizer" daemon [_thread_blocked, id=28252, stack(0x000000e3fc300000,0x000000e3fc400000)]
  0x00000202e7fc6000 JavaThread "Signal Dispatcher" daemon [_thread_blocked, id=20488, stack(0x000000e3fc400000,0x000000e3fc500000)]
  0x00000202e7fc7000 JavaThread "Attach Listener" daemon [_thread_blocked, id=28964, stack(0x000000e3fc500000,0x000000e3fc600000)]
=>0x00000202e7fc8000 JavaThread "C2 CompilerThread0" daemon [_thread_in_native, id=17260, stack(0x000000e3fc600000,0x000000e3fc700000)]
  0x00000202e7fd1800 JavaThread "C1 CompilerThread0" daemon [_thread_blocked, id=12004, stack(0x000000e3fc700000,0x000000e3fc800000)]
  0x00000202e7fd3000 JavaThread "Sweeper thread" daemon [_thread_blocked, id=1568, stack(0x000000e3fc800000,0x000000e3fc900000)]
  0x00000202e8133000 JavaThread "Common-Cleaner" daemon [_thread_blocked, id=6936, stack(0x000000e3fc900000,0x000000e3fca00000)]
  0x00000202e813d800 JavaThread "Service Thread" daemon [_thread_blocked, id=14172, stack(0x000000e3fca00000,0x000000e3fcb00000)]
  0x00000202e8b41000 JavaThread "Daemon health stats" [_thread_blocked, id=29176, stack(0x000000e3fce00000,0x000000e3fcf00000)]
  0x00000202e96db000 JavaThread "Incoming local TCP Connector on port 57429" [_thread_in_native, id=10880, stack(0x000000e3fd100000,0x000000e3fd200000)]
  0x00000202e98da000 JavaThread "Daemon periodic checks" [_thread_blocked, id=11224, stack(0x000000e3fd200000,0x000000e3fd300000)]
  0x00000202e9267000 JavaThread "Daemon" [_thread_blocked, id=24272, stack(0x000000e3fd300000,0x000000e3fd400000)]
  0x00000202e9a98000 JavaThread "Handler for socket connection from /127.0.0.1:57429 to /127.0.0.1:57430" [_thread_in_native, id=6460, stack(0x000000e3fd400000,0x000000e3fd500000)]
  0x00000202e9fa8800 JavaThread "Cancel handler" [_thread_blocked, id=20836, stack(0x000000e3fd500000,0x000000e3fd600000)]
  0x00000202e9abb800 JavaThread "Daemon worker" [_thread_in_vm, id=6488, stack(0x000000e3fd600000,0x000000e3fd700000)]
  0x00000202e9aeb000 JavaThread "Asynchronous log dispatcher for DefaultDaemonConnection: socket connection from /127.0.0.1:57429 to /127.0.0.1:57430" [_thread_blocked, id=9276, stack(0x000000e3fd700000,0x000000e3fd800000)]
  0x00000202e9aec000 JavaThread "Stdin handler" [_thread_blocked, id=868, stack(0x000000e3fd800000,0x000000e3fd900000)]
  0x00000202e9a20800 JavaThread "Thread-8" [_thread_blocked, id=23212, stack(0x000000e3fd900000,0x000000e3fda00000)]
  0x00000202ea143000 JavaThread "Cache worker for file hash cache (C:\Users\ACER\.gradle\caches\6.7.1\fileHashes)" [_thread_blocked, id=11876, stack(0x000000e3fdf00000,0x000000e3fe000000)]
  0x00000202ea140000 JavaThread "File lock request listener" [_thread_in_native, id=19524, stack(0x000000e3fe000000,0x000000e3fe100000)]
  0x00000202ea142800 JavaThread "Cache worker for journal cache (C:\Users\ACER\.gradle\caches\journal-1)" [_thread_blocked, id=24944, stack(0x000000e3fe200000,0x000000e3fe300000)]
  0x00000202ea13f000 JavaThread "Cache worker for file hash cache (C:\Users\ACER\AndroidStudioProjects\FoodDelivery\.gradle\6.7.1\fileHashes)" [_thread_blocked, id=8068, stack(0x000000e3fe300000,0x000000e3fe400000)]
  0x00000202ea144000 JavaThread "Cache worker for checksums cache (C:\Users\ACER\AndroidStudioProjects\FoodDelivery\.gradle\checksums)" [_thread_blocked, id=10752, stack(0x000000e3fe400000,0x000000e3fe500000)]
  0x00000202ea140800 JavaThread "Cache worker for cache directory md-supplier (C:\Users\ACER\.gradle\caches\6.7.1\md-supplier)" [_thread_blocked, id=17104, stack(0x000000e3fe500000,0x000000e3fe600000)]
  0x00000202ea13e000 JavaThread "Cache worker for cache directory md-rule (C:\Users\ACER\.gradle\caches\6.7.1\md-rule)" [_thread_blocked, id=29172, stack(0x000000e3fe600000,0x000000e3fe700000)]
  0x00000202ea144800 JavaThread "Cache worker for execution history cache (C:\Users\ACER\.gradle\caches\6.7.1\executionHistory)" [_thread_blocked, id=29468, stack(0x000000e3fe700000,0x000000e3fe800000)]
  0x00000202ea141800 JavaThread "jar transforms" [_thread_blocked, id=10512, stack(0x000000e3fe800000,0x000000e3fe900000)]
  0x00000202ec3b3800 JavaThread "Cache worker for file content cache (C:\Users\ACER\.gradle\caches\6.7.1\fileContent)" [_thread_blocked, id=15736, stack(0x000000e3fe900000,0x000000e3fea00000)]
  0x00000202ec3b8000 JavaThread "Cache worker for Build Output Cleanup Cache (C:\Users\ACER\AndroidStudioProjects\FoodDelivery\.gradle\buildOutputCleanup)" [_thread_blocked, id=29268, stack(0x000000e3fea00000,0x000000e3feb00000)]
  0x00000202ec3ba000 JavaThread "Build operations" [_thread_blocked, id=25152, stack(0x000000e3feb00000,0x000000e3fec00000)]
  0x00000202ec3b4000 JavaThread "Build operations Thread 2" [_thread_blocked, id=18204, stack(0x000000e3fec00000,0x000000e3fed00000)]
  0x00000202ec3b5800 JavaThread "Build operations Thread 3" [_thread_blocked, id=1628, stack(0x000000e3fed00000,0x000000e3fee00000)]
  0x00000202ec3ba800 JavaThread "Build operations Thread 4" [_thread_blocked, id=28872, stack(0x000000e3fee00000,0x000000e3fef00000)]
  0x00000202ec3b6800 JavaThread "Build operations Thread 5" [_thread_blocked, id=26504, stack(0x000000e3fef00000,0x000000e3ff000000)]
  0x00000202ec3b5000 JavaThread "Build operations Thread 6" [_thread_blocked, id=11280, stack(0x000000e3ff000000,0x000000e3ff100000)]
  0x00000202ec3bb800 JavaThread "Build operations Thread 7" [_thread_blocked, id=29092, stack(0x000000e3ff100000,0x000000e3ff200000)]
  0x00000202ec3bc800 JavaThread "Build operations Thread 8" [_thread_blocked, id=27324, stack(0x000000e3ff200000,0x000000e3ff300000)]
  0x00000202ec3b7800 JavaThread "jar transforms Thread 2" [_thread_blocked, id=27668, stack(0x000000e3ff300000,0x000000e3ff400000)]
  0x00000202ec3c0800 JavaThread "jar transforms Thread 3" [_thread_blocked, id=16828, stack(0x000000e3ff400000,0x000000e3ff500000)]
  0x00000202ec3bd000 JavaThread "jar transforms Thread 4" [_thread_blocked, id=19268, stack(0x000000e3ff500000,0x000000e3ff600000)]
  0x00000202ec3c1000 JavaThread "jar transforms Thread 5" [_thread_blocked, id=27580, stack(0x000000e3ff600000,0x000000e3ff700000)]
  0x00000202ec3bf800 JavaThread "jar transforms Thread 6" [_thread_blocked, id=29224, stack(0x000000e3ff700000,0x000000e3ff800000)]
  0x00000202ec3c2000 JavaThread "jar transforms Thread 7" [_thread_blocked, id=17764, stack(0x000000e3ff800000,0x000000e3ff900000)]
  0x00000202ec3be000 JavaThread "jar transforms Thread 8" [_thread_blocked, id=25616, stack(0x000000e3ff900000,0x000000e3ffa00000)]
  0x00000202ec3be800 JavaThread "jar transforms Thread 9" [_thread_blocked, id=29152, stack(0x000000e3ffa00000,0x000000e3ffb00000)]
  0x00000202ecb1e800 JavaThread "jar transforms Thread 10" [_thread_blocked, id=29112, stack(0x000000e3ffb00000,0x000000e3ffc00000)]
  0x00000202ecb1b000 JavaThread "jar transforms Thread 11" [_thread_blocked, id=6596, stack(0x000000e3ffc00000,0x000000e3ffd00000)]
  0x00000202ecb1c800 JavaThread "jar transforms Thread 12" [_thread_blocked, id=25856, stack(0x000000e3ffd00000,0x000000e3ffe00000)]
  0x00000202ecb1f000 JavaThread "jar transforms Thread 13" [_thread_blocked, id=29096, stack(0x000000e3ffe00000,0x000000e3fff00000)]
  0x00000202ecb1d800 JavaThread "jar transforms Thread 14" [_thread_blocked, id=6352, stack(0x000000e3fff00000,0x000000e400000000)]
  0x00000202ecb1c000 JavaThread "jar transforms Thread 15" [_thread_blocked, id=6060, stack(0x000000e380000000,0x000000e380100000)]
  0x00000202ecb20000 JavaThread "jar transforms Thread 16" [_thread_blocked, id=29156, stack(0x000000e380100000,0x000000e380200000)]
  0x00000202ecb1a000 JavaThread "jar transforms Thread 17" [_thread_blocked, id=8116, stack(0x000000e380200000,0x000000e380300000)]
  0x00000202ecb25000 JavaThread "jar transforms Thread 18" [_thread_blocked, id=25708, stack(0x000000e380300000,0x000000e380400000)]
  0x00000202ecb21800 JavaThread "jar transforms Thread 19" [_thread_blocked, id=24424, stack(0x000000e380400000,0x000000e380500000)]
  0x00000202ecb25800 JavaThread "jar transforms Thread 20" [_thread_blocked, id=23012, stack(0x000000e380500000,0x000000e380600000)]
  0x00000202ecb26800 JavaThread "jar transforms Thread 21" [_thread_blocked, id=29036, stack(0x000000e380600000,0x000000e380700000)]
  0x00000202ecb22800 JavaThread "jar transforms Thread 22" [_thread_blocked, id=29688, stack(0x000000e380700000,0x000000e380800000)]
  0x00000202ecb24000 JavaThread "jar transforms Thread 23" [_thread_blocked, id=17040, stack(0x000000e380800000,0x000000e380900000)]
  0x00000202ecb23000 JavaThread "jar transforms Thread 24" [_thread_blocked, id=12496, stack(0x000000e380900000,0x000000e380a00000)]
  0x00000202ecb21000 JavaThread "jar transforms Thread 25" [_thread_blocked, id=29616, stack(0x000000e380a00000,0x000000e380b00000)]
  0x00000202ecb27800 JavaThread "jar transforms Thread 26" [_thread_blocked, id=28360, stack(0x000000e380b00000,0x000000e380c00000)]
  0x00000202ecb28000 JavaThread "jar transforms Thread 27" [_thread_blocked, id=14916, stack(0x000000e380c00000,0x000000e380d00000)]
  0x00000202ecb29000 JavaThread "jar transforms Thread 28" [_thread_blocked, id=24612, stack(0x000000e380d00000,0x000000e380e00000)]
  0x00000202ec5e8000 JavaThread "jar transforms Thread 29" [_thread_blocked, id=15088, stack(0x000000e380e00000,0x000000e380f00000)]
  0x00000202ec5e9000 JavaThread "jar transforms Thread 30" [_thread_blocked, id=9948, stack(0x000000e380f00000,0x000000e381000000)]
  0x00000202ec5ec000 JavaThread "jar transforms Thread 31" [_thread_blocked, id=17264, stack(0x000000e381000000,0x000000e381100000)]
  0x00000202ec5e9800 JavaThread "jar transforms Thread 32" [_thread_blocked, id=25328, stack(0x000000e381100000,0x000000e381200000)]
  0x00000202ec5ea800 JavaThread "jar transforms Thread 33" [_thread_blocked, id=27696, stack(0x000000e381200000,0x000000e381300000)]
  0x00000202ec5eb800 JavaThread "jar transforms Thread 34" [_thread_blocked, id=10408, stack(0x000000e381300000,0x000000e381400000)]
  0x00000202ec5ed000 JavaThread "jar transforms Thread 35" [_thread_blocked, id=27932, stack(0x000000e381400000,0x000000e381500000)]
  0x00000202ec5e7000 JavaThread "jar transforms Thread 36" [_thread_blocked, id=11304, stack(0x000000e381500000,0x000000e381600000)]
  0x00000202ec5f1000 JavaThread "jar transforms Thread 37" [_thread_blocked, id=1504, stack(0x000000e381600000,0x000000e381700000)]
  0x00000202ec5ee800 JavaThread "jar transforms Thread 38" [_thread_blocked, id=29056, stack(0x000000e381700000,0x000000e381800000)]
  0x00000202ec5ef800 JavaThread "jar transforms Thread 39" [_thread_blocked, id=19880, stack(0x000000e381800000,0x000000e381900000)]
  0x00000202ec5f3800 JavaThread "jar transforms Thread 40" [_thread_blocked, id=22384, stack(0x000000e381900000,0x000000e381a00000)]
  0x00000202ec5f2000 JavaThread "jar transforms Thread 41" [_thread_blocked, id=29648, stack(0x000000e381a00000,0x000000e381b00000)]
  0x00000202ec5ee000 JavaThread "jar transforms Thread 42" [_thread_blocked, id=8280, stack(0x000000e381b00000,0x000000e381c00000)]
  0x00000202ec5f6000 JavaThread "jar transforms Thread 43" [_thread_blocked, id=29124, stack(0x000000e381c00000,0x000000e381d00000)]
  0x00000202ec5f2800 JavaThread "jar transforms Thread 44" [_thread_blocked, id=3132, stack(0x000000e381d00000,0x000000e381e00000)]
  0x00000202ec5f4800 JavaThread "jar transforms Thread 45" [_thread_blocked, id=23436, stack(0x000000e381e00000,0x000000e381f00000)]
  0x00000202ec5f5000 JavaThread "jar transforms Thread 46" [_thread_blocked, id=21616, stack(0x000000e381f00000,0x000000e382000000)]
  0x00000202ec5f0000 JavaThread "jar transforms Thread 47" [_thread_blocked, id=9404, stack(0x000000e382000000,0x000000e382100000)]
  0x00000202ec601800 JavaThread "jar transforms Thread 48" [_thread_blocked, id=10160, stack(0x000000e382100000,0x000000e382200000)]
  0x00000202ec600000 JavaThread "jar transforms Thread 49" [_thread_blocked, id=22324, stack(0x000000e382200000,0x000000e382300000)]
  0x00000202ec5fe800 JavaThread "jar transforms Thread 50" [_thread_blocked, id=28952, stack(0x000000e382300000,0x000000e382400000)]
  0x00000202ec603000 JavaThread "jar transforms Thread 51" [_thread_blocked, id=3960, stack(0x000000e382400000,0x000000e382500000)]
  0x00000202ec600800 JavaThread "jar transforms Thread 52" [_thread_blocked, id=29296, stack(0x000000e382500000,0x000000e382600000)]
  0x00000202ec5fd800 JavaThread "jar transforms Thread 53" [_thread_blocked, id=29588, stack(0x000000e382600000,0x000000e382700000)]
  0x00000202ec602800 JavaThread "jar transforms Thread 54" [_thread_blocked, id=17392, stack(0x000000e382700000,0x000000e382800000)]
  0x00000202ec604000 JavaThread "jar transforms Thread 55" [_thread_blocked, id=16696, stack(0x000000e382800000,0x000000e382900000)]
  0x00000202ec605000 JavaThread "jar transforms Thread 56" [_thread_blocked, id=6848, stack(0x000000e382900000,0x000000e382a00000)]
  0x00000202ec5ff000 JavaThread "jar transforms Thread 57" [_thread_blocked, id=27692, stack(0x000000e382a00000,0x000000e382b00000)]
  0x00000202ec605800 JavaThread "jar transforms Thread 58" [_thread_blocked, id=25696, stack(0x000000e382b00000,0x000000e382c00000)]
  0x00000202ec60c000 JavaThread "jar transforms Thread 59" [_thread_blocked, id=17616, stack(0x000000e382c00000,0x000000e382d00000)]
  0x00000202ec608000 JavaThread "jar transforms Thread 60" [_thread_blocked, id=15412, stack(0x000000e382d00000,0x000000e382e00000)]
  0x00000202ec60b800 JavaThread "jar transforms Thread 61" [_thread_blocked, id=28212, stack(0x000000e382e00000,0x000000e382f00000)]
  0x00000202ec609000 JavaThread "jar transforms Thread 62" [_thread_blocked, id=20684, stack(0x000000e382f00000,0x000000e383000000)]
  0x00000202ec607800 JavaThread "jar transforms Thread 63" [_thread_blocked, id=28720, stack(0x000000e383000000,0x000000e383100000)]
  0x00000202ec609800 JavaThread "jar transforms Thread 64" [_thread_blocked, id=27768, stack(0x000000e383100000,0x000000e383200000)]
  0x00000202ec60a800 JavaThread "jar transforms Thread 65" [_thread_blocked, id=12324, stack(0x000000e383200000,0x000000e383300000)]
  0x00000202ec606800 JavaThread "jar transforms Thread 66" [_thread_blocked, id=6356, stack(0x000000e383300000,0x000000e383400000)]
  0x00000202ece76000 JavaThread "jar transforms Thread 67" [_thread_blocked, id=10520, stack(0x000000e383400000,0x000000e383500000)]
  0x00000202ece77000 JavaThread "jar transforms Thread 68" [_thread_blocked, id=19924, stack(0x000000e383500000,0x000000e383600000)]
  0x00000202ece7b000 JavaThread "jar transforms Thread 69" [_thread_blocked, id=11780, stack(0x000000e383600000,0x000000e383700000)]
  0x00000202ece77800 JavaThread "jar transforms Thread 70" [_thread_blocked, id=29072, stack(0x000000e383700000,0x000000e383800000)]
  0x00000202ece75800 JavaThread "jar transforms Thread 71" [_thread_blocked, id=29568, stack(0x000000e383800000,0x000000e383900000)]
  0x00000202ece7c000 JavaThread "jar transforms Thread 72" [_thread_blocked, id=16284, stack(0x000000e383900000,0x000000e383a00000)]
  0x00000202ece7c800 JavaThread "jar transforms Thread 73" [_thread_blocked, id=28492, stack(0x000000e383a00000,0x000000e383b00000)]
  0x00000202ece7d800 JavaThread "jar transforms Thread 74" [_thread_blocked, id=15952, stack(0x000000e383b00000,0x000000e383c00000)]
  0x00000202ece7a000 JavaThread "jar transforms Thread 75" [_thread_blocked, id=29684, stack(0x000000e383c00000,0x000000e383d00000)]
  0x00000202ece7e800 JavaThread "jar transforms Thread 76" [_thread_blocked, id=22624, stack(0x000000e383d00000,0x000000e383e00000)]
  0x00000202ece78800 JavaThread "jar transforms Thread 77" [_thread_blocked, id=3944, stack(0x000000e383e00000,0x000000e383f00000)]
  0x00000202ece7f000 JavaThread "jar transforms Thread 78" [_thread_blocked, id=26280, stack(0x000000e383f00000,0x000000e384000000)]
  0x00000202ece79800 JavaThread "jar transforms Thread 79" [_thread_blocked, id=28680, stack(0x000000e384000000,0x000000e384100000)]
  0x00000202ece82800 JavaThread "jar transforms Thread 80" [_thread_blocked, id=23156, stack(0x000000e384100000,0x000000e384200000)]
  0x00000202ece83000 JavaThread "jar transforms Thread 81" [_thread_blocked, id=18332, stack(0x000000e384200000,0x000000e384300000)]
  0x00000202ece80800 JavaThread "jar transforms Thread 82" [_thread_blocked, id=2648, stack(0x000000e384300000,0x000000e384400000)]
  0x00000202ece84000 JavaThread "jar transforms Thread 83" [_thread_blocked, id=16492, stack(0x000000e384400000,0x000000e384500000)]
  0x00000202ece81800 JavaThread "jar transforms Thread 84" [_thread_blocked, id=8640, stack(0x000000e384500000,0x000000e384600000)]
  0x00000202ece80000 JavaThread "jar transforms Thread 85" [_thread_blocked, id=29016, stack(0x000000e384600000,0x000000e384700000)]
  0x00000202ecc21000 JavaThread "jar transforms Thread 86" [_thread_blocked, id=12252, stack(0x000000e384700000,0x000000e384800000)]
  0x00000202ecc25000 JavaThread "jar transforms Thread 87" [_thread_blocked, id=20560, stack(0x000000e384800000,0x000000e384900000)]
  0x00000202ecc1f800 JavaThread "jar transforms Thread 88" [_thread_blocked, id=9236, stack(0x000000e384900000,0x000000e384a00000)]
  0x00000202ecc21800 JavaThread "jar transforms Thread 89" [_thread_blocked, id=27816, stack(0x000000e384a00000,0x000000e384b00000)]
  0x00000202ecc26000 JavaThread "jar transforms Thread 90" [_thread_blocked, id=3244, stack(0x000000e384b00000,0x000000e384c00000)]
  0x00000202ecc20000 JavaThread "jar transforms Thread 91" [_thread_blocked, id=2992, stack(0x000000e384c00000,0x000000e384d00000)]
  0x00000202ecc26800 JavaThread "jar transforms Thread 92" [_thread_blocked, id=20592, stack(0x000000e384d00000,0x000000e384e00000)]
  0x00000202ecc22800 JavaThread "jar transforms Thread 93" [_thread_blocked, id=25144, stack(0x000000e384e00000,0x000000e384f00000)]
  0x00000202ecc27800 JavaThread "jar transforms Thread 94" [_thread_blocked, id=12544, stack(0x000000e384f00000,0x000000e385000000)]
  0x00000202ecc24000 JavaThread "jar transforms Thread 95" [_thread_blocked, id=29460, stack(0x000000e385000000,0x000000e385100000)]
  0x00000202ecc28800 JavaThread "jar transforms Thread 96" [_thread_blocked, id=25076, stack(0x000000e385100000,0x000000e385200000)]
  0x00000202ecc29000 JavaThread "jar transforms Thread 97" [_thread_blocked, id=3932, stack(0x000000e385200000,0x000000e385300000)]

Other Threads:
  0x00000202e764c000 VMThread "VM Thread" [stack: 0x000000e3fc100000,0x000000e3fc200000] [id=16488]
  0x00000202e8159800 WatcherThread [stack: 0x000000e3fcb00000,0x000000e3fcc00000] [id=28728]
  0x00000202cd374000 GCTaskThread "GC Thread#0" [stack: 0x000000e3fbc00000,0x000000e3fbd00000] [id=1532]
  0x00000202e8ed4000 GCTaskThread "GC Thread#1" [stack: 0x000000e3fcc00000,0x000000e3fcd00000] [id=29140]
  0x00000202e8ed4800 GCTaskThread "GC Thread#2" [stack: 0x000000e3fcd00000,0x000000e3fce00000] [id=18268]
  0x00000202ea170800 GCTaskThread "GC Thread#3" [stack: 0x000000e3fda00000,0x000000e3fdb00000] [id=29584]
  0x00000202e9c7c800 GCTaskThread "GC Thread#4" [stack: 0x000000e3fdb00000,0x000000e3fdc00000] [id=15176]
  0x00000202e9c84000 GCTaskThread "GC Thread#5" [stack: 0x000000e3fdc00000,0x000000e3fdd00000] [id=28044]
  0x00000202e99f1000 GCTaskThread "GC Thread#6" [stack: 0x000000e3fdd00000,0x000000e3fde00000] [id=1336]
  0x00000202ea17c000 GCTaskThread "GC Thread#7" [stack: 0x000000e3fde00000,0x000000e3fdf00000] [id=10380]
  0x00000202cd3a4000 ConcurrentGCThread "G1 Main Marker" [stack: 0x000000e3fbd00000,0x000000e3fbe00000] [id=13716]
  0x00000202cd3aa800 ConcurrentGCThread "G1 Conc#0" [stack: 0x000000e3fbe00000,0x000000e3fbf00000] [id=28336]
  0x00000202ea386000 ConcurrentGCThread "G1 Conc#1" [stack: 0x000000e3fe100000,0x000000e3fe200000] [id=14612]
  0x00000202cd42e000 ConcurrentGCThread "G1 Refine#0" [stack: 0x000000e3fbf00000,0x000000e3fc000000] [id=28800]
  0x00000202e749c800 ConcurrentGCThread "G1 Young RemSet Sampling" [stack: 0x000000e3fc000000,0x000000e3fc100000] [id=1804]

Threads with active compile tasks:
C2 CompilerThread0   5485 4338       4       org.codehaus.groovy.runtime.metaclass.MetaMethodIndex::addMethodToList (298 bytes)

VM state:not at safepoint (normal execution)

VM Mutex/Monitor currently owned by a thread: None

Heap address: 0x0000000080000000, size: 2048 MB, Compressed Oops mode: 32-bit
Narrow klass base: 0x0000000000000000, Narrow klass shift: 3
Compressed class space size: 1073741824 Address: 0x0000000100000000

Heap:
 garbage-first heap   total 129024K, used 41579K [0x0000000080000000, 0x0000000100000000)
  region size 1024K, 19 young (19456K), 6 survivors (6144K)
 Metaspace       used 44687K, capacity 45828K, committed 46080K, reserved 1089536K
  class space    used 5725K, capacity 6135K, committed 6144K, reserved 1048576K
Heap Regions: E=young(eden), S=young(survivor), O=old, HS=humongous(starts), HC=humongous(continues), CS=collection set, F=free, A=archive, TAMS=top-at-mark-start (previous, next)
|   0|0x0000000080000000, 0x0000000080100000, 0x0000000080100000|100%| O|  |TAMS 0x0000000080100000, 0x0000000080000000| Untracked 
|   1|0x0000000080100000, 0x0000000080200000, 0x0000000080200000|100%| O|  |TAMS 0x0000000080200000, 0x0000000080100000| Untracked 
|   2|0x0000000080200000, 0x0000000080300000, 0x0000000080300000|100%| O|  |TAMS 0x0000000080300000, 0x0000000080200000| Untracked 
|   3|0x0000000080300000, 0x0000000080400000, 0x0000000080400000|100%|HS|  |TAMS 0x0000000080400000, 0x0000000080300000| Complete 
|   4|0x0000000080400000, 0x0000000080500000, 0x0000000080500000|100%|HC|  |TAMS 0x0000000080500000, 0x0000000080400000| Complete 
|   5|0x0000000080500000, 0x0000000080600000, 0x0000000080600000|100%|HC|  |TAMS 0x0000000080600000, 0x0000000080500000| Complete 
|   6|0x0000000080600000, 0x0000000080700000, 0x0000000080700000|100%| O|  |TAMS 0x0000000080700000, 0x0000000080600000| Untracked 
|   7|0x0000000080700000, 0x0000000080800000, 0x0000000080800000|100%| O|  |TAMS 0x0000000080800000, 0x0000000080700000| Untracked 
|   8|0x0000000080800000, 0x0000000080900000, 0x0000000080900000|100%| O|  |TAMS 0x0000000080900000, 0x0000000080800000| Untracked 
|   9|0x0000000080900000, 0x0000000080a00000, 0x0000000080a00000|100%| O|  |TAMS 0x0000000080a00000, 0x0000000080900000| Untracked 
|  10|0x0000000080a00000, 0x0000000080b00000, 0x0000000080b00000|100%| O|  |TAMS 0x0000000080b00000, 0x0000000080a00000| Untracked 
|  11|0x0000000080b00000, 0x0000000080c00000, 0x0000000080c00000|100%| O|  |TAMS 0x0000000080c00000, 0x0000000080b00000| Untracked 
|  12|0x0000000080c00000, 0x0000000080d00000, 0x0000000080d00000|100%| O|  |TAMS 0x0000000080d00000, 0x0000000080c00000| Untracked 
|  13|0x0000000080d00000, 0x0000000080e00000, 0x0000000080e00000|100%| O|  |TAMS 0x0000000080e00000, 0x0000000080d00000| Untracked 
|  14|0x0000000080e00000, 0x0000000080f00000, 0x0000000080f00000|100%| O|  |TAMS 0x0000000080f00000, 0x0000000080e00000| Untracked 
|  15|0x0000000080f00000, 0x0000000081000000, 0x0000000081000000|100%| O|  |TAMS 0x0000000080f3b400, 0x0000000080f00000| Untracked 
|  16|0x0000000081000000, 0x0000000081100000, 0x0000000081100000|100%| O|  |TAMS 0x0000000081000000, 0x0000000081000000| Untracked 
|  17|0x0000000081100000, 0x0000000081200000, 0x0000000081200000|100%| O|  |TAMS 0x0000000081100000, 0x0000000081100000| Untracked 
|  18|0x0000000081200000, 0x00000000812c3600, 0x0000000081300000| 76%| O|  |TAMS 0x0000000081200000, 0x0000000081200000| Untracked 
|  19|0x0000000081300000, 0x0000000081400000, 0x0000000081400000|100%|HS|  |TAMS 0x0000000081300000, 0x0000000081300000| Complete 
|  20|0x0000000081400000, 0x0000000081500000, 0x0000000081500000|100%| O|  |TAMS 0x0000000081400000, 0x0000000081400000| Untracked 
|  21|0x0000000081500000, 0x0000000081600000, 0x0000000081600000|100%| O|  |TAMS 0x0000000081500000, 0x0000000081500000| Untracked 
|  22|0x0000000081600000, 0x0000000081700000, 0x0000000081700000|100%|HS|  |TAMS 0x0000000081600000, 0x0000000081600000| Complete 
|  23|0x0000000081700000, 0x0000000081800000, 0x0000000081800000|100%|HC|  |TAMS 0x0000000081700000, 0x0000000081700000| Complete 
|  24|0x0000000081800000, 0x0000000081800000, 0x0000000081900000|  0%| F|  |TAMS 0x0000000081800000, 0x0000000081800000| Untracked 
|  25|0x0000000081900000, 0x0000000081900000, 0x0000000081a00000|  0%| F|  |TAMS 0x0000000081900000, 0x0000000081900000| Untracked 
|  26|0x0000000081a00000, 0x0000000081a00000, 0x0000000081b00000|  0%| F|  |TAMS 0x0000000081a00000, 0x0000000081a00000| Untracked 
|  27|0x0000000081b00000, 0x0000000081b00000, 0x0000000081c00000|  0%| F|  |TAMS 0x0000000081b00000, 0x0000000081b00000| Untracked 
|  28|0x0000000081c00000, 0x0000000081c00000, 0x0000000081d00000|  0%| F|  |TAMS 0x0000000081c00000, 0x0000000081c00000| Untracked 
|  29|0x0000000081d00000, 0x0000000081d00000, 0x0000000081e00000|  0%| F|  |TAMS 0x0000000081d00000, 0x0000000081d00000| Untracked 
|  30|0x0000000081e00000, 0x0000000081e00000, 0x0000000081f00000|  0%| F|  |TAMS 0x0000000081e00000, 0x0000000081e00000| Untracked 
|  31|0x0000000081f00000, 0x0000000081f00000, 0x0000000082000000|  0%| F|  |TAMS 0x0000000081f00000, 0x0000000081f00000| Untracked 
|  32|0x0000000082000000, 0x0000000082000000, 0x0000000082100000|  0%| F|  |TAMS 0x0000000082000000, 0x0000000082000000| Untracked 
|  33|0x0000000082100000, 0x0000000082100000, 0x0000000082200000|  0%| F|  |TAMS 0x0000000082100000, 0x0000000082100000| Untracked 
|  34|0x0000000082200000, 0x0000000082200000, 0x0000000082300000|  0%| F|  |TAMS 0x0000000082200000, 0x0000000082200000| Untracked 
|  35|0x0000000082300000, 0x0000000082300000, 0x0000000082400000|  0%| F|  |TAMS 0x0000000082300000, 0x0000000082300000| Untracked 
|  36|0x0000000082400000, 0x0000000082400000, 0x0000000082500000|  0%| F|  |TAMS 0x0000000082400000, 0x0000000082400000| Untracked 
|  37|0x0000000082500000, 0x0000000082500000, 0x0000000082600000|  0%| F|  |TAMS 0x0000000082500000, 0x0000000082500000| Untracked 
|  38|0x0000000082600000, 0x0000000082600000, 0x0000000082700000|  0%| F|  |TAMS 0x0000000082600000, 0x0000000082600000| Untracked 
|  39|0x0000000082700000, 0x0000000082700000, 0x0000000082800000|  0%| F|  |TAMS 0x0000000082700000, 0x0000000082700000| Untracked 
|  40|0x0000000082800000, 0x0000000082800000, 0x0000000082900000|  0%| F|  |TAMS 0x0000000082800000, 0x0000000082800000| Untracked 
|  41|0x0000000082900000, 0x0000000082900000, 0x0000000082a00000|  0%| F|  |TAMS 0x0000000082900000, 0x0000000082900000| Untracked 
|  42|0x0000000082a00000, 0x0000000082a00000, 0x0000000082b00000|  0%| F|  |TAMS 0x0000000082a00000, 0x0000000082a00000| Untracked 
|  43|0x0000000082b00000, 0x0000000082b00000, 0x0000000082c00000|  0%| F|  |TAMS 0x0000000082b00000, 0x0000000082b00000| Untracked 
|  44|0x0000000082c00000, 0x0000000082c00000, 0x0000000082d00000|  0%| F|  |TAMS 0x0000000082c00000, 0x0000000082c00000| Untracked 
|  45|0x0000000082d00000, 0x0000000082d00000, 0x0000000082e00000|  0%| F|  |TAMS 0x0000000082d00000, 0x0000000082d00000| Untracked 
|  46|0x0000000082e00000, 0x0000000082e00000, 0x0000000082f00000|  0%| F|  |TAMS 0x0000000082e00000, 0x0000000082e00000| Untracked 
|  47|0x0000000082f00000, 0x0000000082f00000, 0x0000000083000000|  0%| F|  |TAMS 0x0000000082f00000, 0x0000000082f00000| Untracked 
|  48|0x0000000083000000, 0x0000000083000000, 0x0000000083100000|  0%| F|  |TAMS 0x0000000083000000, 0x0000000083000000| Untracked 
|  49|0x0000000083100000, 0x0000000083100000, 0x0000000083200000|  0%| F|  |TAMS 0x0000000083100000, 0x0000000083100000| Untracked 
|  50|0x0000000083200000, 0x0000000083200000, 0x0000000083300000|  0%| F|  |TAMS 0x0000000083200000, 0x0000000083200000| Untracked 
|  51|0x0000000083300000, 0x0000000083300000, 0x0000000083400000|  0%| F|  |TAMS 0x0000000083300000, 0x0000000083300000| Untracked 
|  52|0x0000000083400000, 0x0000000083400000, 0x0000000083500000|  0%| F|  |TAMS 0x0000000083400000, 0x0000000083400000| Untracked 
|  53|0x0000000083500000, 0x0000000083500000, 0x0000000083600000|  0%| F|  |TAMS 0x0000000083500000, 0x0000000083500000| Untracked 
|  54|0x0000000083600000, 0x00000000836d78e0, 0x0000000083700000| 84%| S|CS|TAMS 0x0000000083600000, 0x0000000083600000| Complete 
|  55|0x0000000083700000, 0x0000000083800000, 0x0000000083800000|100%| S|CS|TAMS 0x0000000083700000, 0x0000000083700000| Complete 
|  56|0x0000000083800000, 0x0000000083800000, 0x0000000083900000|  0%| F|  |TAMS 0x0000000083800000, 0x0000000083800000| Untracked 
|  57|0x0000000083900000, 0x0000000083900000, 0x0000000083a00000|  0%| F|  |TAMS 0x0000000083900000, 0x0000000083900000| Untracked 
|  58|0x0000000083a00000, 0x0000000083a00000, 0x0000000083b00000|  0%| F|  |TAMS 0x0000000083a00000, 0x0000000083a00000| Untracked 
|  59|0x0000000083b00000, 0x0000000083b00000, 0x0000000083c00000|  0%| F|  |TAMS 0x0000000083b00000, 0x0000000083b00000| Untracked 
|  60|0x0000000083c00000, 0x0000000083c00000, 0x0000000083d00000|  0%| F|  |TAMS 0x0000000083c00000, 0x0000000083c00000| Untracked 
|  61|0x0000000083d00000, 0x0000000083d00000, 0x0000000083e00000|  0%| F|  |TAMS 0x0000000083d00000, 0x0000000083d00000| Untracked 
|  62|0x0000000083e00000, 0x0000000083e00000, 0x0000000083f00000|  0%| F|  |TAMS 0x0000000083e00000, 0x0000000083e00000| Untracked 
|  63|0x0000000083f00000, 0x0000000084000000, 0x0000000084000000|100%| S|CS|TAMS 0x0000000083f00000, 0x0000000083f00000| Complete 
|  64|0x0000000084000000, 0x0000000084100000, 0x0000000084100000|100%| S|CS|TAMS 0x0000000084000000, 0x0000000084000000| Complete 
|  65|0x0000000084100000, 0x0000000084200000, 0x0000000084200000|100%| S|CS|TAMS 0x0000000084100000, 0x0000000084100000| Complete 
|  66|0x0000000084200000, 0x0000000084300000, 0x0000000084300000|100%| S|CS|TAMS 0x0000000084200000, 0x0000000084200000| Complete 
|  67|0x0000000084300000, 0x0000000084300000, 0x0000000084400000|  0%| F|  |TAMS 0x0000000084300000, 0x0000000084300000| Untracked 
|  68|0x0000000084400000, 0x0000000084400000, 0x0000000084500000|  0%| F|  |TAMS 0x0000000084400000, 0x0000000084400000| Untracked 
|  69|0x0000000084500000, 0x0000000084500000, 0x0000000084600000|  0%| F|  |TAMS 0x0000000084500000, 0x0000000084500000| Untracked 
|  70|0x0000000084600000, 0x0000000084600000, 0x0000000084700000|  0%| F|  |TAMS 0x0000000084600000, 0x0000000084600000| Untracked 
|  71|0x0000000084700000, 0x0000000084700000, 0x0000000084800000|  0%| F|  |TAMS 0x0000000084700000, 0x0000000084700000| Untracked 
|  72|0x0000000084800000, 0x0000000084800000, 0x0000000084900000|  0%| F|  |TAMS 0x0000000084800000, 0x0000000084800000| Untracked 
|  73|0x0000000084900000, 0x0000000084900000, 0x0000000084a00000|  0%| F|  |TAMS 0x0000000084900000, 0x0000000084900000| Untracked 
|  74|0x0000000084a00000, 0x0000000084a00000, 0x0000000084b00000|  0%| F|  |TAMS 0x0000000084a00000, 0x0000000084a00000| Untracked 
|  75|0x0000000084b00000, 0x0000000084b00000, 0x0000000084c00000|  0%| F|  |TAMS 0x0000000084b00000, 0x0000000084b00000| Untracked 
|  76|0x0000000084c00000, 0x0000000084c00000, 0x0000000084d00000|  0%| F|  |TAMS 0x0000000084c00000, 0x0000000084c00000| Untracked 
|  77|0x0000000084d00000, 0x0000000084d00000, 0x0000000084e00000|  0%| F|  |TAMS 0x0000000084d00000, 0x0000000084d00000| Untracked 
|  78|0x0000000084e00000, 0x0000000084e00000, 0x0000000084f00000|  0%| F|  |TAMS 0x0000000084e00000, 0x0000000084e00000| Untracked 
|  79|0x0000000084f00000, 0x0000000084f00000, 0x0000000085000000|  0%| F|  |TAMS 0x0000000084f00000, 0x0000000084f00000| Untracked 
|  80|0x0000000085000000, 0x0000000085000000, 0x0000000085100000|  0%| F|  |TAMS 0x0000000085000000, 0x0000000085000000| Untracked 
|  81|0x0000000085100000, 0x0000000085100000, 0x0000000085200000|  0%| F|  |TAMS 0x0000000085100000, 0x0000000085100000| Untracked 
|  82|0x0000000085200000, 0x0000000085200000, 0x0000000085300000|  0%| F|  |TAMS 0x0000000085200000, 0x0000000085200000| Untracked 
|  83|0x0000000085300000, 0x0000000085300000, 0x0000000085400000|  0%| F|  |TAMS 0x0000000085300000, 0x0000000085300000| Untracked 
|  84|0x0000000085400000, 0x0000000085400000, 0x0000000085500000|  0%| F|  |TAMS 0x0000000085400000, 0x0000000085400000| Untracked 
|  85|0x0000000085500000, 0x0000000085500000, 0x0000000085600000|  0%| F|  |TAMS 0x0000000085500000, 0x0000000085500000| Untracked 
|  86|0x0000000085600000, 0x0000000085600000, 0x0000000085700000|  0%| F|  |TAMS 0x0000000085600000, 0x0000000085600000| Untracked 
|  87|0x0000000085700000, 0x0000000085700000, 0x0000000085800000|  0%| F|  |TAMS 0x0000000085700000, 0x0000000085700000| Untracked 
|  88|0x0000000085800000, 0x0000000085800000, 0x0000000085900000|  0%| F|  |TAMS 0x0000000085800000, 0x0000000085800000| Untracked 
|  89|0x0000000085900000, 0x0000000085900000, 0x0000000085a00000|  0%| F|  |TAMS 0x0000000085900000, 0x0000000085900000| Untracked 
|  90|0x0000000085a00000, 0x0000000085a00000, 0x0000000085b00000|  0%| F|  |TAMS 0x0000000085a00000, 0x0000000085a00000| Untracked 
|  91|0x0000000085b00000, 0x0000000085b00000, 0x0000000085c00000|  0%| F|  |TAMS 0x0000000085b00000, 0x0000000085b00000| Untracked 
|  92|0x0000000085c00000, 0x0000000085c00000, 0x0000000085d00000|  0%| F|  |TAMS 0x0000000085c00000, 0x0000000085c00000| Untracked 
|  93|0x0000000085d00000, 0x0000000085d00000, 0x0000000085e00000|  0%| F|  |TAMS 0x0000000085d00000, 0x0000000085d00000| Untracked 
|  94|0x0000000085e00000, 0x0000000085e00000, 0x0000000085f00000|  0%| F|  |TAMS 0x0000000085e00000, 0x0000000085e00000| Untracked 
|  95|0x0000000085f00000, 0x0000000085f00000, 0x0000000086000000|  0%| F|  |TAMS 0x0000000085f00000, 0x0000000085f00000| Untracked 
|  96|0x0000000086000000, 0x0000000086000000, 0x0000000086100000|  0%| F|  |TAMS 0x0000000086000000, 0x0000000086000000| Untracked 
|  97|0x0000000086100000, 0x0000000086100000, 0x0000000086200000|  0%| F|  |TAMS 0x0000000086100000, 0x0000000086100000| Untracked 
|  98|0x0000000086200000, 0x0000000086200000, 0x0000000086300000|  0%| F|  |TAMS 0x0000000086200000, 0x0000000086200000| Untracked 
|  99|0x0000000086300000, 0x0000000086300000, 0x0000000086400000|  0%| F|  |TAMS 0x0000000086300000, 0x0000000086300000| Untracked 
| 100|0x0000000086400000, 0x0000000086400000, 0x0000000086500000|  0%| F|  |TAMS 0x0000000086400000, 0x0000000086400000| Untracked 
| 101|0x0000000086500000, 0x0000000086500000, 0x0000000086600000|  0%| F|  |TAMS 0x0000000086500000, 0x0000000086500000| Untracked 
| 102|0x0000000086600000, 0x0000000086600000, 0x0000000086700000|  0%| F|  |TAMS 0x0000000086600000, 0x0000000086600000| Untracked 
| 103|0x0000000086700000, 0x0000000086700000, 0x0000000086800000|  0%| F|  |TAMS 0x0000000086700000, 0x0000000086700000| Untracked 
| 104|0x0000000086800000, 0x0000000086800000, 0x0000000086900000|  0%| F|  |TAMS 0x0000000086800000, 0x0000000086800000| Untracked 
| 105|0x0000000086900000, 0x0000000086900000, 0x0000000086a00000|  0%| F|  |TAMS 0x0000000086900000, 0x0000000086900000| Untracked 
| 106|0x0000000086a00000, 0x0000000086a00000, 0x0000000086b00000|  0%| F|  |TAMS 0x0000000086a00000, 0x0000000086a00000| Untracked 
| 107|0x0000000086b00000, 0x0000000086b00000, 0x0000000086c00000|  0%| F|  |TAMS 0x0000000086b00000, 0x0000000086b00000| Untracked 
| 108|0x0000000086c00000, 0x0000000086c00000, 0x0000000086d00000|  0%| F|  |TAMS 0x0000000086c00000, 0x0000000086c00000| Untracked 
| 109|0x0000000086d00000, 0x0000000086d00000, 0x0000000086e00000|  0%| F|  |TAMS 0x0000000086d00000, 0x0000000086d00000| Untracked 
| 110|0x0000000086e00000, 0x0000000086e00000, 0x0000000086f00000|  0%| F|  |TAMS 0x0000000086e00000, 0x0000000086e00000| Untracked 
| 111|0x0000000086f00000, 0x0000000086f00000, 0x0000000087000000|  0%| F|  |TAMS 0x0000000086f00000, 0x0000000086f00000| Untracked 
| 112|0x0000000087000000, 0x0000000087000000, 0x0000000087100000|  0%| F|  |TAMS 0x0000000087000000, 0x0000000087000000| Untracked 
| 113|0x0000000087100000, 0x0000000087200000, 0x0000000087200000|100%| E|  |TAMS 0x0000000087100000, 0x0000000087100000| Complete 
| 114|0x0000000087200000, 0x0000000087300000, 0x0000000087300000|100%| E|CS|TAMS 0x0000000087200000, 0x0000000087200000| Complete 
| 115|0x0000000087300000, 0x0000000087400000, 0x0000000087400000|100%| E|CS|TAMS 0x0000000087300000, 0x0000000087300000| Complete 
| 116|0x0000000087400000, 0x0000000087500000, 0x0000000087500000|100%| E|CS|TAMS 0x0000000087400000, 0x0000000087400000| Complete 
| 117|0x0000000087500000, 0x0000000087600000, 0x0000000087600000|100%| E|CS|TAMS 0x0000000087500000, 0x0000000087500000| Complete 
| 118|0x0000000087600000, 0x0000000087700000, 0x0000000087700000|100%| E|CS|TAMS 0x0000000087600000, 0x0000000087600000| Complete 
| 119|0x0000000087700000, 0x0000000087800000, 0x0000000087800000|100%| E|  |TAMS 0x0000000087700000, 0x0000000087700000| Complete 
| 120|0x0000000087800000, 0x0000000087900000, 0x0000000087900000|100%| E|CS|TAMS 0x0000000087800000, 0x0000000087800000| Complete 
| 121|0x0000000087900000, 0x0000000087a00000, 0x0000000087a00000|100%| E|CS|TAMS 0x0000000087900000, 0x0000000087900000| Complete 
| 122|0x0000000087a00000, 0x0000000087b00000, 0x0000000087b00000|100%| E|CS|TAMS 0x0000000087a00000, 0x0000000087a00000| Complete 
| 123|0x0000000087b00000, 0x0000000087c00000, 0x0000000087c00000|100%| E|CS|TAMS 0x0000000087b00000, 0x0000000087b00000| Complete 
| 124|0x0000000087c00000, 0x0000000087d00000, 0x0000000087d00000|100%| E|CS|TAMS 0x0000000087c00000, 0x0000000087c00000| Complete 
| 125|0x0000000087d00000, 0x0000000087e00000, 0x0000000087e00000|100%| E|CS|TAMS 0x0000000087d00000, 0x0000000087d00000| Complete 

Card table byte_map: [0x00000202e0400000,0x00000202e0800000] _byte_map_base: 0x00000202e0000000

Marking Bits (Prev, Next): (CMBitMap*) 0x00000202cd39b678, (CMBitMap*) 0x00000202cd39b6b0
 Prev Bits: [0x00000202e0c00000, 0x00000202e2c00000)
 Next Bits: [0x00000202e2c00000, 0x00000202e4c00000)

Polling page: 0x00000202cb4e0000

Metaspace:

Usage:
  Non-class:     38.83 MB capacity,    38.09 MB ( 98%) used,   653.00 KB (  2%) free+waste,    98.88 KB ( <1%) overhead. 
      Class:      5.99 MB capacity,     5.60 MB ( 93%) used,   353.32 KB (  6%) free+waste,    47.38 KB ( <1%) overhead. 
       Both:     44.82 MB capacity,    43.69 MB ( 97%) used,  1006.32 KB (  2%) free+waste,   146.25 KB ( <1%) overhead. 

Virtual space:
  Non-class space:       40.00 MB reserved,      39.00 MB ( 98%) committed 
      Class space:        1.00 GB reserved,       6.00 MB ( <1%) committed 
             Both:        1.04 GB reserved,      45.00 MB (  4%) committed 

Chunk freelists:
   Non-Class:  51.00 KB
       Class:  9.00 KB
        Both:  60.00 KB

MaxMetaspaceSize: 17179869184.00 GB
CompressedClassSpaceSize: 1.00 GB

CodeHeap 'non-profiled nmethods': size=120000Kb used=1923Kb max_used=1923Kb free=118077Kb
 bounds [0x00000202d87a0000, 0x00000202d8a10000, 0x00000202dfcd0000]
CodeHeap 'profiled nmethods': size=120000Kb used=8265Kb max_used=8265Kb free=111734Kb
 bounds [0x00000202d1270000, 0x00000202d1a90000, 0x00000202d87a0000]
CodeHeap 'non-nmethods': size=5760Kb used=2198Kb max_used=2234Kb free=3561Kb
 bounds [0x00000202d0cd0000, 0x00000202d0f40000, 0x00000202d1270000]
 total_blobs=4943 nmethods=4184 adapters=670
 compilation: enabled
              stopped_count=0, restarted_count=0
 full_count=0

Compilation events (20 events):
Event: 5.399 Thread 0x00000202e7fd1800 4367       3       jdk.internal.loader.URLClassPath$JarLoader::isOptimizable (10 bytes)
Event: 5.399 Thread 0x00000202e7fd1800 nmethod 4367 0x00000202d1a5f690 code [0x00000202d1a5f840, 0x00000202d1a5f988]
Event: 5.399 Thread 0x00000202e7fd1800 4368       3       jdk.internal.loader.FileURLMapper::<init> (10 bytes)
Event: 5.399 Thread 0x00000202e7fd1800 nmethod 4368 0x00000202d1a5fa90 code [0x00000202d1a5fc40, 0x00000202d1a5fdf8]
Event: 5.399 Thread 0x00000202e7fd1800 4369       3       jdk.internal.loader.FileURLMapper::exists (19 bytes)
Event: 5.400 Thread 0x00000202e7fd1800 nmethod 4369 0x00000202d1a5fe90 code [0x00000202d1a60060, 0x00000202d1a60268]
Event: 5.400 Thread 0x00000202e7fd1800 4370       3       jdk.internal.loader.URLClassPath$JarLoader::<init> (67 bytes)
Event: 5.401 Thread 0x00000202e7fd1800 nmethod 4370 0x00000202d1a60390 code [0x00000202d1a60660, 0x00000202d1a61438]
Event: 5.401 Thread 0x00000202e7fd1800 4372       3       sun.nio.fs.WindowsFileAttributeViews$Basic::readAttributes (5 bytes)
Event: 5.401 Thread 0x00000202e7fd1800 nmethod 4372 0x00000202d1a61910 code [0x00000202d1a61ac0, 0x00000202d1a61c68]
Event: 5.401 Thread 0x00000202e7fd1800 4373   !   3       sun.nio.fs.WindowsFileAttributeViews$Basic::readAttributes (30 bytes)
Event: 5.401 Thread 0x00000202e7fd1800 nmethod 4373 0x00000202d1a61d10 code [0x00000202d1a61f00, 0x00000202d1a62388]
Event: 5.401 Thread 0x00000202e7fd1800 4374   !   3       sun.nio.fs.WindowsFileAttributes::get (214 bytes)
Event: 5.403 Thread 0x00000202e7fd1800 nmethod 4374 0x00000202d1a62510 code [0x00000202d1a62a20, 0x00000202d1a64b68]
Event: 5.403 Thread 0x00000202e7fd1800 4375   !   3       sun.nio.fs.WindowsNativeDispatcher::GetFileAttributesEx (30 bytes)
Event: 5.403 Thread 0x00000202e7fd1800 nmethod 4375 0x00000202d1a65e10 code [0x00000202d1a66000, 0x00000202d1a662d8]
Event: 5.403 Thread 0x00000202e7fd1800 4377       3       sun.nio.fs.WindowsFileAttributes::fromFileAttributeData (104 bytes)
Event: 5.403 Thread 0x00000202e7fd1800 nmethod 4377 0x00000202d1a66510 code [0x00000202d1a66700, 0x00000202d1a66ba8]
Event: 5.403 Thread 0x00000202e7fd1800 4371       3       jdk.internal.loader.URLClassPath$Loader::<init> (10 bytes)
Event: 5.403 Thread 0x00000202e7fd1800 nmethod 4371 0x00000202d1a66e10 code [0x00000202d1a66fc0, 0x00000202d1a67178]

GC Heap History (14 events):
Event: 0.946 GC heap before
{Heap before GC invocations=0 (full 0):
 garbage-first heap   total 129024K, used 29696K [0x0000000080000000, 0x0000000100000000)
  region size 1024K, 24 young (24576K), 0 survivors (0K)
 Metaspace       used 10402K, capacity 10640K, committed 11008K, reserved 1058816K
  class space    used 1098K, capacity 1164K, committed 1280K, reserved 1048576K
}
Event: 0.949 GC heap after
{Heap after GC invocations=1 (full 0):
 garbage-first heap   total 129024K, used 8599K [0x0000000080000000, 0x0000000100000000)
  region size 1024K, 3 young (3072K), 3 survivors (3072K)
 Metaspace       used 10402K, capacity 10640K, committed 11008K, reserved 1058816K
  class space    used 1098K, capacity 1164K, committed 1280K, reserved 1048576K
}
Event: 2.577 GC heap before
{Heap before GC invocations=1 (full 0):
 garbage-first heap   total 129024K, used 82327K [0x0000000080000000, 0x0000000100000000)
  region size 1024K, 75 young (76800K), 3 survivors (3072K)
 Metaspace       used 18915K, capacity 19400K, committed 19712K, reserved 1067008K
  class space    used 2280K, capacity 2456K, committed 2560K, reserved 1048576K
}
Event: 2.582 GC heap after
{Heap after GC invocations=2 (full 0):
 garbage-first heap   total 129024K, used 15438K [0x0000000080000000, 0x0000000100000000)
  region size 1024K, 10 young (10240K), 10 survivors (10240K)
 Metaspace       used 18915K, capacity 19400K, committed 19712K, reserved 1067008K
  class space    used 2280K, capacity 2456K, committed 2560K, reserved 1048576K
}
Event: 2.699 GC heap before
{Heap before GC invocations=2 (full 0):
 garbage-first heap   total 129024K, used 27726K [0x0000000080000000, 0x0000000100000000)
  region size 1024K, 23 young (23552K), 10 survivors (10240K)
 Metaspace       used 20642K, capacity 21105K, committed 21248K, reserved 1067008K
  class space    used 2526K, capacity 2710K, committed 2816K, reserved 1048576K
}
Event: 2.705 GC heap after
{Heap after GC invocations=3 (full 0):
 garbage-first heap   total 129024K, used 16404K [0x0000000080000000, 0x0000000100000000)
  region size 1024K, 1 young (1024K), 1 survivors (1024K)
 Metaspace       used 20642K, capacity 21105K, committed 21248K, reserved 1067008K
  class space    used 2526K, capacity 2710K, committed 2816K, reserved 1048576K
}
Event: 3.126 GC heap before
{Heap before GC invocations=4 (full 0):
 garbage-first heap   total 129024K, used 67604K [0x0000000080000000, 0x0000000100000000)
  region size 1024K, 52 young (53248K), 1 survivors (1024K)
 Metaspace       used 26419K, capacity 27057K, committed 27264K, reserved 1073152K
  class space    used 3460K, capacity 3697K, committed 3712K, reserved 1048576K
}
Event: 3.128 GC heap after
{Heap after GC invocations=5 (full 0):
 garbage-first heap   total 129024K, used 18122K [0x0000000080000000, 0x0000000100000000)
  region size 1024K, 3 young (3072K), 3 survivors (3072K)
 Metaspace       used 26419K, capacity 27057K, committed 27264K, reserved 1073152K
  class space    used 3460K, capacity 3697K, committed 3712K, reserved 1048576K
}
Event: 3.879 GC heap before
{Heap before GC invocations=5 (full 0):
 garbage-first heap   total 129024K, used 64202K [0x0000000080000000, 0x0000000100000000)
  region size 1024K, 49 young (50176K), 3 survivors (3072K)
 Metaspace       used 35103K, capacity 35769K, committed 35840K, reserved 1081344K
  class space    used 4567K, capacity 4856K, committed 4864K, reserved 1048576K
}
Event: 3.885 GC heap after
{Heap after GC invocations=6 (full 0):
 garbage-first heap   total 129024K, used 21320K [0x0000000080000000, 0x0000000100000000)
  region size 1024K, 6 young (6144K), 6 survivors (6144K)
 Metaspace       used 35103K, capacity 35769K, committed 35840K, reserved 1081344K
  class space    used 4567K, capacity 4856K, committed 4864K, reserved 1048576K
}
Event: 4.385 GC heap before
{Heap before GC invocations=7 (full 0):
 garbage-first heap   total 129024K, used 82760K [0x0000000080000000, 0x0000000100000000)
  region size 1024K, 63 young (64512K), 6 survivors (6144K)
 Metaspace       used 40772K, capacity 41661K, committed 41984K, reserved 1085440K
  class space    used 5209K, capacity 5534K, committed 5632K, reserved 1048576K
}
Event: 4.391 GC heap after
{Heap after GC invocations=8 (full 0):
 garbage-first heap   total 129024K, used 24594K [0x0000000080000000, 0x0000000100000000)
  region size 1024K, 7 young (7168K), 7 survivors (7168K)
 Metaspace       used 40772K, capacity 41661K, committed 41984K, reserved 1085440K
  class space    used 5209K, capacity 5534K, committed 5632K, reserved 1048576K
}
Event: 5.242 GC heap before
{Heap before GC invocations=8 (full 0):
 garbage-first heap   total 129024K, used 85010K [0x0000000080000000, 0x0000000100000000)
  region size 1024K, 66 young (67584K), 7 survivors (7168K)
 Metaspace       used 44321K, capacity 45373K, committed 45568K, reserved 1089536K
  class space    used 5675K, capacity 6028K, committed 6144K, reserved 1048576K
}
Event: 5.247 GC heap after
{Heap after GC invocations=9 (full 0):
 garbage-first heap   total 129024K, used 27243K [0x0000000080000000, 0x0000000100000000)
  region size 1024K, 6 young (6144K), 6 survivors (6144K)
 Metaspace       used 44321K, capacity 45373K, committed 45568K, reserved 1089536K
  class space    used 5675K, capacity 6028K, committed 6144K, reserved 1048576K
}

Deoptimization events (20 events):
Event: 5.251 Thread 0x00000202ea143000 DEOPT PACKING pc=0x00000202d157d0fa sp=0x000000e3fdffe830
Event: 5.251 Thread 0x00000202ea143000 DEOPT UNPACKING pc=0x00000202d0cf72ce sp=0x000000e3fdffdc68 mode 0
Event: 5.256 Thread 0x00000202e9abb800 DEOPT PACKING pc=0x00000202d12fd521 sp=0x000000e3fd6fa160
Event: 5.256 Thread 0x00000202e9abb800 DEOPT UNPACKING pc=0x00000202d0cf72ce sp=0x000000e3fd6f9658 mode 0
Event: 5.286 Thread 0x00000202e9abb800 DEOPT PACKING pc=0x00000202d158c25a sp=0x000000e3fd6f24e0
Event: 5.286 Thread 0x00000202e9abb800 DEOPT UNPACKING pc=0x00000202d0cf72ce sp=0x000000e3fd6f1968 mode 0
Event: 5.286 Thread 0x00000202e9abb800 DEOPT PACKING pc=0x00000202d1a513aa sp=0x000000e3fd6f2520
Event: 5.286 Thread 0x00000202e9abb800 DEOPT UNPACKING pc=0x00000202d0cf72ce sp=0x000000e3fd6f1b10 mode 0
Event: 5.287 Thread 0x00000202e9abb800 Uncommon trap: trap_request=0xffffff4d fr.pc=0x00000202d880709c relative=0x000000000000171c
Event: 5.287 Thread 0x00000202e9abb800 Uncommon trap: reason=unstable_if action=reinterpret pc=0x00000202d880709c method=java.util.zip.ZipFile$Source.isMetaName([BII)Z @ 43 c2
Event: 5.287 Thread 0x00000202e9abb800 DEOPT PACKING pc=0x00000202d880709c sp=0x000000e3fd6f2620
Event: 5.287 Thread 0x00000202e9abb800 DEOPT UNPACKING pc=0x00000202d0cf74af sp=0x000000e3fd6f25a0 mode 2
Event: 5.287 Thread 0x00000202e9abb800 Uncommon trap: trap_request=0xffffff4d fr.pc=0x00000202d8829830 relative=0x0000000000001510
Event: 5.287 Thread 0x00000202e9abb800 Uncommon trap: reason=unstable_if action=reinterpret pc=0x00000202d8829830 method=java.util.jar.JarFile.checkForSpecialAttributes()V @ 53 c2
Event: 5.287 Thread 0x00000202e9abb800 DEOPT PACKING pc=0x00000202d8829830 sp=0x000000e3fd6f2b20
Event: 5.287 Thread 0x00000202e9abb800 DEOPT UNPACKING pc=0x00000202d0cf74af sp=0x000000e3fd6f2a28 mode 2
Event: 5.312 Thread 0x00000202e9abb800 Uncommon trap: trap_request=0xffffff4d fr.pc=0x00000202d882c550 relative=0x00000000000012d0
Event: 5.312 Thread 0x00000202e9abb800 Uncommon trap: reason=unstable_if action=reinterpret pc=0x00000202d882c550 method=java.util.jar.JarFile.checkForSpecialAttributes()V @ 53 c2
Event: 5.312 Thread 0x00000202e9abb800 DEOPT PACKING pc=0x00000202d882c550 sp=0x000000e3fd6f2a80
Event: 5.312 Thread 0x00000202e9abb800 DEOPT UNPACKING pc=0x00000202d0cf74af sp=0x000000e3fd6f2a30 mode 2

Classes redefined (0 events):
No events

Internal exceptions (20 events):
Event: 5.289 Thread 0x00000202e9abb800 Exception <a 'java/security/PrivilegedActionException'{0x000000008791d138}> (0x000000008791d138) thrown at [./src/hotspot/share/prims/jvm.cpp, line 1297]
Event: 5.289 Thread 0x00000202e9abb800 Exception <a 'java/security/PrivilegedActionException'{0x000000008791e150}> (0x000000008791e150) thrown at [./src/hotspot/share/prims/jvm.cpp, line 1297]
Event: 5.289 Thread 0x00000202e9abb800 Exception <a 'java/security/PrivilegedActionException'{0x0000000087920b98}> (0x0000000087920b98) thrown at [./src/hotspot/share/prims/jvm.cpp, line 1297]
Event: 5.289 Thread 0x00000202e9abb800 Exception <a 'java/security/PrivilegedActionException'{0x0000000087921bb0}> (0x0000000087921bb0) thrown at [./src/hotspot/share/prims/jvm.cpp, line 1297]
Event: 5.289 Thread 0x00000202e9abb800 Exception <a 'java/security/PrivilegedActionException'{0x0000000087924510}> (0x0000000087924510) thrown at [./src/hotspot/share/prims/jvm.cpp, line 1297]
Event: 5.289 Thread 0x00000202e9abb800 Exception <a 'java/security/PrivilegedActionException'{0x0000000087925528}> (0x0000000087925528) thrown at [./src/hotspot/share/prims/jvm.cpp, line 1297]
Event: 5.312 Thread 0x00000202e9abb800 Exception <a 'java/security/PrivilegedActionException'{0x00000000879c84f0}> (0x00000000879c84f0) thrown at [./src/hotspot/share/prims/jvm.cpp, line 1297]
Event: 5.312 Thread 0x00000202e9abb800 Exception <a 'java/security/PrivilegedActionException'{0x00000000879c9508}> (0x00000000879c9508) thrown at [./src/hotspot/share/prims/jvm.cpp, line 1297]
Event: 5.362 Thread 0x00000202e9abb800 Exception <a 'java/security/PrivilegedActionException'{0x00000000876df058}> (0x00000000876df058) thrown at [./src/hotspot/share/prims/jvm.cpp, line 1297]
Event: 5.362 Thread 0x00000202e9abb800 Exception <a 'java/security/PrivilegedActionException'{0x00000000876e0070}> (0x00000000876e0070) thrown at [./src/hotspot/share/prims/jvm.cpp, line 1297]
Event: 5.362 Thread 0x00000202e9abb800 Exception <a 'java/security/PrivilegedActionException'{0x00000000876e29f0}> (0x00000000876e29f0) thrown at [./src/hotspot/share/prims/jvm.cpp, line 1297]
Event: 5.362 Thread 0x00000202e9abb800 Exception <a 'java/security/PrivilegedActionException'{0x00000000876e3a08}> (0x00000000876e3a08) thrown at [./src/hotspot/share/prims/jvm.cpp, line 1297]
Event: 5.362 Thread 0x00000202e9abb800 Exception <a 'java/security/PrivilegedActionException'{0x00000000876e6438}> (0x00000000876e6438) thrown at [./src/hotspot/share/prims/jvm.cpp, line 1297]
Event: 5.362 Thread 0x00000202e9abb800 Exception <a 'java/security/PrivilegedActionException'{0x00000000876e7450}> (0x00000000876e7450) thrown at [./src/hotspot/share/prims/jvm.cpp, line 1297]
Event: 5.362 Thread 0x00000202e9abb800 Exception <a 'java/security/PrivilegedActionException'{0x00000000876e9dd8}> (0x00000000876e9dd8) thrown at [./src/hotspot/share/prims/jvm.cpp, line 1297]
Event: 5.362 Thread 0x00000202e9abb800 Exception <a 'java/security/PrivilegedActionException'{0x00000000876eadf0}> (0x00000000876eadf0) thrown at [./src/hotspot/share/prims/jvm.cpp, line 1297]
Event: 5.363 Thread 0x00000202e9abb800 Exception <a 'java/security/PrivilegedActionException'{0x00000000876ed7c8}> (0x00000000876ed7c8) thrown at [./src/hotspot/share/prims/jvm.cpp, line 1297]
Event: 5.363 Thread 0x00000202e9abb800 Exception <a 'java/security/PrivilegedActionException'{0x00000000876ee7e0}> (0x00000000876ee7e0) thrown at [./src/hotspot/share/prims/jvm.cpp, line 1297]
Event: 5.363 Thread 0x00000202e9abb800 Exception <a 'java/security/PrivilegedActionException'{0x00000000876f1210}> (0x00000000876f1210) thrown at [./src/hotspot/share/prims/jvm.cpp, line 1297]
Event: 5.363 Thread 0x00000202e9abb800 Exception <a 'java/security/PrivilegedActionException'{0x00000000876f2228}> (0x00000000876f2228) thrown at [./src/hotspot/share/prims/jvm.cpp, line 1297]

Events (20 events):
Event: 5.267 loading class groovy/runtime/metaclass/build_5tbq9y2mkbmycnsaxe48qdf17MetaClass done
Event: 5.268 loading class build_5tbq9y2mkbmycnsaxe48qdf17BeanInfo
Event: 5.268 loading class build_5tbq9y2mkbmycnsaxe48qdf17BeanInfo done
Event: 5.269 loading class build_5tbq9y2mkbmycnsaxe48qdf17BeanInfo
Event: 5.269 loading class build_5tbq9y2mkbmycnsaxe48qdf17BeanInfo done
Event: 5.269 loading class build_5tbq9y2mkbmycnsaxe48qdf17Customizer
Event: 5.269 loading class build_5tbq9y2mkbmycnsaxe48qdf17Customizer done
Event: 5.269 loading class build_5tbq9y2mkbmycnsaxe48qdf17Customizer
Event: 5.269 loading class build_5tbq9y2mkbmycnsaxe48qdf17Customizer done
Event: 5.270 loading class groovy/runtime/metaclass/build_5tbq9y2mkbmycnsaxe48qdf17$_run_closure1MetaClass
Event: 5.270 loading class groovy/runtime/metaclass/build_5tbq9y2mkbmycnsaxe48qdf17$_run_closure1MetaClass done
Event: 5.271 loading class groovy/runtime/metaclass/org/gradle/api/internal/project/DefaultProject_DecoratedMetaClass
Event: 5.271 loading class groovy/runtime/metaclass/org/gradle/api/internal/project/DefaultProject_DecoratedMetaClass done
Event: 5.273 loading class org/gradle/api/internal/project/DefaultProject_DecoratedBeanInfo
Event: 5.273 loading class org/gradle/api/internal/project/DefaultProject_DecoratedBeanInfo done
Event: 5.273 loading class org/gradle/api/internal/project/DefaultProject_DecoratedBeanInfo
Event: 5.273 loading class org/gradle/api/internal/project/DefaultProject_DecoratedBeanInfo done
Event: 5.273 loading class org/gradle/api/internal/project/DefaultProject_DecoratedBeanInfo
Event: 5.273 loading class org/gradle/api/internal/project/DefaultProject_DecoratedBeanInfo done
Event: 5.400 Loaded shared library C:\Users\ACER\Downloads\android-studio\jre\bin\nio.dll


Dynamic libraries:
0x00007ff6c2b30000 - 0x00007ff6c2b3a000 	C:\Users\ACER\Downloads\android-studio\jre\bin\java.exe
0x00007ffe22360000 - 0x00007ffe22550000 	C:\Windows\SYSTEM32\ntdll.dll
0x00007ffe216f0000 - 0x00007ffe217a2000 	C:\Windows\System32\KERNEL32.DLL
0x00007ffe1fce0000 - 0x00007ffe1ff85000 	C:\Windows\System32\KERNELBASE.dll
0x00007ffe1fbb0000 - 0x00007ffe1fcaa000 	C:\Windows\System32\ucrtbase.dll
0x00007ffe1ad00000 - 0x00007ffe1ad17000 	C:\Users\ACER\Downloads\android-studio\jre\bin\VCRUNTIME140.dll
0x00007ffe1b160000 - 0x00007ffe1b179000 	C:\Users\ACER\Downloads\android-studio\jre\bin\jli.dll
0x00007ffe21ed0000 - 0x00007ffe22064000 	C:\Windows\System32\USER32.dll
0x00007ffe200e0000 - 0x00007ffe20101000 	C:\Windows\System32\win32u.dll
0x00007ffe20410000 - 0x00007ffe20436000 	C:\Windows\System32\GDI32.dll
0x00007ffe1e6f0000 - 0x00007ffe1e974000 	C:\Windows\WinSxS\amd64_microsoft.windows.common-controls_6595b64144ccf1df_6.0.18362.1440_none_9e7dbfb9e45e8e67\COMCTL32.dll
0x00007ffe20110000 - 0x00007ffe202a8000 	C:\Windows\System32\gdi32full.dll
0x00007ffe22070000 - 0x00007ffe2210e000 	C:\Windows\System32\msvcrt.dll
0x00007ffe20040000 - 0x00007ffe200de000 	C:\Windows\System32\msvcp_win.dll
0x00007ffe21ac0000 - 0x00007ffe21df6000 	C:\Windows\System32\combase.dll
0x00007ffe20c00000 - 0x00007ffe20d1f000 	C:\Windows\System32\RPCRT4.dll
0x00007ffe1fb20000 - 0x00007ffe1fba1000 	C:\Windows\System32\bcryptPrimitives.dll
0x00007ffe209a0000 - 0x00007ffe209ce000 	C:\Windows\System32\IMM32.DLL
0x00007ffde3d80000 - 0x00007ffde3e1d000 	C:\Users\ACER\Downloads\android-studio\jre\bin\msvcp140.dll
0x00007ffde9980000 - 0x00007ffdea43c000 	C:\Users\ACER\Downloads\android-studio\jre\bin\server\jvm.dll
0x00007ffe21640000 - 0x00007ffe216e3000 	C:\Windows\System32\ADVAPI32.dll
0x00007ffe215a0000 - 0x00007ffe21637000 	C:\Windows\System32\sechost.dll
0x00007ffe20450000 - 0x00007ffe20458000 	C:\Windows\System32\PSAPI.DLL
0x00007ffe19630000 - 0x00007ffe1963a000 	C:\Windows\SYSTEM32\VERSION.dll
0x00007ffe0aec0000 - 0x00007ffe0aee4000 	C:\Windows\SYSTEM32\WINMM.dll
0x00007ffe1d550000 - 0x00007ffe1d559000 	C:\Windows\SYSTEM32\WSOCK32.dll
0x00007ffe217b0000 - 0x00007ffe2181f000 	C:\Windows\System32\WS2_32.dll
0x00007ffe13030000 - 0x00007ffe1305d000 	C:\Windows\SYSTEM32\WINMMBASE.dll
0x00007ffe1fad0000 - 0x00007ffe1fb1a000 	C:\Windows\System32\cfgmgr32.dll
0x00007ffe1f220000 - 0x00007ffe1f231000 	C:\Windows\System32\kernel.appcore.dll
0x00007ffe1a2a0000 - 0x00007ffe1a2b1000 	C:\Users\ACER\Downloads\android-studio\jre\bin\verify.dll
0x00007ffe1ecd0000 - 0x00007ffe1eec4000 	C:\Windows\SYSTEM32\DBGHELP.DLL
0x00007ffe1ec20000 - 0x00007ffe1ec4a000 	C:\Windows\SYSTEM32\dbgcore.DLL
0x00007ffe1a270000 - 0x00007ffe1a299000 	C:\Users\ACER\Downloads\android-studio\jre\bin\java.dll
0x00007ffe1a260000 - 0x00007ffe1a26b000 	C:\Users\ACER\Downloads\android-studio\jre\bin\jimage.dll
0x00007ffe1a060000 - 0x00007ffe1a078000 	C:\Users\ACER\Downloads\android-studio\jre\bin\zip.dll
0x00007ffe20dd0000 - 0x00007ffe214b8000 	C:\Windows\System32\SHELL32.dll
0x00007ffe208d0000 - 0x00007ffe20977000 	C:\Windows\System32\shcore.dll
0x00007ffe1f2d0000 - 0x00007ffe1fa4b000 	C:\Windows\System32\windows.storage.dll
0x00007ffe1f2b0000 - 0x00007ffe1f2ce000 	C:\Windows\System32\profapi.dll
0x00007ffe1f240000 - 0x00007ffe1f28a000 	C:\Windows\System32\powrprof.dll
0x00007ffe1f210000 - 0x00007ffe1f220000 	C:\Windows\System32\UMPDC.dll
0x00007ffe21820000 - 0x00007ffe21872000 	C:\Windows\System32\shlwapi.dll
0x00007ffe1fa50000 - 0x00007ffe1fa67000 	C:\Windows\System32\cryptsp.dll
0x00007ffdf95c0000 - 0x00007ffdf95da000 	C:\Users\ACER\Downloads\android-studio\jre\bin\net.dll
0x00007ffe16c80000 - 0x00007ffe16d7a000 	C:\Windows\SYSTEM32\WINHTTP.dll
0x00007ffe1e390000 - 0x00007ffe1e3f7000 	C:\Windows\system32\mswsock.dll
0x00007ffdf9150000 - 0x00007ffdf9164000 	C:\Users\ACER\Downloads\android-studio\jre\bin\nio.dll
0x00007ffe15110000 - 0x00007ffe15137000 	C:\Users\ACER\.gradle\native\fdc75f09e3144964f2cf3f50f0aa648679c211496f362492102eb8c894070792\windows-amd64\native-platform.dll
0x00007ffde5ce0000 - 0x00007ffde5e76000 	C:\Users\ACER\.gradle\native\12488b8bf47d2d4c9fbf2f6322a914ad602e24e48041cd04a747c6da556b65c4\windows-amd64\native-platform-file-events.dll
0x00007ffe1a250000 - 0x00007ffe1a25a000 	C:\Users\ACER\Downloads\android-studio\jre\bin\management.dll
0x00007ffe12640000 - 0x00007ffe1264c000 	C:\Users\ACER\Downloads\android-studio\jre\bin\management_ext.dll
0x00007ffe1df40000 - 0x00007ffe1df73000 	C:\Windows\system32\rsaenh.dll
0x00007ffe1fcb0000 - 0x00007ffe1fcd6000 	C:\Windows\System32\bcrypt.dll
0x00007ffe1f0f0000 - 0x00007ffe1f115000 	C:\Windows\SYSTEM32\USERENV.dll
0x00007ffe1e610000 - 0x00007ffe1e61c000 	C:\Windows\SYSTEM32\CRYPTBASE.dll
0x00007ffe1e0d0000 - 0x00007ffe1e10a000 	C:\Windows\SYSTEM32\IPHLPAPI.DLL
0x00007ffe20440000 - 0x00007ffe20448000 	C:\Windows\System32\NSI.dll
0x00007ffe180c0000 - 0x00007ffe180d6000 	C:\Windows\SYSTEM32\dhcpcsvc6.DLL
0x00007ffe18340000 - 0x00007ffe1835c000 	C:\Windows\SYSTEM32\dhcpcsvc.DLL
0x00007ffe1e110000 - 0x00007ffe1e1db000 	C:\Windows\SYSTEM32\DNSAPI.dll
0x00007ffe18850000 - 0x00007ffe1885b000 	C:\Windows\SYSTEM32\WINNSI.DLL

dbghelp: loaded successfully - version: 4.0.5 - missing functions: none
symbol engine: initialized successfully - sym options: 0x614 - pdb path: .;C:\Users\ACER\Downloads\android-studio\jre\bin;C:\Windows\SYSTEM32;C:\Windows\WinSxS\amd64_microsoft.windows.common-controls_6595b64144ccf1df_6.0.18362.1440_none_9e7dbfb9e45e8e67;C:\Users\ACER\Downloads\android-studio\jre\bin\server;C:\Users\ACER\.gradle\native\fdc75f09e3144964f2cf3f50f0aa648679c211496f362492102eb8c894070792\windows-amd64;C:\Users\ACER\.gradle\native\12488b8bf47d2d4c9fbf2f6322a914ad602e24e48041cd04a747c6da556b65c4\windows-amd64

VM Arguments:
jvm_args: --add-opens=java.base/java.util=ALL-UNNAMED --add-opens=java.base/java.lang=ALL-UNNAMED --add-opens=java.base/java.lang.invoke=ALL-UNNAMED --add-opens=java.prefs/java.util.prefs=ALL-UNNAMED -Xmx2048m -Dfile.encoding=UTF-8 -Duser.country=US -Duser.language=en -Duser.variant 
java_command: org.gradle.launcher.daemon.bootstrap.GradleDaemon 6.7.1
java_class_path (initial): C:\Users\ACER\.gradle\wrapper\dists\gradle-6.7.1-all\2moa8rlfac5eqlcfgk98k0deb\gradle-6.7.1\lib\gradle-launcher-6.7.1.jar
Launcher Type: SUN_STANDARD

[Global flags]
     intx CICompilerCount                          = 4                                         {product} {ergonomic}
     uint ConcGCThreads                            = 2                                         {product} {ergonomic}
     uint G1ConcRefinementThreads                  = 8                                         {product} {ergonomic}
   size_t G1HeapRegionSize                         = 1048576                                   {product} {ergonomic}
    uintx GCDrainStackTargetSize                   = 64                                        {product} {ergonomic}
   size_t InitialHeapSize                          = 132120576                                 {product} {ergonomic}
   size_t MarkStackSize                            = 4194304                                   {product} {ergonomic}
   size_t MaxHeapSize                              = 2147483648                                {product} {command line}
   size_t MaxNewSize                               = 1287651328                                {product} {ergonomic}
   size_t MinHeapDeltaBytes                        = 1048576                                   {product} {ergonomic}
    uintx NonNMethodCodeHeapSize                   = 5836300                                {pd product} {ergonomic}
    uintx NonProfiledCodeHeapSize                  = 122910970                              {pd product} {ergonomic}
    uintx ProfiledCodeHeapSize                     = 122910970                              {pd product} {ergonomic}
    uintx ReservedCodeCacheSize                    = 251658240                              {pd product} {ergonomic}
     bool SegmentedCodeCache                       = true                                      {product} {ergonomic}
     bool UseCompressedClassPointers               = true                                 {lp64_product} {ergonomic}
     bool UseCompressedOops                        = true                                 {lp64_product} {ergonomic}
     bool UseG1GC                                  = true                                      {product} {ergonomic}
     bool UseLargePagesIndividualAllocation        = false                                  {pd product} {ergonomic}

Logging:
Log output configuration:
 #0: stdout all=warning uptime,level,tags
 #1: stderr all=off uptime,level,tags

Environment Variables:
PATH=C:\Program Files\Common Files\Oracle\Java\javapath;C:\Windows\system32;C:\Windows;C:\Windows\System32\Wbem;C:\Windows\System32\WindowsPowerShell\v1.0\;C:\Windows\System32\OpenSSH\;C:\Program Files (x86)\NVIDIA Corporation\PhysX\Common;C:\Program Files\NVIDIA Corporation\NVIDIA NvDLISR;C:\Users\ACER\AppData\Local\Microsoft\WindowsApps;;C:\Users\ACER\AppData\Local\Programs\Microsoft VS Code\bin
USERNAME=ACER
OS=Windows_NT
PROCESSOR_IDENTIFIER=Intel64 Family 6 Model 158 Stepping 13, GenuineIntel



---------------  S Y S T E M  ---------------

OS: Windows 10 , 64 bit Build 18362 (10.0.18362.1350)
OS uptime: 3 days 21:20 hours

CPU:total 8 (initial active 8) (4 cores per cpu, 2 threads per core) family 6 model 158 stepping 13, cmov, cx8, fxsr, mmx, sse, sse2, sse3, ssse3, sse4.1, sse4.2, popcnt, avx, avx2, aes, clmul, erms, 3dnowpref, lzcnt, ht, tsc, tscinvbit, bmi1, bmi2, adx, fma

Memory: 4k page, system-wide physical 8029M (117M free)
TotalPageFile size 32605M (AvailPageFile size 3M)
current process WorkingSet (physical memory assigned to process): 261M, peak: 263M
current process commit charge ("private bytes"): 322M, peak: 323M

vm_info: OpenJDK 64-Bit Server VM (11.0.8+10-b944.6842174) for windows-amd64 JRE (11.0.8+10-b944.6842174), built on Sep 19 2020 01:11:42 by "builder" with MS VC++ 14.0 (VS2015)

END.
