#
# There is insufficient memory for the Java Runtime Environment to continue.
# Native memory allocation (malloc) failed to allocate 1895696 bytes for Chunk::new
# Possible reasons:
#   The system is out of physical RAM or swap space
#   The process is running with CompressedOops enabled, and the Java Heap may be blocking the growth of the native heap
# Possible solutions:
#   Reduce memory load on the system
#   Increase physical memory or swap space
#   Check if swap backing store is full
#   Decrease Java heap size (-Xmx/-Xms)
#   Decrease number of Java threads
#   Decrease Java thread stack sizes (-Xss)
#   Set larger code cache with -XX:ReservedCodeCacheSize=
#   JVM is running with Unscaled Compressed Oops mode in which the Java heap is
#     placed in the first 4GB address space. The Java Heap base address is the
#     maximum limit for the native heap growth. Please use -XX:HeapBaseMinAddress
#     to set the Java Heap base and to place the Java Heap above 4GB virtual address.
# This output file may be truncated or incomplete.
#
#  Out of Memory Error (./src/hotspot/share/memory/arena.cpp:197), pid=16404, tid=27176
#
# JRE version: OpenJDK Runtime Environment (11.0.8+10) (build 11.0.8+10-b944.6842174)
# Java VM: OpenJDK 64-Bit Server VM (11.0.8+10-b944.6842174, mixed mode, tiered, compressed oops, g1 gc, windows-amd64)
# No core dump will be written. Minidumps are not enabled by default on client versions of Windows
#

---------------  S U M M A R Y ------------

Command Line: --add-opens=java.base/java.util=ALL-UNNAMED --add-opens=java.base/java.lang=ALL-UNNAMED --add-opens=java.base/java.lang.invoke=ALL-UNNAMED --add-opens=java.prefs/java.util.prefs=ALL-UNNAMED -Xmx2048m -Dfile.encoding=UTF-8 -Duser.country=US -Duser.language=en -Duser.variant org.gradle.launcher.daemon.bootstrap.GradleDaemon 6.7.1

Host: Intel(R) Core(TM) i5-9300H CPU @ 2.40GHz, 8 cores, 7G,  Windows 10 , 64 bit Build 18362 (10.0.18362.1350)
Time: Tue Mar 23 08:22:50 2021 Nepal Standard Time elapsed time: 2 seconds (0d 0h 0m 2s)

---------------  T H R E A D  ---------------

Current thread (0x0000018f9c7a7000):  JavaThread "C2 CompilerThread0" daemon [_thread_in_native, id=27176, stack(0x0000003b61400000,0x0000003b61500000)]


Current CompileTask:
C2:   2576 2324       4       java.net.URLClassLoader$1::run (5 bytes)

Stack: [0x0000003b61400000,0x0000003b61500000]
Native frames: (J=compiled Java code, j=interpreted, Vv=VM code, C=native code)
V  [jvm.dll+0x5de50a]
V  [jvm.dll+0x7122f5]
V  [jvm.dll+0x71384d]
V  [jvm.dll+0x713f03]
V  [jvm.dll+0x23e728]
V  [jvm.dll+0xb899c]
V  [jvm.dll+0xb8e9c]
V  [jvm.dll+0x35024d]
V  [jvm.dll+0x31dea3]
V  [jvm.dll+0x31d39a]
V  [jvm.dll+0x1f7702]
V  [jvm.dll+0x1f68d4]
V  [jvm.dll+0x17f32c]
V  [jvm.dll+0x205047]
V  [jvm.dll+0x203891]
V  [jvm.dll+0x6dad3f]
V  [jvm.dll+0x6d3895]
V  [jvm.dll+0x5dd4a6]
C  [ucrtbase.dll+0x210b2]
C  [KERNEL32.DLL+0x17c24]
C  [ntdll.dll+0x6d721]


---------------  P R O C E S S  ---------------

Threads class SMR info:
_java_thread_list=0x0000018f9efae640, length=27, elements={
0x0000018ffebdc800, 0x0000018f9be21000, 0x0000018f9be2b000, 0x0000018f9c7a4800,
0x0000018f9c7a5800, 0x0000018f9c7a7000, 0x0000018f9c7b1000, 0x0000018f9be37000,
0x0000018f9c8fd800, 0x0000018f9c908000, 0x0000018f9eb5e800, 0x0000018f9e928000,
0x0000018f9ea9e000, 0x0000018f9e7f5800, 0x0000018f9e006800, 0x0000018f9e487800,
0x0000018f9e277000, 0x0000018f9e279000, 0x0000018f9dfae000, 0x0000018f9d7a6000,
0x0000018f9e26f800, 0x0000018f9e26e000, 0x0000018f9e26e800, 0x0000018f9e269800,
0x0000018f9e270000, 0x0000018f9e26c000, 0x0000018f9e26a800
}

Java Threads: ( => current thread )
  0x0000018ffebdc800 JavaThread "main" [_thread_blocked, id=12252, stack(0x0000003b60900000,0x0000003b60a00000)]
  0x0000018f9be21000 JavaThread "Reference Handler" daemon [_thread_blocked, id=27856, stack(0x0000003b61000000,0x0000003b61100000)]
  0x0000018f9be2b000 JavaThread "Finalizer" daemon [_thread_blocked, id=28204, stack(0x0000003b61100000,0x0000003b61200000)]
  0x0000018f9c7a4800 JavaThread "Signal Dispatcher" daemon [_thread_blocked, id=18028, stack(0x0000003b61200000,0x0000003b61300000)]
  0x0000018f9c7a5800 JavaThread "Attach Listener" daemon [_thread_blocked, id=28364, stack(0x0000003b61300000,0x0000003b61400000)]
=>0x0000018f9c7a7000 JavaThread "C2 CompilerThread0" daemon [_thread_in_native, id=27176, stack(0x0000003b61400000,0x0000003b61500000)]
  0x0000018f9c7b1000 JavaThread "C1 CompilerThread0" daemon [_thread_blocked, id=27952, stack(0x0000003b61500000,0x0000003b61600000)]
  0x0000018f9be37000 JavaThread "Sweeper thread" daemon [_thread_blocked, id=28044, stack(0x0000003b61600000,0x0000003b61700000)]
  0x0000018f9c8fd800 JavaThread "Common-Cleaner" daemon [_thread_blocked, id=28052, stack(0x0000003b61700000,0x0000003b61800000)]
  0x0000018f9c908000 JavaThread "Service Thread" daemon [_thread_blocked, id=28048, stack(0x0000003b61800000,0x0000003b61900000)]
  0x0000018f9eb5e800 JavaThread "Daemon health stats" [_thread_blocked, id=25368, stack(0x0000003b61c00000,0x0000003b61d00000)]
  0x0000018f9e928000 JavaThread "Incoming local TCP Connector on port 57280" [_thread_in_native, id=5252, stack(0x0000003b61f00000,0x0000003b62000000)]
  0x0000018f9ea9e000 JavaThread "Daemon periodic checks" [_thread_blocked, id=20916, stack(0x0000003b62000000,0x0000003b62100000)]
  0x0000018f9e7f5800 JavaThread "Daemon" [_thread_blocked, id=1092, stack(0x0000003b62100000,0x0000003b62200000)]
  0x0000018f9e006800 JavaThread "Handler for socket connection from /127.0.0.1:57280 to /127.0.0.1:57281" [_thread_in_native, id=3216, stack(0x0000003b62200000,0x0000003b62300000)]
  0x0000018f9e487800 JavaThread "Cancel handler" [_thread_blocked, id=12544, stack(0x0000003b62300000,0x0000003b62400000)]
  0x0000018f9e277000 JavaThread "Daemon worker" [_thread_in_native, id=28268, stack(0x0000003b62400000,0x0000003b62500000)]
  0x0000018f9e279000 JavaThread "Asynchronous log dispatcher for DefaultDaemonConnection: socket connection from /127.0.0.1:57280 to /127.0.0.1:57281" [_thread_blocked, id=28240, stack(0x0000003b62500000,0x0000003b62600000)]
  0x0000018f9dfae000 JavaThread "Stdin handler" [_thread_blocked, id=6344, stack(0x0000003b62600000,0x0000003b62700000)]
  0x0000018f9d7a6000 JavaThread "Thread-8" [_thread_blocked, id=12040, stack(0x0000003b62700000,0x0000003b62800000)]
  0x0000018f9e26f800 JavaThread "Cache worker for file hash cache (C:\Users\ACER\.gradle\caches\6.7.1\fileHashes)" [_thread_blocked, id=20452, stack(0x0000003b62d00000,0x0000003b62e00000)]
  0x0000018f9e26e000 JavaThread "File lock request listener" [_thread_in_native, id=28280, stack(0x0000003b62e00000,0x0000003b62f00000)]
  0x0000018f9e26e800 JavaThread "Cache worker for journal cache (C:\Users\ACER\.gradle\caches\journal-1)" [_thread_blocked, id=28576, stack(0x0000003b63000000,0x0000003b63100000)]
  0x0000018f9e269800 JavaThread "Cache worker for file hash cache (C:\Users\ACER\AndroidStudioProjects\FoodDelivery\.gradle\6.7.1\fileHashes)" [_thread_blocked, id=19880, stack(0x0000003b63100000,0x0000003b63200000)]
  0x0000018f9e270000 JavaThread "Cache worker for checksums cache (C:\Users\ACER\AndroidStudioProjects\FoodDelivery\.gradle\checksums)" [_thread_blocked, id=27676, stack(0x0000003b63200000,0x0000003b63300000)]
  0x0000018f9e26c000 JavaThread "Cache worker for cache directory md-supplier (C:\Users\ACER\.gradle\caches\6.7.1\md-supplier)" [_thread_blocked, id=17836, stack(0x0000003b63300000,0x0000003b63400000)]
  0x0000018f9e26a800 JavaThread "Cache worker for cache directory md-rule (C:\Users\ACER\.gradle\caches\6.7.1\md-rule)" [_thread_blocked, id=9688, stack(0x0000003b63400000,0x0000003b63500000)]

Other Threads:
  0x0000018f9be1b000 VMThread "VM Thread" [stack: 0x0000003b60f00000,0x0000003b61000000] [id=28084]
  0x0000018f9c909000 WatcherThread [stack: 0x0000003b61900000,0x0000003b61a00000] [id=28288]
  0x0000018ffebf4800 GCTaskThread "GC Thread#0" [stack: 0x0000003b60a00000,0x0000003b60b00000] [id=3132]
  0x0000018f9d247800 GCTaskThread "GC Thread#1" [stack: 0x0000003b61a00000,0x0000003b61b00000] [id=24300]
  0x0000018f9d248000 GCTaskThread "GC Thread#2" [stack: 0x0000003b61b00000,0x0000003b61c00000] [id=19748]
  0x0000018f9e7f0800 GCTaskThread "GC Thread#3" [stack: 0x0000003b62800000,0x0000003b62900000] [id=9276]
  0x0000018f9e077000 GCTaskThread "GC Thread#4" [stack: 0x0000003b62900000,0x0000003b62a00000] [id=28372]
  0x0000018f9e469000 GCTaskThread "GC Thread#5" [stack: 0x0000003b62a00000,0x0000003b62b00000] [id=28376]
  0x0000018f9e2fe000 GCTaskThread "GC Thread#6" [stack: 0x0000003b62b00000,0x0000003b62c00000] [id=28380]
  0x0000018f9e414000 GCTaskThread "GC Thread#7" [stack: 0x0000003b62c00000,0x0000003b62d00000] [id=6464]
  0x0000018ffec25000 ConcurrentGCThread "G1 Main Marker" [stack: 0x0000003b60b00000,0x0000003b60c00000] [id=22720]
  0x0000018ffec28000 ConcurrentGCThread "G1 Conc#0" [stack: 0x0000003b60c00000,0x0000003b60d00000] [id=27816]
  0x0000018f9ec8a800 ConcurrentGCThread "G1 Conc#1" [stack: 0x0000003b62f00000,0x0000003b63000000] [id=15952]
  0x0000018f9bc6a800 ConcurrentGCThread "G1 Refine#0" [stack: 0x0000003b60d00000,0x0000003b60e00000] [id=27820]
  0x0000018ffecae000 ConcurrentGCThread "G1 Young RemSet Sampling" [stack: 0x0000003b60e00000,0x0000003b60f00000] [id=27824]

Threads with active compile tasks:
C2 CompilerThread0   2599 2324       4       java.net.URLClassLoader$1::run (5 bytes)

VM state:not at safepoint (normal execution)

VM Mutex/Monitor currently owned by a thread: None

Heap address: 0x0000000080000000, size: 2048 MB, Compressed Oops mode: 32-bit
Narrow klass base: 0x0000000000000000, Narrow klass shift: 3
Compressed class space size: 1073741824 Address: 0x0000000100000000

Heap:
 garbage-first heap   total 129024K, used 38558K [0x0000000080000000, 0x0000000100000000)
  region size 1024K, 24 young (24576K), 3 survivors (3072K)
 Metaspace       used 27937K, capacity 28567K, committed 28800K, reserved 1075200K
  class space    used 3691K, capacity 3924K, committed 3968K, reserved 1048576K
Heap Regions: E=young(eden), S=young(survivor), O=old, HS=humongous(starts), HC=humongous(continues), CS=collection set, F=free, A=archive, TAMS=top-at-mark-start (previous, next)
|   0|0x0000000080000000, 0x0000000080100000, 0x0000000080100000|100%| O|  |TAMS 0x0000000080100000, 0x0000000080000000| Untracked 
|   1|0x0000000080100000, 0x0000000080200000, 0x0000000080200000|100%| O|  |TAMS 0x0000000080200000, 0x0000000080100000| Untracked 
|   2|0x0000000080200000, 0x0000000080300000, 0x0000000080300000|100%| O|  |TAMS 0x0000000080300000, 0x0000000080200000| Untracked 
|   3|0x0000000080300000, 0x0000000080400000, 0x0000000080400000|100%|HS|  |TAMS 0x0000000080400000, 0x0000000080300000| Complete 
|   4|0x0000000080400000, 0x0000000080500000, 0x0000000080500000|100%|HC|  |TAMS 0x0000000080500000, 0x0000000080400000| Complete 
|   5|0x0000000080500000, 0x0000000080600000, 0x0000000080600000|100%|HC|  |TAMS 0x0000000080600000, 0x0000000080500000| Complete 
|   6|0x0000000080600000, 0x0000000080700000, 0x0000000080700000|100%| O|  |TAMS 0x0000000080700000, 0x0000000080600000| Untracked 
|   7|0x0000000080700000, 0x0000000080800000, 0x0000000080800000|100%| O|  |TAMS 0x0000000080800000, 0x0000000080700000| Untracked 
|   8|0x0000000080800000, 0x0000000080900000, 0x0000000080900000|100%| O|  |TAMS 0x0000000080900000, 0x0000000080800000| Untracked 
|   9|0x0000000080900000, 0x0000000080a00000, 0x0000000080a00000|100%| O|  |TAMS 0x0000000080a00000, 0x0000000080900000| Untracked 
|  10|0x0000000080a00000, 0x0000000080b00000, 0x0000000080b00000|100%| O|  |TAMS 0x0000000080b00000, 0x0000000080a00000| Untracked 
|  11|0x0000000080b00000, 0x0000000080c00000, 0x0000000080c00000|100%| O|  |TAMS 0x0000000080c00000, 0x0000000080b00000| Untracked 
|  12|0x0000000080c00000, 0x0000000080d00000, 0x0000000080d00000|100%| O|  |TAMS 0x0000000080d00000, 0x0000000080c00000| Untracked 
|  13|0x0000000080d00000, 0x0000000080e00000, 0x0000000080e00000|100%| O|  |TAMS 0x0000000080e00000, 0x0000000080d00000| Untracked 
|  14|0x0000000080e00000, 0x0000000080f00000, 0x0000000080f00000|100%| O|  |TAMS 0x0000000080f00000, 0x0000000080e00000| Untracked 
|  15|0x0000000080f00000, 0x0000000080f52a00, 0x0000000081000000| 32%| O|  |TAMS 0x0000000080f52a00, 0x0000000080f00000| Untracked 
|  16|0x0000000081000000, 0x0000000081000000, 0x0000000081100000|  0%| F|  |TAMS 0x0000000081000000, 0x0000000081000000| Untracked 
|  17|0x0000000081100000, 0x0000000081100000, 0x0000000081200000|  0%| F|  |TAMS 0x0000000081100000, 0x0000000081100000| Untracked 
|  18|0x0000000081200000, 0x0000000081200000, 0x0000000081300000|  0%| F|  |TAMS 0x0000000081200000, 0x0000000081200000| Untracked 
|  19|0x0000000081300000, 0x0000000081300000, 0x0000000081400000|  0%| F|  |TAMS 0x0000000081300000, 0x0000000081300000| Untracked 
|  20|0x0000000081400000, 0x0000000081400000, 0x0000000081500000|  0%| F|  |TAMS 0x0000000081400000, 0x0000000081400000| Untracked 
|  21|0x0000000081500000, 0x0000000081500000, 0x0000000081600000|  0%| F|  |TAMS 0x0000000081500000, 0x0000000081500000| Untracked 
|  22|0x0000000081600000, 0x0000000081600000, 0x0000000081700000|  0%| F|  |TAMS 0x0000000081600000, 0x0000000081600000| Untracked 
|  23|0x0000000081700000, 0x0000000081700000, 0x0000000081800000|  0%| F|  |TAMS 0x0000000081700000, 0x0000000081700000| Untracked 
|  24|0x0000000081800000, 0x0000000081800000, 0x0000000081900000|  0%| F|  |TAMS 0x0000000081800000, 0x0000000081800000| Untracked 
|  25|0x0000000081900000, 0x0000000081900000, 0x0000000081a00000|  0%| F|  |TAMS 0x0000000081900000, 0x0000000081900000| Untracked 
|  26|0x0000000081a00000, 0x0000000081a00000, 0x0000000081b00000|  0%| F|  |TAMS 0x0000000081a00000, 0x0000000081a00000| Untracked 
|  27|0x0000000081b00000, 0x0000000081b00000, 0x0000000081c00000|  0%| F|  |TAMS 0x0000000081b00000, 0x0000000081b00000| Untracked 
|  28|0x0000000081c00000, 0x0000000081c00000, 0x0000000081d00000|  0%| F|  |TAMS 0x0000000081c00000, 0x0000000081c00000| Untracked 
|  29|0x0000000081d00000, 0x0000000081d00000, 0x0000000081e00000|  0%| F|  |TAMS 0x0000000081d00000, 0x0000000081d00000| Untracked 
|  30|0x0000000081e00000, 0x0000000081e00000, 0x0000000081f00000|  0%| F|  |TAMS 0x0000000081e00000, 0x0000000081e00000| Untracked 
|  31|0x0000000081f00000, 0x0000000081f00000, 0x0000000082000000|  0%| F|  |TAMS 0x0000000081f00000, 0x0000000081f00000| Untracked 
|  32|0x0000000082000000, 0x0000000082000000, 0x0000000082100000|  0%| F|  |TAMS 0x0000000082000000, 0x0000000082000000| Untracked 
|  33|0x0000000082100000, 0x0000000082100000, 0x0000000082200000|  0%| F|  |TAMS 0x0000000082100000, 0x0000000082100000| Untracked 
|  34|0x0000000082200000, 0x0000000082200000, 0x0000000082300000|  0%| F|  |TAMS 0x0000000082200000, 0x0000000082200000| Untracked 
|  35|0x0000000082300000, 0x0000000082300000, 0x0000000082400000|  0%| F|  |TAMS 0x0000000082300000, 0x0000000082300000| Untracked 
|  36|0x0000000082400000, 0x0000000082400000, 0x0000000082500000|  0%| F|  |TAMS 0x0000000082400000, 0x0000000082400000| Untracked 
|  37|0x0000000082500000, 0x0000000082500000, 0x0000000082600000|  0%| F|  |TAMS 0x0000000082500000, 0x0000000082500000| Untracked 
|  38|0x0000000082600000, 0x0000000082600000, 0x0000000082700000|  0%| F|  |TAMS 0x0000000082600000, 0x0000000082600000| Untracked 
|  39|0x0000000082700000, 0x0000000082700000, 0x0000000082800000|  0%| F|  |TAMS 0x0000000082700000, 0x0000000082700000| Untracked 
|  40|0x0000000082800000, 0x0000000082800000, 0x0000000082900000|  0%| F|  |TAMS 0x0000000082800000, 0x0000000082800000| Untracked 
|  41|0x0000000082900000, 0x0000000082900000, 0x0000000082a00000|  0%| F|  |TAMS 0x0000000082900000, 0x0000000082900000| Untracked 
|  42|0x0000000082a00000, 0x0000000082a00000, 0x0000000082b00000|  0%| F|  |TAMS 0x0000000082a00000, 0x0000000082a00000| Untracked 
|  43|0x0000000082b00000, 0x0000000082b00000, 0x0000000082c00000|  0%| F|  |TAMS 0x0000000082b00000, 0x0000000082b00000| Untracked 
|  44|0x0000000082c00000, 0x0000000082c00000, 0x0000000082d00000|  0%| F|  |TAMS 0x0000000082c00000, 0x0000000082c00000| Untracked 
|  45|0x0000000082d00000, 0x0000000082d00000, 0x0000000082e00000|  0%| F|  |TAMS 0x0000000082d00000, 0x0000000082d00000| Untracked 
|  46|0x0000000082e00000, 0x0000000082e00000, 0x0000000082f00000|  0%| F|  |TAMS 0x0000000082e00000, 0x0000000082e00000| Untracked 
|  47|0x0000000082f00000, 0x0000000082f00000, 0x0000000083000000|  0%| F|  |TAMS 0x0000000082f00000, 0x0000000082f00000| Untracked 
|  48|0x0000000083000000, 0x0000000083000000, 0x0000000083100000|  0%| F|  |TAMS 0x0000000083000000, 0x0000000083000000| Untracked 
|  49|0x0000000083100000, 0x0000000083100000, 0x0000000083200000|  0%| F|  |TAMS 0x0000000083100000, 0x0000000083100000| Untracked 
|  50|0x0000000083200000, 0x0000000083200000, 0x0000000083300000|  0%| F|  |TAMS 0x0000000083200000, 0x0000000083200000| Untracked 
|  51|0x0000000083300000, 0x0000000083300000, 0x0000000083400000|  0%| F|  |TAMS 0x0000000083300000, 0x0000000083300000| Untracked 
|  52|0x0000000083400000, 0x0000000083400000, 0x0000000083500000|  0%| F|  |TAMS 0x0000000083400000, 0x0000000083400000| Untracked 
|  53|0x0000000083500000, 0x0000000083500000, 0x0000000083600000|  0%| F|  |TAMS 0x0000000083500000, 0x0000000083500000| Untracked 
|  54|0x0000000083600000, 0x0000000083600000, 0x0000000083700000|  0%| F|  |TAMS 0x0000000083600000, 0x0000000083600000| Untracked 
|  55|0x0000000083700000, 0x0000000083700000, 0x0000000083800000|  0%| F|  |TAMS 0x0000000083700000, 0x0000000083700000| Untracked 
|  56|0x0000000083800000, 0x0000000083800000, 0x0000000083900000|  0%| F|  |TAMS 0x0000000083800000, 0x0000000083800000| Untracked 
|  57|0x0000000083900000, 0x0000000083900000, 0x0000000083a00000|  0%| F|  |TAMS 0x0000000083900000, 0x0000000083900000| Untracked 
|  58|0x0000000083a00000, 0x0000000083a00000, 0x0000000083b00000|  0%| F|  |TAMS 0x0000000083a00000, 0x0000000083a00000| Untracked 
|  59|0x0000000083b00000, 0x0000000083b00000, 0x0000000083c00000|  0%| F|  |TAMS 0x0000000083b00000, 0x0000000083b00000| Untracked 
|  60|0x0000000083c00000, 0x0000000083c00000, 0x0000000083d00000|  0%| F|  |TAMS 0x0000000083c00000, 0x0000000083c00000| Untracked 
|  61|0x0000000083d00000, 0x0000000083d00000, 0x0000000083e00000|  0%| F|  |TAMS 0x0000000083d00000, 0x0000000083d00000| Untracked 
|  62|0x0000000083e00000, 0x0000000083e00000, 0x0000000083f00000|  0%| F|  |TAMS 0x0000000083e00000, 0x0000000083e00000| Untracked 
|  63|0x0000000083f00000, 0x0000000083f00000, 0x0000000084000000|  0%| F|  |TAMS 0x0000000083f00000, 0x0000000083f00000| Untracked 
|  64|0x0000000084000000, 0x0000000084000000, 0x0000000084100000|  0%| F|  |TAMS 0x0000000084000000, 0x0000000084000000| Untracked 
|  65|0x0000000084100000, 0x0000000084100000, 0x0000000084200000|  0%| F|  |TAMS 0x0000000084100000, 0x0000000084100000| Untracked 
|  66|0x0000000084200000, 0x0000000084200000, 0x0000000084300000|  0%| F|  |TAMS 0x0000000084200000, 0x0000000084200000| Untracked 
|  67|0x0000000084300000, 0x0000000084300000, 0x0000000084400000|  0%| F|  |TAMS 0x0000000084300000, 0x0000000084300000| Untracked 
|  68|0x0000000084400000, 0x0000000084400000, 0x0000000084500000|  0%| F|  |TAMS 0x0000000084400000, 0x0000000084400000| Untracked 
|  69|0x0000000084500000, 0x0000000084500000, 0x0000000084600000|  0%| F|  |TAMS 0x0000000084500000, 0x0000000084500000| Untracked 
|  70|0x0000000084600000, 0x0000000084600000, 0x0000000084700000|  0%| F|  |TAMS 0x0000000084600000, 0x0000000084600000| Untracked 
|  71|0x0000000084700000, 0x0000000084700000, 0x0000000084800000|  0%| F|  |TAMS 0x0000000084700000, 0x0000000084700000| Untracked 
|  72|0x0000000084800000, 0x0000000084800000, 0x0000000084900000|  0%| F|  |TAMS 0x0000000084800000, 0x0000000084800000| Untracked 
|  73|0x0000000084900000, 0x0000000084900000, 0x0000000084a00000|  0%| F|  |TAMS 0x0000000084900000, 0x0000000084900000| Untracked 
|  74|0x0000000084a00000, 0x0000000084a00000, 0x0000000084b00000|  0%| F|  |TAMS 0x0000000084a00000, 0x0000000084a00000| Untracked 
|  75|0x0000000084b00000, 0x0000000084b00000, 0x0000000084c00000|  0%| F|  |TAMS 0x0000000084b00000, 0x0000000084b00000| Untracked 
|  76|0x0000000084c00000, 0x0000000084c00000, 0x0000000084d00000|  0%| F|  |TAMS 0x0000000084c00000, 0x0000000084c00000| Untracked 
|  77|0x0000000084d00000, 0x0000000084d54ed0, 0x0000000084e00000| 33%| S|CS|TAMS 0x0000000084d00000, 0x0000000084d00000| Complete 
|  78|0x0000000084e00000, 0x0000000084f00000, 0x0000000084f00000|100%| S|CS|TAMS 0x0000000084e00000, 0x0000000084e00000| Complete 
|  79|0x0000000084f00000, 0x0000000085000000, 0x0000000085000000|100%| S|CS|TAMS 0x0000000084f00000, 0x0000000084f00000| Complete 
|  80|0x0000000085000000, 0x0000000085000000, 0x0000000085100000|  0%| F|  |TAMS 0x0000000085000000, 0x0000000085000000| Untracked 
|  81|0x0000000085100000, 0x0000000085100000, 0x0000000085200000|  0%| F|  |TAMS 0x0000000085100000, 0x0000000085100000| Untracked 
|  82|0x0000000085200000, 0x0000000085200000, 0x0000000085300000|  0%| F|  |TAMS 0x0000000085200000, 0x0000000085200000| Untracked 
|  83|0x0000000085300000, 0x0000000085300000, 0x0000000085400000|  0%| F|  |TAMS 0x0000000085300000, 0x0000000085300000| Untracked 
|  84|0x0000000085400000, 0x0000000085400000, 0x0000000085500000|  0%| F|  |TAMS 0x0000000085400000, 0x0000000085400000| Untracked 
|  85|0x0000000085500000, 0x0000000085500000, 0x0000000085600000|  0%| F|  |TAMS 0x0000000085500000, 0x0000000085500000| Untracked 
|  86|0x0000000085600000, 0x0000000085600000, 0x0000000085700000|  0%| F|  |TAMS 0x0000000085600000, 0x0000000085600000| Untracked 
|  87|0x0000000085700000, 0x0000000085700000, 0x0000000085800000|  0%| F|  |TAMS 0x0000000085700000, 0x0000000085700000| Untracked 
|  88|0x0000000085800000, 0x0000000085800000, 0x0000000085900000|  0%| F|  |TAMS 0x0000000085800000, 0x0000000085800000| Untracked 
|  89|0x0000000085900000, 0x0000000085900000, 0x0000000085a00000|  0%| F|  |TAMS 0x0000000085900000, 0x0000000085900000| Untracked 
|  90|0x0000000085a00000, 0x0000000085a00000, 0x0000000085b00000|  0%| F|  |TAMS 0x0000000085a00000, 0x0000000085a00000| Untracked 
|  91|0x0000000085b00000, 0x0000000085b00000, 0x0000000085c00000|  0%| F|  |TAMS 0x0000000085b00000, 0x0000000085b00000| Untracked 
|  92|0x0000000085c00000, 0x0000000085c00000, 0x0000000085d00000|  0%| F|  |TAMS 0x0000000085c00000, 0x0000000085c00000| Untracked 
|  93|0x0000000085d00000, 0x0000000085d00000, 0x0000000085e00000|  0%| F|  |TAMS 0x0000000085d00000, 0x0000000085d00000| Untracked 
|  94|0x0000000085e00000, 0x0000000085e00000, 0x0000000085f00000|  0%| F|  |TAMS 0x0000000085e00000, 0x0000000085e00000| Untracked 
|  95|0x0000000085f00000, 0x0000000085f00000, 0x0000000086000000|  0%| F|  |TAMS 0x0000000085f00000, 0x0000000085f00000| Untracked 
|  96|0x0000000086000000, 0x0000000086000000, 0x0000000086100000|  0%| F|  |TAMS 0x0000000086000000, 0x0000000086000000| Untracked 
|  97|0x0000000086100000, 0x0000000086100000, 0x0000000086200000|  0%| F|  |TAMS 0x0000000086100000, 0x0000000086100000| Untracked 
|  98|0x0000000086200000, 0x0000000086200000, 0x0000000086300000|  0%| F|  |TAMS 0x0000000086200000, 0x0000000086200000| Untracked 
|  99|0x0000000086300000, 0x0000000086300000, 0x0000000086400000|  0%| F|  |TAMS 0x0000000086300000, 0x0000000086300000| Untracked 
| 100|0x0000000086400000, 0x0000000086400000, 0x0000000086500000|  0%| F|  |TAMS 0x0000000086400000, 0x0000000086400000| Untracked 
| 101|0x0000000086500000, 0x0000000086500000, 0x0000000086600000|  0%| F|  |TAMS 0x0000000086500000, 0x0000000086500000| Untracked 
| 102|0x0000000086600000, 0x0000000086600000, 0x0000000086700000|  0%| F|  |TAMS 0x0000000086600000, 0x0000000086600000| Untracked 
| 103|0x0000000086700000, 0x0000000086700000, 0x0000000086800000|  0%| F|  |TAMS 0x0000000086700000, 0x0000000086700000| Untracked 
| 104|0x0000000086800000, 0x0000000086880fe8, 0x0000000086900000| 50%| E|  |TAMS 0x0000000086800000, 0x0000000086800000| Complete 
| 105|0x0000000086900000, 0x0000000086a00000, 0x0000000086a00000|100%| E|CS|TAMS 0x0000000086900000, 0x0000000086900000| Complete 
| 106|0x0000000086a00000, 0x0000000086b00000, 0x0000000086b00000|100%| E|CS|TAMS 0x0000000086a00000, 0x0000000086a00000| Complete 
| 107|0x0000000086b00000, 0x0000000086c00000, 0x0000000086c00000|100%| E|CS|TAMS 0x0000000086b00000, 0x0000000086b00000| Complete 
| 108|0x0000000086c00000, 0x0000000086d00000, 0x0000000086d00000|100%| E|CS|TAMS 0x0000000086c00000, 0x0000000086c00000| Complete 
| 109|0x0000000086d00000, 0x0000000086e00000, 0x0000000086e00000|100%| E|CS|TAMS 0x0000000086d00000, 0x0000000086d00000| Complete 
| 110|0x0000000086e00000, 0x0000000086f00000, 0x0000000086f00000|100%| E|CS|TAMS 0x0000000086e00000, 0x0000000086e00000| Complete 
| 111|0x0000000086f00000, 0x0000000087000000, 0x0000000087000000|100%| E|CS|TAMS 0x0000000086f00000, 0x0000000086f00000| Complete 
| 112|0x0000000087000000, 0x0000000087100000, 0x0000000087100000|100%| E|CS|TAMS 0x0000000087000000, 0x0000000087000000| Complete 
| 113|0x0000000087100000, 0x0000000087200000, 0x0000000087200000|100%| E|CS|TAMS 0x0000000087100000, 0x0000000087100000| Complete 
| 114|0x0000000087200000, 0x0000000087300000, 0x0000000087300000|100%| E|CS|TAMS 0x0000000087200000, 0x0000000087200000| Complete 
| 115|0x0000000087300000, 0x0000000087400000, 0x0000000087400000|100%| E|CS|TAMS 0x0000000087300000, 0x0000000087300000| Complete 
| 116|0x0000000087400000, 0x0000000087500000, 0x0000000087500000|100%| E|CS|TAMS 0x0000000087400000, 0x0000000087400000| Complete 
| 117|0x0000000087500000, 0x0000000087600000, 0x0000000087600000|100%| E|CS|TAMS 0x0000000087500000, 0x0000000087500000| Complete 
| 118|0x0000000087600000, 0x0000000087700000, 0x0000000087700000|100%| E|CS|TAMS 0x0000000087600000, 0x0000000087600000| Complete 
| 119|0x0000000087700000, 0x0000000087800000, 0x0000000087800000|100%| E|CS|TAMS 0x0000000087700000, 0x0000000087700000| Complete 
| 120|0x0000000087800000, 0x0000000087900000, 0x0000000087900000|100%| E|CS|TAMS 0x0000000087800000, 0x0000000087800000| Complete 
| 121|0x0000000087900000, 0x0000000087a00000, 0x0000000087a00000|100%| E|CS|TAMS 0x0000000087900000, 0x0000000087900000| Complete 
| 122|0x0000000087a00000, 0x0000000087b00000, 0x0000000087b00000|100%| E|CS|TAMS 0x0000000087a00000, 0x0000000087a00000| Complete 
| 123|0x0000000087b00000, 0x0000000087c00000, 0x0000000087c00000|100%| E|CS|TAMS 0x0000000087b00000, 0x0000000087b00000| Complete 
| 124|0x0000000087c00000, 0x0000000087d00000, 0x0000000087d00000|100%| E|CS|TAMS 0x0000000087c00000, 0x0000000087c00000| Complete 
| 125|0x0000000087d00000, 0x0000000087e00000, 0x0000000087e00000|100%| E|CS|TAMS 0x0000000087d00000, 0x0000000087d00000| Complete 

Card table byte_map: [0x0000018f94b40000,0x0000018f94f40000] _byte_map_base: 0x0000018f94740000

Marking Bits (Prev, Next): (CMBitMap*) 0x0000018ffec1c090, (CMBitMap*) 0x0000018ffec1c058
 Prev Bits: [0x0000018f97340000, 0x0000018f99340000)
 Next Bits: [0x0000018f95340000, 0x0000018f97340000)

Polling page: 0x0000018f81410000

Metaspace:

Usage:
  Non-class:     24.13 MB capacity,    23.73 MB ( 98%) used,   351.51 KB (  1%) free+waste,    52.63 KB ( <1%) overhead. 
      Class:      3.83 MB capacity,     3.61 MB ( 94%) used,   200.48 KB (  5%) free+waste,    26.25 KB ( <1%) overhead. 
       Both:     27.96 MB capacity,    27.34 MB ( 98%) used,   551.99 KB (  2%) free+waste,    78.88 KB ( <1%) overhead. 

Virtual space:
  Non-class space:       26.00 MB reserved,      24.25 MB ( 93%) committed 
      Class space:        1.00 GB reserved,       3.88 MB ( <1%) committed 
             Both:        1.03 GB reserved,      28.13 MB (  3%) committed 

Chunk freelists:
   Non-Class:  61.00 KB
       Class:  12.00 KB
        Both:  73.00 KB

MaxMetaspaceSize: 17179869184.00 GB
CompressedClassSpaceSize: 1.00 GB

CodeHeap 'non-profiled nmethods': size=120000Kb used=920Kb max_used=920Kb free=119079Kb
 bounds [0x0000018f8c7a0000, 0x0000018f8ca10000, 0x0000018f93cd0000]
CodeHeap 'profiled nmethods': size=120000Kb used=4621Kb max_used=4621Kb free=115378Kb
 bounds [0x0000018f85270000, 0x0000018f85700000, 0x0000018f8c7a0000]
CodeHeap 'non-nmethods': size=5760Kb used=1142Kb max_used=1175Kb free=4617Kb
 bounds [0x0000018f84cd0000, 0x0000018f84f40000, 0x0000018f85270000]
 total_blobs=2704 nmethods=2219 adapters=396
 compilation: enabled
              stopped_count=0, restarted_count=0
 full_count=0

Compilation events (20 events):
Event: 2.566 Thread 0x0000018f9c7b1000 nmethod 2406 0x0000018f856d9410 code [0x0000018f856d9780, 0x0000018f856da928]
Event: 2.566 Thread 0x0000018f9c7b1000 2407       3       org.gradle.internal.instantiation.generator.AbstractClassGenerator$InjectionAnnotationValidator::validateMethod (502 bytes)
Event: 2.568 Thread 0x0000018f9c7b1000 nmethod 2407 0x0000018f856db010 code [0x0000018f856db840, 0x0000018f856df598]
Event: 2.568 Thread 0x0000018f9c7b1000 2411       3       org.objectweb.asm.Frame::push (59 bytes)
Event: 2.568 Thread 0x0000018f9c7b1000 nmethod 2411 0x0000018f856e0b10 code [0x0000018f856e0d60, 0x0000018f856e14b8]
Event: 2.568 Thread 0x0000018f9c7b1000 2412       3       org.objectweb.asm.Type::appendDescriptor (90 bytes)
Event: 2.568 Thread 0x0000018f9c7b1000 nmethod 2412 0x0000018f856e1810 code [0x0000018f856e1a40, 0x0000018f856e1f28]
Event: 2.568 Thread 0x0000018f9c7b1000 2409       3       org.objectweb.asm.MethodWriter::visitMethodInsn (191 bytes)
Event: 2.569 Thread 0x0000018f9c7b1000 nmethod 2409 0x0000018f856e2190 code [0x0000018f856e23e0, 0x0000018f856e2c68]
Event: 2.569 Thread 0x0000018f9c7b1000 2410       3       org.objectweb.asm.SymbolTable::addConstantMethodref (24 bytes)
Event: 2.569 Thread 0x0000018f9c7b1000 nmethod 2410 0x0000018f856e3010 code [0x0000018f856e31c0, 0x0000018f856e3368]
Event: 2.569 Thread 0x0000018f9c7b1000 2408       3       java.lang.StringBuilder::append (8 bytes)
Event: 2.569 Thread 0x0000018f9c7b1000 nmethod 2408 0x0000018f856e3410 code [0x0000018f856e35c0, 0x0000018f856e3708]
Event: 2.570 Thread 0x0000018f9c7b1000 2413       3       org.gradle.internal.instantiation.generator.AbstractClassGenerator$DslMixInPropertyType::visitInstanceMethod (104 bytes)
Event: 2.571 Thread 0x0000018f9c7b1000 nmethod 2413 0x0000018f856e3790 code [0x0000018f856e39e0, 0x0000018f856e4398]
Event: 2.571 Thread 0x0000018f9c7b1000 2416       3       org.objectweb.asm.Frame::accept (264 bytes)
Event: 2.572 Thread 0x0000018f9c7b1000 nmethod 2416 0x0000018f856e4690 code [0x0000018f856e48c0, 0x0000018f856e51d8]
Event: 2.572 Thread 0x0000018f9c7b1000 2415       3       org.objectweb.asm.ByteVector::put122 (93 bytes)
Event: 2.572 Thread 0x0000018f9c7b1000 nmethod 2415 0x0000018f856e5590 code [0x0000018f856e5760, 0x0000018f856e59e8]
Event: 2.572 Thread 0x0000018f9c7b1000 2419       3       org.objectweb.asm.Frame::pop (53 bytes)

GC Heap History (8 events):
Event: 0.864 GC heap before
{Heap before GC invocations=0 (full 0):
 garbage-first heap   total 129024K, used 29696K [0x0000000080000000, 0x0000000100000000)
  region size 1024K, 24 young (24576K), 0 survivors (0K)
 Metaspace       used 10404K, capacity 10640K, committed 11008K, reserved 1058816K
  class space    used 1098K, capacity 1164K, committed 1280K, reserved 1048576K
}
Event: 0.867 GC heap after
{Heap after GC invocations=1 (full 0):
 garbage-first heap   total 129024K, used 8683K [0x0000000080000000, 0x0000000100000000)
  region size 1024K, 3 young (3072K), 3 survivors (3072K)
 Metaspace       used 10404K, capacity 10640K, committed 11008K, reserved 1058816K
  class space    used 1098K, capacity 1164K, committed 1280K, reserved 1048576K
}
Event: 1.905 GC heap before
{Heap before GC invocations=1 (full 0):
 garbage-first heap   total 129024K, used 81387K [0x0000000080000000, 0x0000000100000000)
  region size 1024K, 75 young (76800K), 3 survivors (3072K)
 Metaspace       used 18905K, capacity 19400K, committed 19712K, reserved 1067008K
  class space    used 2279K, capacity 2456K, committed 2560K, reserved 1048576K
}
Event: 1.910 GC heap after
{Heap after GC invocations=2 (full 0):
 garbage-first heap   total 129024K, used 16113K [0x0000000080000000, 0x0000000100000000)
  region size 1024K, 10 young (10240K), 10 survivors (10240K)
 Metaspace       used 18905K, capacity 19400K, committed 19712K, reserved 1067008K
  class space    used 2279K, capacity 2456K, committed 2560K, reserved 1048576K
}
Event: 2.022 GC heap before
{Heap before GC invocations=2 (full 0):
 garbage-first heap   total 129024K, used 28401K [0x0000000080000000, 0x0000000100000000)
  region size 1024K, 23 young (23552K), 10 survivors (10240K)
 Metaspace       used 20628K, capacity 21105K, committed 21248K, reserved 1067008K
  class space    used 2527K, capacity 2710K, committed 2816K, reserved 1048576K
}
Event: 2.027 GC heap after
{Heap after GC invocations=3 (full 0):
 garbage-first heap   total 129024K, used 16397K [0x0000000080000000, 0x0000000100000000)
  region size 1024K, 1 young (1024K), 1 survivors (1024K)
 Metaspace       used 20628K, capacity 21105K, committed 21248K, reserved 1067008K
  class space    used 2527K, capacity 2710K, committed 2816K, reserved 1048576K
}
Event: 2.419 GC heap before
{Heap before GC invocations=4 (full 0):
 garbage-first heap   total 129024K, used 62477K [0x0000000080000000, 0x0000000100000000)
  region size 1024K, 46 young (47104K), 1 survivors (1024K)
 Metaspace       used 25859K, capacity 26511K, committed 26752K, reserved 1073152K
  class space    used 3369K, capacity 3600K, committed 3712K, reserved 1048576K
}
Event: 2.421 GC heap after
{Heap after GC invocations=5 (full 0):
 garbage-first heap   total 129024K, used 18078K [0x0000000080000000, 0x0000000100000000)
  region size 1024K, 3 young (3072K), 3 survivors (3072K)
 Metaspace       used 25859K, capacity 26511K, committed 26752K, reserved 1073152K
  class space    used 3369K, capacity 3600K, committed 3712K, reserved 1048576K
}

Deoptimization events (20 events):
Event: 2.375 Thread 0x0000018f9e277000 DEOPT PACKING pc=0x0000018f8c8601e0 sp=0x0000003b624fc3a0
Event: 2.375 Thread 0x0000018f9e277000 DEOPT UNPACKING pc=0x0000018f84cf74af sp=0x0000003b624fc388 mode 2
Event: 2.375 Thread 0x0000018f9e277000 Uncommon trap: trap_request=0xffffffde fr.pc=0x0000018f8c8601e0 relative=0x0000000000000320
Event: 2.375 Thread 0x0000018f9e277000 Uncommon trap: reason=class_check action=maybe_recompile pc=0x0000018f8c8601e0 method=java.util.Collections$SetFromMap.remove(Ljava/lang/Object;)Z @ 5 c2
Event: 2.375 Thread 0x0000018f9e277000 DEOPT PACKING pc=0x0000018f8c8601e0 sp=0x0000003b624fc320
Event: 2.375 Thread 0x0000018f9e277000 DEOPT UNPACKING pc=0x0000018f84cf74af sp=0x0000003b624fc308 mode 2
Event: 2.432 Thread 0x0000018f9e277000 Uncommon trap: trap_request=0xffffff4d fr.pc=0x0000018f8c87b34c relative=0x000000000000020c
Event: 2.432 Thread 0x0000018f9e277000 Uncommon trap: reason=unstable_if action=reinterpret pc=0x0000018f8c87b34c method=java.util.HashMap.hash(Ljava/lang/Object;)I @ 1 c2
Event: 2.432 Thread 0x0000018f9e277000 DEOPT PACKING pc=0x0000018f8c87b34c sp=0x0000003b624f8250
Event: 2.432 Thread 0x0000018f9e277000 DEOPT UNPACKING pc=0x0000018f84cf74af sp=0x0000003b624f8188 mode 2
Event: 2.438 Thread 0x0000018f9e277000 Uncommon trap: trap_request=0xffffff4d fr.pc=0x0000018f8c87a42c relative=0x000000000000008c
Event: 2.438 Thread 0x0000018f9e277000 Uncommon trap: reason=unstable_if action=reinterpret pc=0x0000018f8c87a42c method=java.util.HashMap.hash(Ljava/lang/Object;)I @ 1 c2
Event: 2.438 Thread 0x0000018f9e277000 DEOPT PACKING pc=0x0000018f8c87a42c sp=0x0000003b624f7b80
Event: 2.438 Thread 0x0000018f9e277000 DEOPT UNPACKING pc=0x0000018f84cf74af sp=0x0000003b624f7b18 mode 2
Event: 2.512 Thread 0x0000018f9e277000 Uncommon trap: trap_request=0xffffff4d fr.pc=0x0000018f8c7f5388 relative=0x0000000000000a48
Event: 2.512 Thread 0x0000018f9e277000 Uncommon trap: reason=unstable_if action=reinterpret pc=0x0000018f8c7f5388 method=java.io.WinNTFileSystem.resolve(Ljava/lang/String;Ljava/lang/String;)Ljava/lang/String; @ 83 c2
Event: 2.512 Thread 0x0000018f9e277000 DEOPT PACKING pc=0x0000018f8c7f5388 sp=0x0000003b624f9aa0
Event: 2.512 Thread 0x0000018f9e277000 DEOPT UNPACKING pc=0x0000018f84cf74af sp=0x0000003b624f9a48 mode 2
Event: 2.513 Thread 0x0000018f9e277000 DEOPT PACKING pc=0x0000018f85498062 sp=0x0000003b624f5890
Event: 2.513 Thread 0x0000018f9e277000 DEOPT UNPACKING pc=0x0000018f84cf72ce sp=0x0000003b624f4d20 mode 0

Classes redefined (0 events):
No events

Internal exceptions (20 events):
Event: 2.062 Thread 0x0000018f9e277000 Exception <a 'java/lang/NoSuchMethodError'{0x0000000087a76148}: 'void java.lang.invoke.DirectMethodHandle$Holder.invokeSpecial(java.lang.Object, java.lang.Object)'> (0x0000000087a76148) thrown at [./src/hotspot/share/interpreter/linkResolver.cpp, line 773]
Event: 2.120 Thread 0x0000018f9e277000 Exception <a 'java/lang/NoSuchMethodError'{0x0000000086f26a80}: 'java.lang.Object java.lang.invoke.DirectMethodHandle$Holder.invokeVirtual(java.lang.Object, java.lang.Object, java.lang.Object, java.lang.Object)'> (0x0000000086f26a80) thrown at [./src/hotspot/share/interpreter/linkResolver.cpp, line 773]
Event: 2.239 Thread 0x0000018f9e277000 Exception <a 'java/lang/NoSuchMethodError'{0x00000000863ad2b0}: 'void java.lang.invoke.DirectMethodHandle$Holder.invokeSpecial(java.lang.Object, java.lang.Object, java.lang.Object, java.lang.Object, java.lang.Object, java.lang.Object)'> (0x00000000863ad2b0) thrown at [./src/hotspot/share/interpreter/linkResolver.cpp, line 773]
Event: 2.261 Thread 0x0000018f9e277000 Exception <a 'java/lang/NoSuchMethodError'{0x000000008617fa58}: 'java.lang.Object java.lang.invoke.Invokers$Holder.invoker(java.lang.Object, java.lang.Object, java.lang.Object)'> (0x000000008617fa58) thrown at [./src/hotspot/share/interpreter/linkResolver.cpp, line 773]
Event: 2.274 Thread 0x0000018f9e277000 Exception <a 'java/lang/NoSuchMethodError'{0x000000008607f0c0}: 'void java.lang.invoke.DirectMethodHandle$Holder.invokeSpecial(java.lang.Object, java.lang.Object, java.lang.Object, java.lang.Object, java.lang.Object, java.lang.Object, java.lang.Object)'> (0x000000008607f0c0) thrown at [./src/hotspot/share/interpreter/linkResolver.cpp, line 773]
Event: 2.275 Thread 0x0000018f9e277000 Exception <a 'java/lang/NoSuchMethodError'{0x0000000086087548}: 'java.lang.Object java.lang.invoke.Invokers$Holder.linkToTargetMethod(java.lang.Object, java.lang.Object, java.lang.Object, java.lang.Object, java.lang.Object, java.lang.Object)'> (0x0000000086087548) thrown at [./src/hotspot/share/interpreter/linkResolver.cpp, line 773]
Event: 2.285 Thread 0x0000018f9e277000 Exception <a 'java/lang/NoSuchMethodError'{0x0000000085fa9fe8}: 'java.lang.Object java.lang.invoke.DirectMethodHandle$Holder.invokeVirtual(java.lang.Object, java.lang.Object, java.lang.Object, java.lang.Object, java.lang.Object, java.lang.Object, java.lang.Object, java.lang.Object, java.lang.Object, java.lang.Object, java.lang.Object, java.lang.Object, java.lang.Object, java.lang.Object, java.lang.Object, java.lang.Object, java.lang.Object)'> (0x0000000085fa9fe8) thrown at [./src/hotspot/share/interpreter/
Event: 2.287 Thread 0x0000018f9e277000 Exception <a 'java/lang/NoSuchMethodError'{0x0000000085fd93a8}: 'java.lang.Object java.lang.invoke.DirectMethodHandle$Holder.invokeSpecial(java.lang.Object, java.lang.Object, java.lang.Object, java.lang.Object, java.lang.Object, java.lang.Object, java.lang.Object, java.lang.Object, java.lang.Object)'> (0x0000000085fd93a8) thrown at [./src/hotspot/share/interpreter/linkResolver.cpp, line 773]
Event: 2.373 Thread 0x0000018f9e277000 Exception <a 'java/lang/NoSuchMethodError'{0x000000008552e5a0}: 'java.lang.Object java.lang.invoke.DirectMethodHandle$Holder.invokeStatic(java.lang.Object, java.lang.Object, java.lang.Object, int, java.lang.Object, java.lang.Object)'> (0x000000008552e5a0) thrown at [./src/hotspot/share/interpreter/linkResolver.cpp, line 773]
Event: 2.373 Thread 0x0000018f9e277000 Exception <a 'java/lang/NoSuchMethodError'{0x0000000085535908}: 'java.lang.Object java.lang.invoke.Invokers$Holder.linkToTargetMethod(java.lang.Object, java.lang.Object, int, java.lang.Object, java.lang.Object, java.lang.Object)'> (0x0000000085535908) thrown at [./src/hotspot/share/interpreter/linkResolver.cpp, line 773]
Event: 2.386 Thread 0x0000018f9e277000 Exception <a 'java/lang/NoSuchMethodError'{0x00000000854bb3a0}: 'void java.lang.invoke.DirectMethodHandle$Holder.invokeSpecial(java.lang.Object, java.lang.Object, java.lang.Object, java.lang.Object)'> (0x00000000854bb3a0) thrown at [./src/hotspot/share/interpreter/linkResolver.cpp, line 773]
Event: 2.432 Thread 0x0000018f9e277000 Implicit null exception at 0x0000018f8c87b175 to 0x0000018f8c87b33c
Event: 2.438 Thread 0x0000018f9e277000 Implicit null exception at 0x0000018f8c87a3af to 0x0000018f8c87a41d
Event: 2.466 Thread 0x0000018f9e277000 Exception <a 'java/lang/NoSuchMethodError'{0x0000000087708af8}: 'java.lang.Object java.lang.invoke.DirectMethodHandle$Holder.invokeSpecialIFC(java.lang.Object, java.lang.Object, java.lang.Object, java.lang.Object)'> (0x0000000087708af8) thrown at [./src/hotspot/share/interpreter/linkResolver.cpp, line 773]
Event: 2.471 Thread 0x0000018f9e277000 Exception <a 'java/lang/NoSuchMethodError'{0x00000000877c48a8}: 'java.lang.Object java.lang.invoke.DirectMethodHandle$Holder.invokeSpecial(java.lang.Object, java.lang.Object, java.lang.Object, java.lang.Object, java.lang.Object, java.lang.Object, java.lang.Object, java.lang.Object, java.lang.Object, java.lang.Object, java.lang.Object, java.lang.Object, java.lang.Object)'> (0x00000000877c48a8) thrown at [./src/hotspot/share/interpreter/linkResolver.cpp, line 773]
Event: 2.472 Thread 0x0000018f9e277000 Exception <a 'java/lang/NoSuchMethodError'{0x00000000877d5b30}: 'java.lang.Object java.lang.invoke.DirectMethodHandle$Holder.invokeSpecial(java.lang.Object, java.lang.Object, java.lang.Object, java.lang.Object, java.lang.Object, java.lang.Object, java.lang.Object, java.lang.Object, java.lang.Object, java.lang.Object, java.lang.Object, java.lang.Object)'> (0x00000000877d5b30) thrown at [./src/hotspot/share/interpreter/linkResolver.cpp, line 773]
Event: 2.472 Thread 0x0000018f9e277000 Exception <a 'java/lang/NoSuchMethodError'{0x00000000877dac58}: 'java.lang.Object java.lang.invoke.Invokers$Holder.linkToTargetMethod(java.lang.Object, java.lang.Object, java.lang.Object, java.lang.Object, java.lang.Object, java.lang.Object, java.lang.Object, java.lang.Object, java.lang.Object, java.lang.Object, java.lang.Object)'> (0x00000000877dac58) thrown at [./src/hotspot/share/interpreter/linkResolver.cpp, line 773]
Event: 2.479 Thread 0x0000018f9e277000 Exception <a 'java/lang/NoSuchMethodError'{0x00000000876d1948}: 'java.lang.Object java.lang.invoke.DirectMethodHandle$Holder.invokeSpecial(java.lang.Object, java.lang.Object, java.lang.Object, java.lang.Object, java.lang.Object, java.lang.Object, java.lang.Object, java.lang.Object, java.lang.Object, java.lang.Object, java.lang.Object, java.lang.Object, java.lang.Object, java.lang.Object)'> (0x00000000876d1948) thrown at [./src/hotspot/share/interpreter/linkResolver.cpp, line 773]
Event: 2.480 Thread 0x0000018f9e277000 Exception <a 'java/lang/NoSuchMethodError'{0x00000000876e2f40}: 'java.lang.Object java.lang.invoke.Invokers$Holder.linkToTargetMethod(java.lang.Object, java.lang.Object, java.lang.Object, java.lang.Object, java.lang.Object, java.lang.Object, java.lang.Object, java.lang.Object, java.lang.Object, java.lang.Object, java.lang.Object, java.lang.Object)'> (0x00000000876e2f40) thrown at [./src/hotspot/share/interpreter/linkResolver.cpp, line 773]
Event: 2.484 Thread 0x0000018f9e277000 Exception <a 'java/lang/NoSuchMethodError'{0x000000008755be30}: 'java.lang.Object java.lang.invoke.DirectMethodHandle$Holder.invokeStaticInit(java.lang.Object, java.lang.Object, java.lang.Object, java.lang.Object)'> (0x000000008755be30) thrown at [./src/hotspot/share/interpreter/linkResolver.cpp, line 773]

Events (20 events):
Event: 2.567 loading class org/gradle/api/internal/artifacts/DefaultGlobalDependencyResolutionRules$CompositeDependencySubstitutionRules
Event: 2.567 loading class org/gradle/api/internal/artifacts/DefaultGlobalDependencyResolutionRules$CompositeDependencySubstitutionRules done
Event: 2.567 loading class org/gradle/api/internal/artifacts/ivyservice/resolveengine/store/StoreSet
Event: 2.567 loading class org/gradle/api/internal/artifacts/ivyservice/resolveengine/store/StoreSet done
Event: 2.568 loading class org/gradle/api/internal/attributes/DefaultAttributesSchema
Event: 2.568 loading class org/gradle/api/internal/attributes/DefaultAttributesSchema done
Event: 2.568 loading class org/gradle/internal/component/model/ComponentAttributeMatcher
Event: 2.568 loading class org/gradle/internal/component/model/ComponentAttributeMatcher done
Event: 2.569 loading class org/gradle/internal/component/model/AttributeMatcher
Event: 2.569 loading class org/gradle/internal/component/model/AttributeMatcher done
Event: 2.569 loading class org/gradle/internal/component/model/AttributeSelectionSchema
Event: 2.569 loading class org/gradle/internal/component/model/AttributeSelectionSchema done
Event: 2.569 loading class org/gradle/api/attributes/AttributeMatchingStrategy
Event: 2.569 loading class org/gradle/api/attributes/AttributeMatchingStrategy done
Event: 2.569 loading class org/gradle/api/internal/attributes/AttributeDescriber
Event: 2.569 loading class org/gradle/api/internal/attributes/AttributeDescriber done
Event: 2.570 loading class org/gradle/api/internal/attributes/DefaultAttributesSchema$DefaultAttributeMatcher
Event: 2.570 loading class org/gradle/api/internal/attributes/DefaultAttributesSchema$DefaultAttributeMatcher done
Event: 2.571 loading class org/gradle/api/internal/attributes/DefaultAttributesSchema$MergedSchema
Event: 2.571 loading class org/gradle/api/internal/attributes/DefaultAttributesSchema$MergedSchema done


Dynamic libraries:
0x00007ff6c2b30000 - 0x00007ff6c2b3a000 	C:\Users\ACER\Downloads\android-studio\jre\bin\java.exe
0x00007ffe22360000 - 0x00007ffe22550000 	C:\Windows\SYSTEM32\ntdll.dll
0x00007ffe216f0000 - 0x00007ffe217a2000 	C:\Windows\System32\KERNEL32.DLL
0x00007ffe1fce0000 - 0x00007ffe1ff85000 	C:\Windows\System32\KERNELBASE.dll
0x00007ffe1fbb0000 - 0x00007ffe1fcaa000 	C:\Windows\System32\ucrtbase.dll
0x00007ffe1ad00000 - 0x00007ffe1ad17000 	C:\Users\ACER\Downloads\android-studio\jre\bin\VCRUNTIME140.dll
0x00007ffe1b160000 - 0x00007ffe1b179000 	C:\Users\ACER\Downloads\android-studio\jre\bin\jli.dll
0x00007ffe21ed0000 - 0x00007ffe22064000 	C:\Windows\System32\USER32.dll
0x00007ffe200e0000 - 0x00007ffe20101000 	C:\Windows\System32\win32u.dll
0x00007ffe20410000 - 0x00007ffe20436000 	C:\Windows\System32\GDI32.dll
0x00007ffe1e6f0000 - 0x00007ffe1e974000 	C:\Windows\WinSxS\amd64_microsoft.windows.common-controls_6595b64144ccf1df_6.0.18362.1440_none_9e7dbfb9e45e8e67\COMCTL32.dll
0x00007ffe20110000 - 0x00007ffe202a8000 	C:\Windows\System32\gdi32full.dll
0x00007ffe22070000 - 0x00007ffe2210e000 	C:\Windows\System32\msvcrt.dll
0x00007ffe20040000 - 0x00007ffe200de000 	C:\Windows\System32\msvcp_win.dll
0x00007ffe21ac0000 - 0x00007ffe21df6000 	C:\Windows\System32\combase.dll
0x00007ffe20c00000 - 0x00007ffe20d1f000 	C:\Windows\System32\RPCRT4.dll
0x00007ffe1fb20000 - 0x00007ffe1fba1000 	C:\Windows\System32\bcryptPrimitives.dll
0x00007ffe209a0000 - 0x00007ffe209ce000 	C:\Windows\System32\IMM32.DLL
0x00007ffde3d80000 - 0x00007ffde3e1d000 	C:\Users\ACER\Downloads\android-studio\jre\bin\msvcp140.dll
0x00007ffde9980000 - 0x00007ffdea43c000 	C:\Users\ACER\Downloads\android-studio\jre\bin\server\jvm.dll
0x00007ffe21640000 - 0x00007ffe216e3000 	C:\Windows\System32\ADVAPI32.dll
0x00007ffe215a0000 - 0x00007ffe21637000 	C:\Windows\System32\sechost.dll
0x00007ffe20450000 - 0x00007ffe20458000 	C:\Windows\System32\PSAPI.DLL
0x00007ffe19630000 - 0x00007ffe1963a000 	C:\Windows\SYSTEM32\VERSION.dll
0x00007ffe0aec0000 - 0x00007ffe0aee4000 	C:\Windows\SYSTEM32\WINMM.dll
0x00007ffe1d550000 - 0x00007ffe1d559000 	C:\Windows\SYSTEM32\WSOCK32.dll
0x00007ffe13030000 - 0x00007ffe1305d000 	C:\Windows\SYSTEM32\WINMMBASE.dll
0x00007ffe1fad0000 - 0x00007ffe1fb1a000 	C:\Windows\System32\cfgmgr32.dll
0x00007ffe217b0000 - 0x00007ffe2181f000 	C:\Windows\System32\ws2_32.DLL
0x00007ffe1f220000 - 0x00007ffe1f231000 	C:\Windows\System32\kernel.appcore.dll
0x00007ffe1a2a0000 - 0x00007ffe1a2b1000 	C:\Users\ACER\Downloads\android-studio\jre\bin\verify.dll
0x00007ffe1ecd0000 - 0x00007ffe1eec4000 	C:\Windows\SYSTEM32\DBGHELP.DLL
0x00007ffe1ec20000 - 0x00007ffe1ec4a000 	C:\Windows\SYSTEM32\dbgcore.DLL
0x00007ffe1a270000 - 0x00007ffe1a299000 	C:\Users\ACER\Downloads\android-studio\jre\bin\java.dll
0x00007ffe1a260000 - 0x00007ffe1a26b000 	C:\Users\ACER\Downloads\android-studio\jre\bin\jimage.dll
0x00007ffe1a060000 - 0x00007ffe1a078000 	C:\Users\ACER\Downloads\android-studio\jre\bin\zip.dll
0x00007ffe20dd0000 - 0x00007ffe214b8000 	C:\Windows\System32\SHELL32.dll
0x00007ffe208d0000 - 0x00007ffe20977000 	C:\Windows\System32\shcore.dll
0x00007ffe1f2d0000 - 0x00007ffe1fa4b000 	C:\Windows\System32\windows.storage.dll
0x00007ffe1f2b0000 - 0x00007ffe1f2ce000 	C:\Windows\System32\profapi.dll
0x00007ffe1f240000 - 0x00007ffe1f28a000 	C:\Windows\System32\powrprof.dll
0x00007ffe1f210000 - 0x00007ffe1f220000 	C:\Windows\System32\UMPDC.dll
0x00007ffe21820000 - 0x00007ffe21872000 	C:\Windows\System32\shlwapi.dll
0x00007ffe1fa50000 - 0x00007ffe1fa67000 	C:\Windows\System32\cryptsp.dll
0x00007ffdf95c0000 - 0x00007ffdf95da000 	C:\Users\ACER\Downloads\android-studio\jre\bin\net.dll
0x00007ffe16c80000 - 0x00007ffe16d7a000 	C:\Windows\SYSTEM32\WINHTTP.dll
0x00007ffe1e390000 - 0x00007ffe1e3f7000 	C:\Windows\system32\mswsock.dll
0x00007ffdf9150000 - 0x00007ffdf9164000 	C:\Users\ACER\Downloads\android-studio\jre\bin\nio.dll
0x00007ffe15110000 - 0x00007ffe15137000 	C:\Users\ACER\.gradle\native\fdc75f09e3144964f2cf3f50f0aa648679c211496f362492102eb8c894070792\windows-amd64\native-platform.dll
0x00007ffde5ce0000 - 0x00007ffde5e76000 	C:\Users\ACER\.gradle\native\12488b8bf47d2d4c9fbf2f6322a914ad602e24e48041cd04a747c6da556b65c4\windows-amd64\native-platform-file-events.dll
0x00007ffe1a250000 - 0x00007ffe1a25a000 	C:\Users\ACER\Downloads\android-studio\jre\bin\management.dll
0x00007ffe12640000 - 0x00007ffe1264c000 	C:\Users\ACER\Downloads\android-studio\jre\bin\management_ext.dll
0x00007ffe1df40000 - 0x00007ffe1df73000 	C:\Windows\system32\rsaenh.dll
0x00007ffe1fcb0000 - 0x00007ffe1fcd6000 	C:\Windows\System32\bcrypt.dll
0x00007ffe1f0f0000 - 0x00007ffe1f115000 	C:\Windows\SYSTEM32\USERENV.dll
0x00007ffe1e610000 - 0x00007ffe1e61c000 	C:\Windows\SYSTEM32\CRYPTBASE.dll
0x00007ffe1e0d0000 - 0x00007ffe1e10a000 	C:\Windows\SYSTEM32\IPHLPAPI.DLL
0x00007ffe20440000 - 0x00007ffe20448000 	C:\Windows\System32\NSI.dll
0x00007ffe180c0000 - 0x00007ffe180d6000 	C:\Windows\SYSTEM32\dhcpcsvc6.DLL
0x00007ffe18340000 - 0x00007ffe1835c000 	C:\Windows\SYSTEM32\dhcpcsvc.DLL
0x00007ffe1e110000 - 0x00007ffe1e1db000 	C:\Windows\SYSTEM32\DNSAPI.dll
0x00007ffe18850000 - 0x00007ffe1885b000 	C:\Windows\SYSTEM32\WINNSI.DLL

dbghelp: loaded successfully - version: 4.0.5 - missing functions: none
symbol engine: initialized successfully - sym options: 0x614 - pdb path: .;C:\Users\ACER\Downloads\android-studio\jre\bin;C:\Windows\SYSTEM32;C:\Windows\WinSxS\amd64_microsoft.windows.common-controls_6595b64144ccf1df_6.0.18362.1440_none_9e7dbfb9e45e8e67;C:\Users\ACER\Downloads\android-studio\jre\bin\server;C:\Users\ACER\.gradle\native\fdc75f09e3144964f2cf3f50f0aa648679c211496f362492102eb8c894070792\windows-amd64;C:\Users\ACER\.gradle\native\12488b8bf47d2d4c9fbf2f6322a914ad602e24e48041cd04a747c6da556b65c4\windows-amd64

VM Arguments:
jvm_args: --add-opens=java.base/java.util=ALL-UNNAMED --add-opens=java.base/java.lang=ALL-UNNAMED --add-opens=java.base/java.lang.invoke=ALL-UNNAMED --add-opens=java.prefs/java.util.prefs=ALL-UNNAMED -Xmx2048m -Dfile.encoding=UTF-8 -Duser.country=US -Duser.language=en -Duser.variant 
java_command: org.gradle.launcher.daemon.bootstrap.GradleDaemon 6.7.1
java_class_path (initial): C:\Users\ACER\.gradle\wrapper\dists\gradle-6.7.1-all\2moa8rlfac5eqlcfgk98k0deb\gradle-6.7.1\lib\gradle-launcher-6.7.1.jar
Launcher Type: SUN_STANDARD

[Global flags]
     intx CICompilerCount                          = 4                                         {product} {ergonomic}
     uint ConcGCThreads                            = 2                                         {product} {ergonomic}
     uint G1ConcRefinementThreads                  = 8                                         {product} {ergonomic}
   size_t G1HeapRegionSize                         = 1048576                                   {product} {ergonomic}
    uintx GCDrainStackTargetSize                   = 64                                        {product} {ergonomic}
   size_t InitialHeapSize                          = 132120576                                 {product} {ergonomic}
   size_t MarkStackSize                            = 4194304                                   {product} {ergonomic}
   size_t MaxHeapSize                              = 2147483648                                {product} {command line}
   size_t MaxNewSize                               = 1287651328                                {product} {ergonomic}
   size_t MinHeapDeltaBytes                        = 1048576                                   {product} {ergonomic}
    uintx NonNMethodCodeHeapSize                   = 5836300                                {pd product} {ergonomic}
    uintx NonProfiledCodeHeapSize                  = 122910970                              {pd product} {ergonomic}
    uintx ProfiledCodeHeapSize                     = 122910970                              {pd product} {ergonomic}
    uintx ReservedCodeCacheSize                    = 251658240                              {pd product} {ergonomic}
     bool SegmentedCodeCache                       = true                                      {product} {ergonomic}
     bool UseCompressedClassPointers               = true                                 {lp64_product} {ergonomic}
     bool UseCompressedOops                        = true                                 {lp64_product} {ergonomic}
     bool UseG1GC                                  = true                                      {product} {ergonomic}
     bool UseLargePagesIndividualAllocation        = false                                  {pd product} {ergonomic}

Logging:
Log output configuration:
 #0: stdout all=warning uptime,level,tags
 #1: stderr all=off uptime,level,tags

Environment Variables:
PATH=C:\Program Files\Common Files\Oracle\Java\javapath;C:\Windows\system32;C:\Windows;C:\Windows\System32\Wbem;C:\Windows\System32\WindowsPowerShell\v1.0\;C:\Windows\System32\OpenSSH\;C:\Program Files (x86)\NVIDIA Corporation\PhysX\Common;C:\Program Files\NVIDIA Corporation\NVIDIA NvDLISR;C:\Users\ACER\AppData\Local\Microsoft\WindowsApps;;C:\Users\ACER\AppData\Local\Programs\Microsoft VS Code\bin
USERNAME=ACER
OS=Windows_NT
PROCESSOR_IDENTIFIER=Intel64 Family 6 Model 158 Stepping 13, GenuineIntel



---------------  S Y S T E M  ---------------

OS: Windows 10 , 64 bit Build 18362 (10.0.18362.1350)
OS uptime: 3 days 21:12 hours

CPU:total 8 (initial active 8) (4 cores per cpu, 2 threads per core) family 6 model 158 stepping 13, cmov, cx8, fxsr, mmx, sse, sse2, sse3, ssse3, sse4.1, sse4.2, popcnt, avx, avx2, aes, clmul, erms, 3dnowpref, lzcnt, ht, tsc, tscinvbit, bmi1, bmi2, adx, fma

Memory: 4k page, system-wide physical 8029M (103M free)
TotalPageFile size 32605M (AvailPageFile size 7M)
current process WorkingSet (physical memory assigned to process): 207M, peak: 207M
current process commit charge ("private bytes"): 277M, peak: 279M

vm_info: OpenJDK 64-Bit Server VM (11.0.8+10-b944.6842174) for windows-amd64 JRE (11.0.8+10-b944.6842174), built on Sep 19 2020 01:11:42 by "builder" with MS VC++ 14.0 (VS2015)

END.
