#
# There is insufficient memory for the Java Runtime Environment to continue.
# Native memory allocation (malloc) failed to allocate 364656 bytes for Chunk::new
# Possible reasons:
#   The system is out of physical RAM or swap space
#   The process is running with CompressedOops enabled, and the Java Heap may be blocking the growth of the native heap
# Possible solutions:
#   Reduce memory load on the system
#   Increase physical memory or swap space
#   Check if swap backing store is full
#   Decrease Java heap size (-Xmx/-Xms)
#   Decrease number of Java threads
#   Decrease Java thread stack sizes (-Xss)
#   Set larger code cache with -XX:ReservedCodeCacheSize=
#   JVM is running with Unscaled Compressed Oops mode in which the Java heap is
#     placed in the first 4GB address space. The Java Heap base address is the
#     maximum limit for the native heap growth. Please use -XX:HeapBaseMinAddress
#     to set the Java Heap base and to place the Java Heap above 4GB virtual address.
# This output file may be truncated or incomplete.
#
#  Out of Memory Error (./src/hotspot/share/memory/arena.cpp:197), pid=28660, tid=29564
#
# JRE version: OpenJDK Runtime Environment (11.0.8+10) (build 11.0.8+10-b944.6842174)
# Java VM: OpenJDK 64-Bit Server VM (11.0.8+10-b944.6842174, mixed mode, tiered, compressed oops, g1 gc, windows-amd64)
# No core dump will be written. Minidumps are not enabled by default on client versions of Windows
#

---------------  S U M M A R Y ------------

Command Line: --add-opens=java.base/java.util=ALL-UNNAMED --add-opens=java.base/java.lang=ALL-UNNAMED --add-opens=java.base/java.lang.invoke=ALL-UNNAMED --add-opens=java.prefs/java.util.prefs=ALL-UNNAMED -Xmx2048m -Dfile.encoding=UTF-8 -Duser.country=US -Duser.language=en -Duser.variant org.gradle.launcher.daemon.bootstrap.GradleDaemon 6.7.1

Host: Intel(R) Core(TM) i5-9300H CPU @ 2.40GHz, 8 cores, 7G,  Windows 10 , 64 bit Build 18362 (10.0.18362.1350)
Time: Tue Mar 23 08:29:24 2021 Nepal Standard Time elapsed time: 3 seconds (0d 0h 0m 3s)

---------------  T H R E A D  ---------------

Current thread (0x000002e0e0637000):  JavaThread "C2 CompilerThread0" daemon [_thread_in_native, id=29564, stack(0x000000f063a00000,0x000000f063b00000)]


Current CompileTask:
C2:   3957 2989       4       java.lang.reflect.ProxyGenerator$ConstantPool::getIndirect (63 bytes)

Stack: [0x000000f063a00000,0x000000f063b00000]
Native frames: (J=compiled Java code, j=interpreted, Vv=VM code, C=native code)
V  [jvm.dll+0x5de50a]
V  [jvm.dll+0x7122f5]
V  [jvm.dll+0x71384d]
V  [jvm.dll+0x713f03]
V  [jvm.dll+0x23e728]
V  [jvm.dll+0xb899c]
V  [jvm.dll+0xb8e9c]
V  [jvm.dll+0x35024d]
V  [jvm.dll+0x31dea3]
V  [jvm.dll+0x31d39a]
V  [jvm.dll+0x1f7702]
V  [jvm.dll+0x1f68d4]
V  [jvm.dll+0x17f32c]
V  [jvm.dll+0x205047]
V  [jvm.dll+0x203891]
V  [jvm.dll+0x6dad3f]
V  [jvm.dll+0x6d3895]
V  [jvm.dll+0x5dd4a6]
C  [ucrtbase.dll+0x210b2]
C  [KERNEL32.DLL+0x17c24]
C  [ntdll.dll+0x6d721]


---------------  P R O C E S S  ---------------

Threads class SMR info:
_java_thread_list=0x000002e0e4e16ee0, length=30, elements={
0x000002e0c59bb800, 0x000002e0dfcbf800, 0x000002e0dfccb800, 0x000002e0e0634800,
0x000002e0e0635800, 0x000002e0e0637000, 0x000002e0e063c800, 0x000002e0e063f800,
0x000002e0e078d800, 0x000002e0e07af000, 0x000002e0e1a3a800, 0x000002e0e1f87800,
0x000002e0e22e6000, 0x000002e0e148e000, 0x000002e0e2018000, 0x000002e0e26eb800,
0x000002e0e1bc4800, 0x000002e0e216a000, 0x000002e0e1cc5800, 0x000002e0e1cc6800,
0x000002e0e212d000, 0x000002e0e212e800, 0x000002e0e212c000, 0x000002e0e212d800,
0x000002e0e3086800, 0x000002e0e3089000, 0x000002e0e3085000, 0x000002e0e3084800,
0x000002e0e308b800, 0x000002e0e3087800
}

Java Threads: ( => current thread )
  0x000002e0c59bb800 JavaThread "main" [_thread_blocked, id=17440, stack(0x000000f062f00000,0x000000f063000000)]
  0x000002e0dfcbf800 JavaThread "Reference Handler" daemon [_thread_blocked, id=27024, stack(0x000000f063600000,0x000000f063700000)]
  0x000002e0dfccb800 JavaThread "Finalizer" daemon [_thread_blocked, id=29532, stack(0x000000f063700000,0x000000f063800000)]
  0x000002e0e0634800 JavaThread "Signal Dispatcher" daemon [_thread_blocked, id=29352, stack(0x000000f063800000,0x000000f063900000)]
  0x000002e0e0635800 JavaThread "Attach Listener" daemon [_thread_blocked, id=28004, stack(0x000000f063900000,0x000000f063a00000)]
=>0x000002e0e0637000 JavaThread "C2 CompilerThread0" daemon [_thread_in_native, id=29564, stack(0x000000f063a00000,0x000000f063b00000)]
  0x000002e0e063c800 JavaThread "C1 CompilerThread0" daemon [_thread_blocked, id=12024, stack(0x000000f063b00000,0x000000f063c00000)]
  0x000002e0e063f800 JavaThread "Sweeper thread" daemon [_thread_blocked, id=22336, stack(0x000000f063c00000,0x000000f063d00000)]
  0x000002e0e078d800 JavaThread "Common-Cleaner" daemon [_thread_blocked, id=23988, stack(0x000000f063d00000,0x000000f063e00000)]
  0x000002e0e07af000 JavaThread "Service Thread" daemon [_thread_blocked, id=11988, stack(0x000000f063e00000,0x000000f063f00000)]
  0x000002e0e1a3a800 JavaThread "Daemon health stats" [_thread_blocked, id=29164, stack(0x000000f064200000,0x000000f064300000)]
  0x000002e0e1f87800 JavaThread "Incoming local TCP Connector on port 57410" [_thread_in_native, id=28088, stack(0x000000f064500000,0x000000f064600000)]
  0x000002e0e22e6000 JavaThread "Daemon periodic checks" [_thread_blocked, id=28696, stack(0x000000f064600000,0x000000f064700000)]
  0x000002e0e148e000 JavaThread "Daemon" [_thread_blocked, id=1308, stack(0x000000f064700000,0x000000f064800000)]
  0x000002e0e2018000 JavaThread "Handler for socket connection from /127.0.0.1:57410 to /127.0.0.1:57411" [_thread_in_native, id=18016, stack(0x000000f064800000,0x000000f064900000)]
  0x000002e0e26eb800 JavaThread "Cancel handler" [_thread_blocked, id=12548, stack(0x000000f064900000,0x000000f064a00000)]
  0x000002e0e1bc4800 JavaThread "Daemon worker" [_thread_in_Java, id=12148, stack(0x000000f064a00000,0x000000f064b00000)]
  0x000002e0e216a000 JavaThread "Asynchronous log dispatcher for DefaultDaemonConnection: socket connection from /127.0.0.1:57410 to /127.0.0.1:57411" [_thread_blocked, id=29336, stack(0x000000f064b00000,0x000000f064c00000)]
  0x000002e0e1cc5800 JavaThread "Stdin handler" [_thread_blocked, id=28772, stack(0x000000f064c00000,0x000000f064d00000)]
  0x000002e0e1cc6800 JavaThread "Thread-8" [_thread_blocked, id=29088, stack(0x000000f064d00000,0x000000f064e00000)]
  0x000002e0e212d000 JavaThread "Cache worker for file hash cache (C:\Users\ACER\.gradle\caches\6.7.1\fileHashes)" [_thread_blocked, id=12056, stack(0x000000f065300000,0x000000f065400000)]
  0x000002e0e212e800 JavaThread "File lock request listener" [_thread_in_native, id=14008, stack(0x000000f065400000,0x000000f065500000)]
  0x000002e0e212c000 JavaThread "Cache worker for journal cache (C:\Users\ACER\.gradle\caches\journal-1)" [_thread_blocked, id=28788, stack(0x000000f065600000,0x000000f065700000)]
  0x000002e0e212d800 JavaThread "Cache worker for file hash cache (C:\Users\ACER\AndroidStudioProjects\FoodDelivery\.gradle\6.7.1\fileHashes)" [_thread_blocked, id=28556, stack(0x000000f065700000,0x000000f065800000)]
  0x000002e0e3086800 JavaThread "Cache worker for checksums cache (C:\Users\ACER\AndroidStudioProjects\FoodDelivery\.gradle\checksums)" [_thread_blocked, id=27876, stack(0x000000f065800000,0x000000f065900000)]
  0x000002e0e3089000 JavaThread "Cache worker for cache directory md-supplier (C:\Users\ACER\.gradle\caches\6.7.1\md-supplier)" [_thread_blocked, id=29388, stack(0x000000f065900000,0x000000f065a00000)]
  0x000002e0e3085000 JavaThread "Cache worker for cache directory md-rule (C:\Users\ACER\.gradle\caches\6.7.1\md-rule)" [_thread_blocked, id=12756, stack(0x000000f065a00000,0x000000f065b00000)]
  0x000002e0e3084800 JavaThread "Cache worker for execution history cache (C:\Users\ACER\.gradle\caches\6.7.1\executionHistory)" [_thread_blocked, id=29392, stack(0x000000f065b00000,0x000000f065c00000)]
  0x000002e0e308b800 JavaThread "jar transforms" [_thread_blocked, id=26716, stack(0x000000f065c00000,0x000000f065d00000)]
  0x000002e0e3087800 JavaThread "Cache worker for file content cache (C:\Users\ACER\.gradle\caches\6.7.1\fileContent)" [_thread_blocked, id=29420, stack(0x000000f065d00000,0x000000f065e00000)]

Other Threads:
  0x000002e0dfcbc000 VMThread "VM Thread" [stack: 0x000000f063500000,0x000000f063600000] [id=8736]
  0x000002e0e07af800 WatcherThread [stack: 0x000000f063f00000,0x000000f064000000] [id=15012]
  0x000002e0c59d4000 GCTaskThread "GC Thread#0" [stack: 0x000000f063000000,0x000000f063100000] [id=20208]
  0x000002e0e0ff4000 GCTaskThread "GC Thread#1" [stack: 0x000000f064000000,0x000000f064100000] [id=25360]
  0x000002e0e149c800 GCTaskThread "GC Thread#2" [stack: 0x000000f064100000,0x000000f064200000] [id=29364]
  0x000002e0e208a800 GCTaskThread "GC Thread#3" [stack: 0x000000f064e00000,0x000000f064f00000] [id=4564]
  0x000002e0e2745800 GCTaskThread "GC Thread#4" [stack: 0x000000f064f00000,0x000000f065000000] [id=28144]
  0x000002e0e1bc1800 GCTaskThread "GC Thread#5" [stack: 0x000000f065000000,0x000000f065100000] [id=23160]
  0x000002e0e20a3000 GCTaskThread "GC Thread#6" [stack: 0x000000f065100000,0x000000f065200000] [id=28624]
  0x000002e0e2726000 GCTaskThread "GC Thread#7" [stack: 0x000000f065200000,0x000000f065300000] [id=1268]
  0x000002e0c5a04800 ConcurrentGCThread "G1 Main Marker" [stack: 0x000000f063100000,0x000000f063200000] [id=8100]
  0x000002e0c5a07000 ConcurrentGCThread "G1 Conc#0" [stack: 0x000000f063200000,0x000000f063300000] [id=19812]
  0x000002e0e2962000 ConcurrentGCThread "G1 Conc#1" [stack: 0x000000f065500000,0x000000f065600000] [id=29632]
  0x000002e0dfb08800 ConcurrentGCThread "G1 Refine#0" [stack: 0x000000f063300000,0x000000f063400000] [id=11200]
  0x000002e0dfb09800 ConcurrentGCThread "G1 Young RemSet Sampling" [stack: 0x000000f063400000,0x000000f063500000] [id=22160]

Threads with active compile tasks:
C2 CompilerThread0   3977 2989       4       java.lang.reflect.ProxyGenerator$ConstantPool::getIndirect (63 bytes)

VM state:not at safepoint (normal execution)

VM Mutex/Monitor currently owned by a thread: None

Heap address: 0x0000000080000000, size: 2048 MB, Compressed Oops mode: 32-bit
Narrow klass base: 0x0000000000000000, Narrow klass shift: 3
Compressed class space size: 1073741824 Address: 0x0000000100000000

Heap:
 garbage-first heap   total 129024K, used 53093K [0x0000000080000000, 0x0000000100000000)
  region size 1024K, 35 young (35840K), 6 survivors (6144K)
 Metaspace       used 38425K, capacity 39183K, committed 39296K, reserved 1083392K
  class space    used 4953K, capacity 5240K, committed 5248K, reserved 1048576K
Heap Regions: E=young(eden), S=young(survivor), O=old, HS=humongous(starts), HC=humongous(continues), CS=collection set, F=free, A=archive, TAMS=top-at-mark-start (previous, next)
|   0|0x0000000080000000, 0x0000000080100000, 0x0000000080100000|100%| O|  |TAMS 0x0000000080100000, 0x0000000080000000| Untracked 
|   1|0x0000000080100000, 0x0000000080200000, 0x0000000080200000|100%| O|  |TAMS 0x0000000080200000, 0x0000000080100000| Untracked 
|   2|0x0000000080200000, 0x0000000080300000, 0x0000000080300000|100%| O|  |TAMS 0x0000000080300000, 0x0000000080200000| Untracked 
|   3|0x0000000080300000, 0x0000000080400000, 0x0000000080400000|100%|HS|  |TAMS 0x0000000080400000, 0x0000000080300000| Complete 
|   4|0x0000000080400000, 0x0000000080500000, 0x0000000080500000|100%|HC|  |TAMS 0x0000000080500000, 0x0000000080400000| Complete 
|   5|0x0000000080500000, 0x0000000080600000, 0x0000000080600000|100%|HC|  |TAMS 0x0000000080600000, 0x0000000080500000| Complete 
|   6|0x0000000080600000, 0x0000000080700000, 0x0000000080700000|100%| O|  |TAMS 0x0000000080700000, 0x0000000080600000| Untracked 
|   7|0x0000000080700000, 0x0000000080800000, 0x0000000080800000|100%| O|  |TAMS 0x0000000080800000, 0x0000000080700000| Untracked 
|   8|0x0000000080800000, 0x0000000080900000, 0x0000000080900000|100%| O|  |TAMS 0x0000000080900000, 0x0000000080800000| Untracked 
|   9|0x0000000080900000, 0x0000000080a00000, 0x0000000080a00000|100%| O|  |TAMS 0x0000000080a00000, 0x0000000080900000| Untracked 
|  10|0x0000000080a00000, 0x0000000080b00000, 0x0000000080b00000|100%| O|  |TAMS 0x0000000080b00000, 0x0000000080a00000| Untracked 
|  11|0x0000000080b00000, 0x0000000080c00000, 0x0000000080c00000|100%| O|  |TAMS 0x0000000080c00000, 0x0000000080b00000| Untracked 
|  12|0x0000000080c00000, 0x0000000080d00000, 0x0000000080d00000|100%| O|  |TAMS 0x0000000080d00000, 0x0000000080c00000| Untracked 
|  13|0x0000000080d00000, 0x0000000080e00000, 0x0000000080e00000|100%| O|  |TAMS 0x0000000080e00000, 0x0000000080d00000| Untracked 
|  14|0x0000000080e00000, 0x0000000080f00000, 0x0000000080f00000|100%| O|  |TAMS 0x0000000080f00000, 0x0000000080e00000| Untracked 
|  15|0x0000000080f00000, 0x0000000080f49600, 0x0000000081000000| 28%| O|  |TAMS 0x0000000080f49600, 0x0000000080f00000| Untracked 
|  16|0x0000000081000000, 0x0000000081100000, 0x0000000081100000|100%|HS|  |TAMS 0x0000000081000000, 0x0000000081000000| Complete 
|  17|0x0000000081100000, 0x0000000081200000, 0x0000000081200000|100%|HS|  |TAMS 0x0000000081100000, 0x0000000081100000| Complete 
|  18|0x0000000081200000, 0x0000000081300000, 0x0000000081300000|100%|HC|  |TAMS 0x0000000081200000, 0x0000000081200000| Complete 
|  19|0x0000000081300000, 0x0000000081300000, 0x0000000081400000|  0%| F|  |TAMS 0x0000000081300000, 0x0000000081300000| Untracked 
|  20|0x0000000081400000, 0x0000000081400000, 0x0000000081500000|  0%| F|  |TAMS 0x0000000081400000, 0x0000000081400000| Untracked 
|  21|0x0000000081500000, 0x0000000081500000, 0x0000000081600000|  0%| F|  |TAMS 0x0000000081500000, 0x0000000081500000| Untracked 
|  22|0x0000000081600000, 0x0000000081600000, 0x0000000081700000|  0%| F|  |TAMS 0x0000000081600000, 0x0000000081600000| Untracked 
|  23|0x0000000081700000, 0x0000000081700000, 0x0000000081800000|  0%| F|  |TAMS 0x0000000081700000, 0x0000000081700000| Untracked 
|  24|0x0000000081800000, 0x0000000081800000, 0x0000000081900000|  0%| F|  |TAMS 0x0000000081800000, 0x0000000081800000| Untracked 
|  25|0x0000000081900000, 0x0000000081900000, 0x0000000081a00000|  0%| F|  |TAMS 0x0000000081900000, 0x0000000081900000| Untracked 
|  26|0x0000000081a00000, 0x0000000081a00000, 0x0000000081b00000|  0%| F|  |TAMS 0x0000000081a00000, 0x0000000081a00000| Untracked 
|  27|0x0000000081b00000, 0x0000000081b00000, 0x0000000081c00000|  0%| F|  |TAMS 0x0000000081b00000, 0x0000000081b00000| Untracked 
|  28|0x0000000081c00000, 0x0000000081c00000, 0x0000000081d00000|  0%| F|  |TAMS 0x0000000081c00000, 0x0000000081c00000| Untracked 
|  29|0x0000000081d00000, 0x0000000081d00000, 0x0000000081e00000|  0%| F|  |TAMS 0x0000000081d00000, 0x0000000081d00000| Untracked 
|  30|0x0000000081e00000, 0x0000000081e00000, 0x0000000081f00000|  0%| F|  |TAMS 0x0000000081e00000, 0x0000000081e00000| Untracked 
|  31|0x0000000081f00000, 0x0000000081f00000, 0x0000000082000000|  0%| F|  |TAMS 0x0000000081f00000, 0x0000000081f00000| Untracked 
|  32|0x0000000082000000, 0x0000000082000000, 0x0000000082100000|  0%| F|  |TAMS 0x0000000082000000, 0x0000000082000000| Untracked 
|  33|0x0000000082100000, 0x0000000082100000, 0x0000000082200000|  0%| F|  |TAMS 0x0000000082100000, 0x0000000082100000| Untracked 
|  34|0x0000000082200000, 0x0000000082200000, 0x0000000082300000|  0%| F|  |TAMS 0x0000000082200000, 0x0000000082200000| Untracked 
|  35|0x0000000082300000, 0x0000000082300000, 0x0000000082400000|  0%| F|  |TAMS 0x0000000082300000, 0x0000000082300000| Untracked 
|  36|0x0000000082400000, 0x0000000082400000, 0x0000000082500000|  0%| F|  |TAMS 0x0000000082400000, 0x0000000082400000| Untracked 
|  37|0x0000000082500000, 0x0000000082500000, 0x0000000082600000|  0%| F|  |TAMS 0x0000000082500000, 0x0000000082500000| Untracked 
|  38|0x0000000082600000, 0x0000000082600000, 0x0000000082700000|  0%| F|  |TAMS 0x0000000082600000, 0x0000000082600000| Untracked 
|  39|0x0000000082700000, 0x0000000082700000, 0x0000000082800000|  0%| F|  |TAMS 0x0000000082700000, 0x0000000082700000| Untracked 
|  40|0x0000000082800000, 0x0000000082800000, 0x0000000082900000|  0%| F|  |TAMS 0x0000000082800000, 0x0000000082800000| Untracked 
|  41|0x0000000082900000, 0x0000000082900000, 0x0000000082a00000|  0%| F|  |TAMS 0x0000000082900000, 0x0000000082900000| Untracked 
|  42|0x0000000082a00000, 0x0000000082a00000, 0x0000000082b00000|  0%| F|  |TAMS 0x0000000082a00000, 0x0000000082a00000| Untracked 
|  43|0x0000000082b00000, 0x0000000082b00000, 0x0000000082c00000|  0%| F|  |TAMS 0x0000000082b00000, 0x0000000082b00000| Untracked 
|  44|0x0000000082c00000, 0x0000000082c00000, 0x0000000082d00000|  0%| F|  |TAMS 0x0000000082c00000, 0x0000000082c00000| Untracked 
|  45|0x0000000082d00000, 0x0000000082d00000, 0x0000000082e00000|  0%| F|  |TAMS 0x0000000082d00000, 0x0000000082d00000| Untracked 
|  46|0x0000000082e00000, 0x0000000082e00000, 0x0000000082f00000|  0%| F|  |TAMS 0x0000000082e00000, 0x0000000082e00000| Untracked 
|  47|0x0000000082f00000, 0x0000000082f00000, 0x0000000083000000|  0%| F|  |TAMS 0x0000000082f00000, 0x0000000082f00000| Untracked 
|  48|0x0000000083000000, 0x0000000083000000, 0x0000000083100000|  0%| F|  |TAMS 0x0000000083000000, 0x0000000083000000| Untracked 
|  49|0x0000000083100000, 0x0000000083100000, 0x0000000083200000|  0%| F|  |TAMS 0x0000000083100000, 0x0000000083100000| Untracked 
|  50|0x0000000083200000, 0x0000000083200000, 0x0000000083300000|  0%| F|  |TAMS 0x0000000083200000, 0x0000000083200000| Untracked 
|  51|0x0000000083300000, 0x0000000083300000, 0x0000000083400000|  0%| F|  |TAMS 0x0000000083300000, 0x0000000083300000| Untracked 
|  52|0x0000000083400000, 0x0000000083400000, 0x0000000083500000|  0%| F|  |TAMS 0x0000000083400000, 0x0000000083400000| Untracked 
|  53|0x0000000083500000, 0x0000000083500000, 0x0000000083600000|  0%| F|  |TAMS 0x0000000083500000, 0x0000000083500000| Untracked 
|  54|0x0000000083600000, 0x0000000083600000, 0x0000000083700000|  0%| F|  |TAMS 0x0000000083600000, 0x0000000083600000| Untracked 
|  55|0x0000000083700000, 0x0000000083700000, 0x0000000083800000|  0%| F|  |TAMS 0x0000000083700000, 0x0000000083700000| Untracked 
|  56|0x0000000083800000, 0x0000000083800000, 0x0000000083900000|  0%| F|  |TAMS 0x0000000083800000, 0x0000000083800000| Untracked 
|  57|0x0000000083900000, 0x0000000083900000, 0x0000000083a00000|  0%| F|  |TAMS 0x0000000083900000, 0x0000000083900000| Untracked 
|  58|0x0000000083a00000, 0x0000000083a00000, 0x0000000083b00000|  0%| F|  |TAMS 0x0000000083a00000, 0x0000000083a00000| Untracked 
|  59|0x0000000083b00000, 0x0000000083b00000, 0x0000000083c00000|  0%| F|  |TAMS 0x0000000083b00000, 0x0000000083b00000| Untracked 
|  60|0x0000000083c00000, 0x0000000083c00000, 0x0000000083d00000|  0%| F|  |TAMS 0x0000000083c00000, 0x0000000083c00000| Untracked 
|  61|0x0000000083d00000, 0x0000000083d00000, 0x0000000083e00000|  0%| F|  |TAMS 0x0000000083d00000, 0x0000000083d00000| Untracked 
|  62|0x0000000083e00000, 0x0000000083e00000, 0x0000000083f00000|  0%| F|  |TAMS 0x0000000083e00000, 0x0000000083e00000| Untracked 
|  63|0x0000000083f00000, 0x0000000083f00000, 0x0000000084000000|  0%| F|  |TAMS 0x0000000083f00000, 0x0000000083f00000| Untracked 
|  64|0x0000000084000000, 0x0000000084000000, 0x0000000084100000|  0%| F|  |TAMS 0x0000000084000000, 0x0000000084000000| Untracked 
|  65|0x0000000084100000, 0x0000000084100000, 0x0000000084200000|  0%| F|  |TAMS 0x0000000084100000, 0x0000000084100000| Untracked 
|  66|0x0000000084200000, 0x0000000084200000, 0x0000000084300000|  0%| F|  |TAMS 0x0000000084200000, 0x0000000084200000| Untracked 
|  67|0x0000000084300000, 0x0000000084300000, 0x0000000084400000|  0%| F|  |TAMS 0x0000000084300000, 0x0000000084300000| Untracked 
|  68|0x0000000084400000, 0x0000000084400000, 0x0000000084500000|  0%| F|  |TAMS 0x0000000084400000, 0x0000000084400000| Untracked 
|  69|0x0000000084500000, 0x0000000084500000, 0x0000000084600000|  0%| F|  |TAMS 0x0000000084500000, 0x0000000084500000| Untracked 
|  70|0x0000000084600000, 0x0000000084600000, 0x0000000084700000|  0%| F|  |TAMS 0x0000000084600000, 0x0000000084600000| Untracked 
|  71|0x0000000084700000, 0x0000000084700000, 0x0000000084800000|  0%| F|  |TAMS 0x0000000084700000, 0x0000000084700000| Untracked 
|  72|0x0000000084800000, 0x0000000084800000, 0x0000000084900000|  0%| F|  |TAMS 0x0000000084800000, 0x0000000084800000| Untracked 
|  73|0x0000000084900000, 0x0000000084900000, 0x0000000084a00000|  0%| F|  |TAMS 0x0000000084900000, 0x0000000084900000| Untracked 
|  74|0x0000000084a00000, 0x0000000084a00000, 0x0000000084b00000|  0%| F|  |TAMS 0x0000000084a00000, 0x0000000084a00000| Untracked 
|  75|0x0000000084b00000, 0x0000000084b90060, 0x0000000084c00000| 56%| S|CS|TAMS 0x0000000084b00000, 0x0000000084b00000| Complete 
|  76|0x0000000084c00000, 0x0000000084d00000, 0x0000000084d00000|100%| S|CS|TAMS 0x0000000084c00000, 0x0000000084c00000| Complete 
|  77|0x0000000084d00000, 0x0000000084e00000, 0x0000000084e00000|100%| S|CS|TAMS 0x0000000084d00000, 0x0000000084d00000| Complete 
|  78|0x0000000084e00000, 0x0000000084f00000, 0x0000000084f00000|100%| S|CS|TAMS 0x0000000084e00000, 0x0000000084e00000| Complete 
|  79|0x0000000084f00000, 0x0000000085000000, 0x0000000085000000|100%| S|CS|TAMS 0x0000000084f00000, 0x0000000084f00000| Complete 
|  80|0x0000000085000000, 0x0000000085100000, 0x0000000085100000|100%| S|CS|TAMS 0x0000000085000000, 0x0000000085000000| Complete 
|  81|0x0000000085100000, 0x0000000085100000, 0x0000000085200000|  0%| F|  |TAMS 0x0000000085100000, 0x0000000085100000| Untracked 
|  82|0x0000000085200000, 0x0000000085200000, 0x0000000085300000|  0%| F|  |TAMS 0x0000000085200000, 0x0000000085200000| Untracked 
|  83|0x0000000085300000, 0x0000000085300000, 0x0000000085400000|  0%| F|  |TAMS 0x0000000085300000, 0x0000000085300000| Untracked 
|  84|0x0000000085400000, 0x0000000085400000, 0x0000000085500000|  0%| F|  |TAMS 0x0000000085400000, 0x0000000085400000| Untracked 
|  85|0x0000000085500000, 0x0000000085500000, 0x0000000085600000|  0%| F|  |TAMS 0x0000000085500000, 0x0000000085500000| Untracked 
|  86|0x0000000085600000, 0x0000000085600000, 0x0000000085700000|  0%| F|  |TAMS 0x0000000085600000, 0x0000000085600000| Untracked 
|  87|0x0000000085700000, 0x0000000085700000, 0x0000000085800000|  0%| F|  |TAMS 0x0000000085700000, 0x0000000085700000| Untracked 
|  88|0x0000000085800000, 0x0000000085800000, 0x0000000085900000|  0%| F|  |TAMS 0x0000000085800000, 0x0000000085800000| Untracked 
|  89|0x0000000085900000, 0x0000000085900000, 0x0000000085a00000|  0%| F|  |TAMS 0x0000000085900000, 0x0000000085900000| Untracked 
|  90|0x0000000085a00000, 0x0000000085a00000, 0x0000000085b00000|  0%| F|  |TAMS 0x0000000085a00000, 0x0000000085a00000| Untracked 
|  91|0x0000000085b00000, 0x0000000085b00000, 0x0000000085c00000|  0%| F|  |TAMS 0x0000000085b00000, 0x0000000085b00000| Untracked 
|  92|0x0000000085c00000, 0x0000000085c00000, 0x0000000085d00000|  0%| F|  |TAMS 0x0000000085c00000, 0x0000000085c00000| Untracked 
|  93|0x0000000085d00000, 0x0000000085d00000, 0x0000000085e00000|  0%| F|  |TAMS 0x0000000085d00000, 0x0000000085d00000| Untracked 
|  94|0x0000000085e00000, 0x0000000085e00000, 0x0000000085f00000|  0%| F|  |TAMS 0x0000000085e00000, 0x0000000085e00000| Untracked 
|  95|0x0000000085f00000, 0x0000000085f00000, 0x0000000086000000|  0%| F|  |TAMS 0x0000000085f00000, 0x0000000085f00000| Untracked 
|  96|0x0000000086000000, 0x0000000086080800, 0x0000000086100000| 50%| E|  |TAMS 0x0000000086000000, 0x0000000086000000| Complete 
|  97|0x0000000086100000, 0x0000000086200000, 0x0000000086200000|100%| E|CS|TAMS 0x0000000086100000, 0x0000000086100000| Complete 
|  98|0x0000000086200000, 0x0000000086300000, 0x0000000086300000|100%| E|CS|TAMS 0x0000000086200000, 0x0000000086200000| Complete 
|  99|0x0000000086300000, 0x0000000086400000, 0x0000000086400000|100%| E|CS|TAMS 0x0000000086300000, 0x0000000086300000| Complete 
| 100|0x0000000086400000, 0x0000000086500000, 0x0000000086500000|100%| E|CS|TAMS 0x0000000086400000, 0x0000000086400000| Complete 
| 101|0x0000000086500000, 0x0000000086600000, 0x0000000086600000|100%| E|CS|TAMS 0x0000000086500000, 0x0000000086500000| Complete 
| 102|0x0000000086600000, 0x0000000086700000, 0x0000000086700000|100%| E|CS|TAMS 0x0000000086600000, 0x0000000086600000| Complete 
| 103|0x0000000086700000, 0x0000000086800000, 0x0000000086800000|100%| E|CS|TAMS 0x0000000086700000, 0x0000000086700000| Complete 
| 104|0x0000000086800000, 0x0000000086900000, 0x0000000086900000|100%| E|CS|TAMS 0x0000000086800000, 0x0000000086800000| Complete 
| 105|0x0000000086900000, 0x0000000086a00000, 0x0000000086a00000|100%| E|CS|TAMS 0x0000000086900000, 0x0000000086900000| Complete 
| 106|0x0000000086a00000, 0x0000000086b00000, 0x0000000086b00000|100%| E|CS|TAMS 0x0000000086a00000, 0x0000000086a00000| Complete 
| 107|0x0000000086b00000, 0x0000000086c00000, 0x0000000086c00000|100%| E|CS|TAMS 0x0000000086b00000, 0x0000000086b00000| Complete 
| 108|0x0000000086c00000, 0x0000000086d00000, 0x0000000086d00000|100%| E|CS|TAMS 0x0000000086c00000, 0x0000000086c00000| Complete 
| 109|0x0000000086d00000, 0x0000000086e00000, 0x0000000086e00000|100%| E|CS|TAMS 0x0000000086d00000, 0x0000000086d00000| Complete 
| 110|0x0000000086e00000, 0x0000000086f00000, 0x0000000086f00000|100%| E|CS|TAMS 0x0000000086e00000, 0x0000000086e00000| Complete 
| 111|0x0000000086f00000, 0x0000000087000000, 0x0000000087000000|100%| E|CS|TAMS 0x0000000086f00000, 0x0000000086f00000| Complete 
| 112|0x0000000087000000, 0x0000000087100000, 0x0000000087100000|100%| E|CS|TAMS 0x0000000087000000, 0x0000000087000000| Complete 
| 113|0x0000000087100000, 0x0000000087200000, 0x0000000087200000|100%| E|CS|TAMS 0x0000000087100000, 0x0000000087100000| Complete 
| 114|0x0000000087200000, 0x0000000087300000, 0x0000000087300000|100%| E|CS|TAMS 0x0000000087200000, 0x0000000087200000| Complete 
| 115|0x0000000087300000, 0x0000000087400000, 0x0000000087400000|100%| E|CS|TAMS 0x0000000087300000, 0x0000000087300000| Complete 
| 116|0x0000000087400000, 0x0000000087500000, 0x0000000087500000|100%| E|CS|TAMS 0x0000000087400000, 0x0000000087400000| Complete 
| 117|0x0000000087500000, 0x0000000087600000, 0x0000000087600000|100%| E|CS|TAMS 0x0000000087500000, 0x0000000087500000| Complete 
| 118|0x0000000087600000, 0x0000000087700000, 0x0000000087700000|100%| E|CS|TAMS 0x0000000087600000, 0x0000000087600000| Complete 
| 119|0x0000000087700000, 0x0000000087800000, 0x0000000087800000|100%| E|CS|TAMS 0x0000000087700000, 0x0000000087700000| Complete 
| 120|0x0000000087800000, 0x0000000087900000, 0x0000000087900000|100%| E|CS|TAMS 0x0000000087800000, 0x0000000087800000| Complete 
| 121|0x0000000087900000, 0x0000000087a00000, 0x0000000087a00000|100%| E|CS|TAMS 0x0000000087900000, 0x0000000087900000| Complete 
| 122|0x0000000087a00000, 0x0000000087b00000, 0x0000000087b00000|100%| E|CS|TAMS 0x0000000087a00000, 0x0000000087a00000| Complete 
| 123|0x0000000087b00000, 0x0000000087c00000, 0x0000000087c00000|100%| E|CS|TAMS 0x0000000087b00000, 0x0000000087b00000| Complete 
| 124|0x0000000087c00000, 0x0000000087d00000, 0x0000000087d00000|100%| E|CS|TAMS 0x0000000087c00000, 0x0000000087c00000| Complete 
| 125|0x0000000087d00000, 0x0000000087e00000, 0x0000000087e00000|100%| E|CS|TAMS 0x0000000087d00000, 0x0000000087d00000| Complete 

Card table byte_map: [0x000002e0d8a70000,0x000002e0d8e70000] _byte_map_base: 0x000002e0d8670000

Marking Bits (Prev, Next): (CMBitMap*) 0x000002e0c59fb768, (CMBitMap*) 0x000002e0c59fb7a0
 Prev Bits: [0x000002e0d9270000, 0x000002e0db270000)
 Next Bits: [0x000002e0db270000, 0x000002e0dd270000)

Polling page: 0x000002e0c3950000

Metaspace:

Usage:
  Non-class:     33.21 MB capacity,    32.73 MB ( 99%) used,   419.93 KB (  1%) free+waste,    72.31 KB ( <1%) overhead. 
      Class:      5.15 MB capacity,     4.84 MB ( 94%) used,   276.89 KB (  5%) free+waste,    34.69 KB ( <1%) overhead. 
       Both:     38.36 MB capacity,    37.57 MB ( 98%) used,   696.82 KB (  2%) free+waste,   107.00 KB ( <1%) overhead. 

Virtual space:
  Non-class space:       34.00 MB reserved,      33.25 MB ( 98%) committed 
      Class space:        1.00 GB reserved,       5.25 MB ( <1%) committed 
             Both:        1.03 GB reserved,      38.50 MB (  4%) committed 

Chunk freelists:
   Non-Class:  41.00 KB
       Class:  8.00 KB
        Both:  49.00 KB

MaxMetaspaceSize: 17179869184.00 GB
CompressedClassSpaceSize: 1.00 GB

CodeHeap 'non-profiled nmethods': size=120000Kb used=1224Kb max_used=1224Kb free=118776Kb
 bounds [0x000002e0d0e00000, 0x000002e0d1070000, 0x000002e0d8330000]
CodeHeap 'profiled nmethods': size=120000Kb used=5844Kb max_used=5844Kb free=114155Kb
 bounds [0x000002e0c98d0000, 0x000002e0c9e90000, 0x000002e0d0e00000]
CodeHeap 'non-nmethods': size=5760Kb used=2174Kb max_used=2203Kb free=3585Kb
 bounds [0x000002e0c9330000, 0x000002e0c95a0000, 0x000002e0c98d0000]
 total_blobs=3534 nmethods=2800 adapters=645
 compilation: enabled
              stopped_count=0, restarted_count=0
 full_count=0

Compilation events (20 events):
Event: 3.943 Thread 0x000002e0e063c800 2987       3       java.lang.Class::getMethods (26 bytes)
Event: 3.943 Thread 0x000002e0e063c800 nmethod 2987 0x000002e0c9e76210 code [0x000002e0c9e76400, 0x000002e0c9e76678]
Event: 3.944 Thread 0x000002e0e063c800 2988       3       java.util.HashMap::put (13 bytes)
Event: 3.944 Thread 0x000002e0e0637000 nmethod 2981 0x000002e0d0f31410 code [0x000002e0d0f315c0, 0x000002e0d0f31878]
Event: 3.944 Thread 0x000002e0e0637000 2989       4       java.lang.reflect.ProxyGenerator$ConstantPool::getIndirect (63 bytes)
Event: 3.944 Thread 0x000002e0e063c800 nmethod 2988 0x000002e0c9e76790 code [0x000002e0c9e76960, 0x000002e0c9e76c58]
Event: 3.945 Thread 0x000002e0e063c800 2992   !   3       sun.reflect.annotation.AnnotationParser::parseAnnotation2 (284 bytes)
Event: 3.946 Thread 0x000002e0e063c800 nmethod 2992 0x000002e0c9e76d90 code [0x000002e0c9e771a0, 0x000002e0c9e78e38]
Event: 3.946 Thread 0x000002e0e063c800 2993       3       org.gradle.internal.instantiation.generator.AbstractClassGenerator$PropertyMetadata::isReadable (13 bytes)
Event: 3.946 Thread 0x000002e0e063c800 nmethod 2993 0x000002e0c9e79910 code [0x000002e0c9e79ac0, 0x000002e0c9e79c18]
Event: 3.946 Thread 0x000002e0e063c800 2994       3       org.gradle.internal.instantiation.generator.AbstractClassGenerator$PropertyMetadata::isWritable (18 bytes)
Event: 3.946 Thread 0x000002e0e063c800 nmethod 2994 0x000002e0c9e79c90 code [0x000002e0c9e79e60, 0x000002e0c9e7a088]
Event: 3.946 Thread 0x000002e0e063c800 2995       1       sun.reflect.generics.scope.AbstractScope::getRecvr (5 bytes)
Event: 3.946 Thread 0x000002e0e063c800 nmethod 2995 0x000002e0d0f31a10 code [0x000002e0d0f31bc0, 0x000002e0d0f31c78]
Event: 3.949 Thread 0x000002e0e063c800 2996       3       java.lang.ThreadLocal$ThreadLocalMap::set (136 bytes)
Event: 3.949 Thread 0x000002e0e063c800 nmethod 2996 0x000002e0c9e7a190 code [0x000002e0c9e7a400, 0x000002e0c9e7af88]
Event: 3.949 Thread 0x000002e0e063c800 2997       3       org.gradle.internal.logging.slf4j.OutputEventListenerBackedLogger::isDebugEnabled (8 bytes)
Event: 3.949 Thread 0x000002e0e063c800 nmethod 2997 0x000002e0c9e7b390 code [0x000002e0c9e7b560, 0x000002e0c9e7b8c8]
Event: 3.954 Thread 0x000002e0e063c800 2999       3       org.objectweb.asm.ClassReader::readUnsignedShort (26 bytes)
Event: 3.954 Thread 0x000002e0e063c800 nmethod 2999 0x000002e0c9e7ba90 code [0x000002e0c9e7bc40, 0x000002e0c9e7bd98]

GC Heap History (10 events):
Event: 0.635 GC heap before
{Heap before GC invocations=0 (full 0):
 garbage-first heap   total 129024K, used 29696K [0x0000000080000000, 0x0000000100000000)
  region size 1024K, 24 young (24576K), 0 survivors (0K)
 Metaspace       used 10396K, capacity 10640K, committed 11008K, reserved 1058816K
  class space    used 1098K, capacity 1164K, committed 1280K, reserved 1048576K
}
Event: 0.639 GC heap after
{Heap after GC invocations=1 (full 0):
 garbage-first heap   total 129024K, used 8697K [0x0000000080000000, 0x0000000100000000)
  region size 1024K, 3 young (3072K), 3 survivors (3072K)
 Metaspace       used 10396K, capacity 10640K, committed 11008K, reserved 1058816K
  class space    used 1098K, capacity 1164K, committed 1280K, reserved 1048576K
}
Event: 2.014 GC heap before
{Heap before GC invocations=1 (full 0):
 garbage-first heap   total 129024K, used 82425K [0x0000000080000000, 0x0000000100000000)
  region size 1024K, 75 young (76800K), 3 survivors (3072K)
 Metaspace       used 18900K, capacity 19336K, committed 19456K, reserved 1067008K
  class space    used 2278K, capacity 2456K, committed 2560K, reserved 1048576K
}
Event: 2.020 GC heap after
{Heap after GC invocations=2 (full 0):
 garbage-first heap   total 129024K, used 15423K [0x0000000080000000, 0x0000000100000000)
  region size 1024K, 10 young (10240K), 10 survivors (10240K)
 Metaspace       used 18900K, capacity 19336K, committed 19456K, reserved 1067008K
  class space    used 2278K, capacity 2456K, committed 2560K, reserved 1048576K
}
Event: 2.306 GC heap before
{Heap before GC invocations=2 (full 0):
 garbage-first heap   total 129024K, used 27711K [0x0000000080000000, 0x0000000100000000)
  region size 1024K, 23 young (23552K), 10 survivors (10240K)
 Metaspace       used 20644K, capacity 21105K, committed 21248K, reserved 1067008K
  class space    used 2526K, capacity 2710K, committed 2816K, reserved 1048576K
}
Event: 2.318 GC heap after
{Heap after GC invocations=3 (full 0):
 garbage-first heap   total 129024K, used 16460K [0x0000000080000000, 0x0000000100000000)
  region size 1024K, 1 young (1024K), 1 survivors (1024K)
 Metaspace       used 20644K, capacity 21105K, committed 21248K, reserved 1067008K
  class space    used 2526K, capacity 2710K, committed 2816K, reserved 1048576K
}
Event: 3.115 GC heap before
{Heap before GC invocations=4 (full 0):
 garbage-first heap   total 129024K, used 68684K [0x0000000080000000, 0x0000000100000000)
  region size 1024K, 53 young (54272K), 1 survivors (1024K)
 Metaspace       used 26494K, capacity 27076K, committed 27264K, reserved 1073152K
  class space    used 3477K, capacity 3704K, committed 3712K, reserved 1048576K
}
Event: 3.117 GC heap after
{Heap after GC invocations=5 (full 0):
 garbage-first heap   total 129024K, used 18238K [0x0000000080000000, 0x0000000100000000)
  region size 1024K, 3 young (3072K), 3 survivors (3072K)
 Metaspace       used 26494K, capacity 27076K, committed 27264K, reserved 1073152K
  class space    used 3477K, capacity 3704K, committed 3712K, reserved 1048576K
}
Event: 3.693 GC heap before
{Heap before GC invocations=5 (full 0):
 garbage-first heap   total 129024K, used 63294K [0x0000000080000000, 0x0000000100000000)
  region size 1024K, 48 young (49152K), 3 survivors (3072K)
 Metaspace       used 35105K, capacity 35797K, committed 35840K, reserved 1081344K
  class space    used 4569K, capacity 4824K, committed 4864K, reserved 1048576K
}
Event: 3.698 GC heap after
{Heap after GC invocations=6 (full 0):
 garbage-first heap   total 129024K, used 21349K [0x0000000080000000, 0x0000000100000000)
  region size 1024K, 6 young (6144K), 6 survivors (6144K)
 Metaspace       used 35105K, capacity 35797K, committed 35840K, reserved 1081344K
  class space    used 4569K, capacity 4824K, committed 4864K, reserved 1048576K
}

Deoptimization events (20 events):
Event: 3.799 Thread 0x000002e0e1bc4800 DEOPT PACKING pc=0x000002e0d0f12264 sp=0x000000f064af9620
Event: 3.799 Thread 0x000002e0e1bc4800 DEOPT UNPACKING pc=0x000002e0c93574af sp=0x000000f064af9560 mode 2
Event: 3.822 Thread 0x000002e0e1bc4800 Uncommon trap: trap_request=0xffffff6e fr.pc=0x000002e0d0f12264 relative=0x00000000000007a4
Event: 3.822 Thread 0x000002e0e1bc4800 Uncommon trap: reason=speculate_class_check action=maybe_recompile pc=0x000002e0d0f12264 method=java.lang.reflect.Executable.declaredAnnotations()Ljava/util/Map; @ 23 c2
Event: 3.822 Thread 0x000002e0e1bc4800 DEOPT PACKING pc=0x000002e0d0f12264 sp=0x000000f064afb420
Event: 3.822 Thread 0x000002e0e1bc4800 DEOPT UNPACKING pc=0x000002e0c93574af sp=0x000000f064afb360 mode 2
Event: 3.882 Thread 0x000002e0e1cc6800 DEOPT PACKING pc=0x000002e0c9bd8349 sp=0x000000f064dfc9e0
Event: 3.882 Thread 0x000002e0e1cc6800 DEOPT UNPACKING pc=0x000002e0c93572ce sp=0x000000f064dfbe58 mode 0
Event: 3.938 Thread 0x000002e0e1bc4800 Uncommon trap: trap_request=0xffffff4d fr.pc=0x000002e0d0f21ecc relative=0x000000000000028c
Event: 3.938 Thread 0x000002e0e1bc4800 Uncommon trap: reason=unstable_if action=reinterpret pc=0x000002e0d0f21ecc method=java.util.HashMap.getNode(ILjava/lang/Object;)Ljava/util/HashMap$Node; @ 53 c2
Event: 3.938 Thread 0x000002e0e1bc4800 DEOPT PACKING pc=0x000002e0d0f21ecc sp=0x000000f064af9290
Event: 3.938 Thread 0x000002e0e1bc4800 DEOPT UNPACKING pc=0x000002e0c93574af sp=0x000000f064af91b0 mode 2
Event: 3.938 Thread 0x000002e0e1bc4800 Uncommon trap: trap_request=0xffffff4d fr.pc=0x000002e0d0e51394 relative=0x00000000000000d4
Event: 3.938 Thread 0x000002e0e1bc4800 Uncommon trap: reason=unstable_if action=reinterpret pc=0x000002e0d0e51394 method=java.util.HashMap.hash(Ljava/lang/Object;)I @ 1 c2
Event: 3.938 Thread 0x000002e0e1bc4800 DEOPT PACKING pc=0x000002e0d0e51394 sp=0x000000f064af9290
Event: 3.938 Thread 0x000002e0e1bc4800 DEOPT UNPACKING pc=0x000002e0c93574af sp=0x000000f064af91d0 mode 2
Event: 3.938 Thread 0x000002e0e1bc4800 Uncommon trap: trap_request=0xffffff4d fr.pc=0x000002e0d0f147c8 relative=0x00000000000006c8
Event: 3.938 Thread 0x000002e0e1bc4800 Uncommon trap: reason=unstable_if action=reinterpret pc=0x000002e0d0f147c8 method=java.util.HashMap.putVal(ILjava/lang/Object;Ljava/lang/Object;ZZ)Ljava/lang/Object; @ 85 c2
Event: 3.938 Thread 0x000002e0e1bc4800 DEOPT PACKING pc=0x000002e0d0f147c8 sp=0x000000f064af91c0
Event: 3.938 Thread 0x000002e0e1bc4800 DEOPT UNPACKING pc=0x000002e0c93574af sp=0x000000f064af9178 mode 2

Classes redefined (0 events):
No events

Internal exceptions (20 events):
Event: 3.716 Thread 0x000002e0e1bc4800 Exception <a 'java/lang/ClassNotFoundException'{0x0000000087b569f0}: org/gradle/groovy/scripts/BasicScriptCustomizer> (0x0000000087b569f0) thrown at [./src/hotspot/share/classfile/systemDictionary.cpp, line 231]
Event: 3.717 Thread 0x000002e0e1bc4800 Exception <a 'java/lang/ClassNotFoundException'{0x0000000087b72c20}: org/gradle/groovy/scripts/DefaultScriptCustomizer> (0x0000000087b72c20) thrown at [./src/hotspot/share/classfile/systemDictionary.cpp, line 231]
Event: 3.719 Thread 0x000002e0e1bc4800 Exception <a 'java/lang/ClassNotFoundException'{0x0000000087be3420}: org/gradle/plugin/use/internal/PluginsAwareScriptCustomizer> (0x0000000087be3420) thrown at [./src/hotspot/share/classfile/systemDictionary.cpp, line 231]
Event: 3.719 Thread 0x000002e0e1bc4800 Exception <a 'java/lang/ClassNotFoundException'{0x0000000087bfb770}: org/gradle/initialization/SettingsScriptCustomizer> (0x0000000087bfb770) thrown at [./src/hotspot/share/classfile/systemDictionary.cpp, line 231]
Event: 3.720 Thread 0x000002e0e1bc4800 Exception <a 'java/lang/ClassNotFoundException'{0x0000000087a0c810}: settings_bwglibov2ya5ljt1ddk9m4nljCustomizer> (0x0000000087a0c810) thrown at [./src/hotspot/share/classfile/systemDictionary.cpp, line 231]
Event: 3.764 Thread 0x000002e0e1bc4800 Exception <a 'java/lang/ClassNotFoundException'{0x000000008786bc78}: org/gradle/initialization/DefaultSettings_DecoratedBeanInfo> (0x000000008786bc78) thrown at [./src/hotspot/share/classfile/systemDictionary.cpp, line 231]
Event: 3.765 Thread 0x000002e0e1bc4800 Exception <a 'java/lang/ClassNotFoundException'{0x00000000878882e0}: org/gradle/initialization/DefaultSettingsBeanInfo> (0x00000000878882e0) thrown at [./src/hotspot/share/classfile/systemDictionary.cpp, line 231]
Event: 3.765 Thread 0x000002e0e1bc4800 Exception <a 'java/lang/ClassNotFoundException'{0x00000000878a7748}: org/gradle/api/internal/project/AbstractPluginAwareBeanInfo> (0x00000000878a7748) thrown at [./src/hotspot/share/classfile/systemDictionary.cpp, line 231]
Event: 3.766 Thread 0x000002e0e1bc4800 Exception <a 'java/lang/ClassNotFoundException'{0x00000000878c6c78}: org/gradle/api/internal/project/AbstractPluginAwareCustomizer> (0x00000000878c6c78) thrown at [./src/hotspot/share/classfile/systemDictionary.cpp, line 231]
Event: 3.767 Thread 0x000002e0e1bc4800 Exception <a 'java/lang/ClassNotFoundException'{0x00000000878ea860}: org/gradle/initialization/DefaultSettingsCustomizer> (0x00000000878ea860) thrown at [./src/hotspot/share/classfile/systemDictionary.cpp, line 231]
Event: 3.769 Thread 0x000002e0e1bc4800 Exception <a 'java/lang/ClassNotFoundException'{0x0000000087733220}: org/gradle/initialization/DefaultSettings_DecoratedCustomizer> (0x0000000087733220) thrown at [./src/hotspot/share/classfile/systemDictionary.cpp, line 231]
Event: 3.789 Thread 0x000002e0e1bc4800 Implicit null exception at 0x000002e0d0f13cef to 0x000002e0d0f13d98
Event: 3.791 Thread 0x000002e0e1bc4800 Exception <a 'java/lang/ClassNotFoundException'{0x0000000087554b50}: org/gradle/initialization/DefaultProjectDescriptorBeanInfo> (0x0000000087554b50) thrown at [./src/hotspot/share/classfile/systemDictionary.cpp, line 231]
Event: 3.792 Thread 0x000002e0e1bc4800 Exception <a 'java/lang/ClassNotFoundException'{0x00000000875734b0}: org/gradle/initialization/DefaultProjectDescriptorCustomizer> (0x00000000875734b0) thrown at [./src/hotspot/share/classfile/systemDictionary.cpp, line 231]
Event: 3.881 Thread 0x000002e0e1cc6800 Exception <a 'java/lang/NoSuchMethodError'{0x0000000087d8d660}: <clinit>> (0x0000000087d8d660) thrown at [./src/hotspot/share/prims/jni.cpp, line 1362]
Event: 3.881 Thread 0x000002e0e1cc6800 Exception <a 'java/lang/NoSuchMethodError'{0x0000000087d8ec50}: <clinit>> (0x0000000087d8ec50) thrown at [./src/hotspot/share/prims/jni.cpp, line 1362]
Event: 3.882 Thread 0x000002e0e1cc6800 Exception <a 'java/lang/NoSuchMethodError'{0x0000000086b88958}: <clinit>> (0x0000000086b88958) thrown at [./src/hotspot/share/prims/jni.cpp, line 1362]
Event: 3.882 Thread 0x000002e0e1cc6800 Exception <a 'java/lang/NoSuchMethodError'{0x0000000086b8a7a8}: <clinit>> (0x0000000086b8a7a8) thrown at [./src/hotspot/share/prims/jni.cpp, line 1362]
Event: 3.883 Thread 0x000002e0e1cc6800 Exception <a 'java/lang/NoSuchMethodError'{0x0000000086b99b60}: <clinit>> (0x0000000086b99b60) thrown at [./src/hotspot/share/prims/jni.cpp, line 1362]
Event: 3.938 Thread 0x000002e0e1bc4800 Implicit null exception at 0x000002e0d0e512f8 to 0x000002e0d0e5138a

Events (20 events):
Event: 3.947 loading class org/gradle/api/internal/provider/Collectors$ElementFromProvider
Event: 3.947 loading class org/gradle/api/internal/provider/Collectors$ElementFromProvider done
Event: 3.947 loading class org/gradle/api/internal/DefaultNamedDomainObjectCollection$ProviderBackedElementInfo
Event: 3.947 loading class org/gradle/api/internal/DefaultNamedDomainObjectCollection$ProviderBackedElementInfo done
Event: 3.947 loading class org/gradle/api/internal/DefaultNamedDomainObjectCollection$ElementInfo
Event: 3.947 loading class org/gradle/api/internal/DefaultNamedDomainObjectCollection$ElementInfo done
Event: 3.948 loading class org/gradle/api/tasks/diagnostics/ProjectReportTask
Event: 3.948 loading class org/gradle/api/tasks/diagnostics/ProjectReportTask done
Event: 3.948 loading class org/gradle/api/tasks/diagnostics/AbstractReportTask
Event: 3.948 loading class org/gradle/api/tasks/diagnostics/AbstractReportTask done
Event: 3.949 loading class org/gradle/api/tasks/diagnostics/TaskReportTask
Event: 3.949 loading class org/gradle/api/tasks/diagnostics/TaskReportTask done
Event: 3.949 loading class org/gradle/api/tasks/diagnostics/PropertyReportTask
Event: 3.949 loading class org/gradle/api/tasks/diagnostics/PropertyReportTask done
Event: 3.950 loading class org/gradle/api/tasks/diagnostics/DependencyInsightReportTask
Event: 3.950 loading class org/gradle/api/tasks/diagnostics/DependencyInsightReportTask done
Event: 3.950 loading class org/objectweb/asm/ClassReader
Event: 3.950 loading class org/objectweb/asm/ClassReader done
Event: 3.954 loading class org/objectweb/asm/Context
Event: 3.954 loading class org/objectweb/asm/Context done


Dynamic libraries:
0x00007ff6c2b30000 - 0x00007ff6c2b3a000 	C:\Users\ACER\Downloads\android-studio\jre\bin\java.exe
0x00007ffe22360000 - 0x00007ffe22550000 	C:\Windows\SYSTEM32\ntdll.dll
0x00007ffe216f0000 - 0x00007ffe217a2000 	C:\Windows\System32\KERNEL32.DLL
0x00007ffe1fce0000 - 0x00007ffe1ff85000 	C:\Windows\System32\KERNELBASE.dll
0x00007ffe1fbb0000 - 0x00007ffe1fcaa000 	C:\Windows\System32\ucrtbase.dll
0x00007ffe1ad00000 - 0x00007ffe1ad17000 	C:\Users\ACER\Downloads\android-studio\jre\bin\VCRUNTIME140.dll
0x00007ffe1b160000 - 0x00007ffe1b179000 	C:\Users\ACER\Downloads\android-studio\jre\bin\jli.dll
0x00007ffe21ed0000 - 0x00007ffe22064000 	C:\Windows\System32\USER32.dll
0x00007ffe200e0000 - 0x00007ffe20101000 	C:\Windows\System32\win32u.dll
0x00007ffe20410000 - 0x00007ffe20436000 	C:\Windows\System32\GDI32.dll
0x00007ffe1e6f0000 - 0x00007ffe1e974000 	C:\Windows\WinSxS\amd64_microsoft.windows.common-controls_6595b64144ccf1df_6.0.18362.1440_none_9e7dbfb9e45e8e67\COMCTL32.dll
0x00007ffe20110000 - 0x00007ffe202a8000 	C:\Windows\System32\gdi32full.dll
0x00007ffe22070000 - 0x00007ffe2210e000 	C:\Windows\System32\msvcrt.dll
0x00007ffe20040000 - 0x00007ffe200de000 	C:\Windows\System32\msvcp_win.dll
0x00007ffe21ac0000 - 0x00007ffe21df6000 	C:\Windows\System32\combase.dll
0x00007ffe20c00000 - 0x00007ffe20d1f000 	C:\Windows\System32\RPCRT4.dll
0x00007ffe1fb20000 - 0x00007ffe1fba1000 	C:\Windows\System32\bcryptPrimitives.dll
0x00007ffe209a0000 - 0x00007ffe209ce000 	C:\Windows\System32\IMM32.DLL
0x00007ffde3d80000 - 0x00007ffde3e1d000 	C:\Users\ACER\Downloads\android-studio\jre\bin\msvcp140.dll
0x00007ffde9980000 - 0x00007ffdea43c000 	C:\Users\ACER\Downloads\android-studio\jre\bin\server\jvm.dll
0x00007ffe21640000 - 0x00007ffe216e3000 	C:\Windows\System32\ADVAPI32.dll
0x00007ffe215a0000 - 0x00007ffe21637000 	C:\Windows\System32\sechost.dll
0x00007ffe20450000 - 0x00007ffe20458000 	C:\Windows\System32\PSAPI.DLL
0x00007ffe0aec0000 - 0x00007ffe0aee4000 	C:\Windows\SYSTEM32\WINMM.dll
0x00007ffe19630000 - 0x00007ffe1963a000 	C:\Windows\SYSTEM32\VERSION.dll
0x00007ffe1d550000 - 0x00007ffe1d559000 	C:\Windows\SYSTEM32\WSOCK32.dll
0x00007ffe13030000 - 0x00007ffe1305d000 	C:\Windows\SYSTEM32\winmmbase.dll
0x00007ffe1fad0000 - 0x00007ffe1fb1a000 	C:\Windows\System32\cfgmgr32.dll
0x00007ffe217b0000 - 0x00007ffe2181f000 	C:\Windows\System32\ws2_32.DLL
0x00007ffe1f220000 - 0x00007ffe1f231000 	C:\Windows\System32\kernel.appcore.dll
0x00007ffe1a2a0000 - 0x00007ffe1a2b1000 	C:\Users\ACER\Downloads\android-studio\jre\bin\verify.dll
0x00007ffe1ecd0000 - 0x00007ffe1eec4000 	C:\Windows\SYSTEM32\DBGHELP.DLL
0x00007ffe1ec20000 - 0x00007ffe1ec4a000 	C:\Windows\SYSTEM32\dbgcore.DLL
0x00007ffe1a270000 - 0x00007ffe1a299000 	C:\Users\ACER\Downloads\android-studio\jre\bin\java.dll
0x00007ffe1a260000 - 0x00007ffe1a26b000 	C:\Users\ACER\Downloads\android-studio\jre\bin\jimage.dll
0x00007ffe1a060000 - 0x00007ffe1a078000 	C:\Users\ACER\Downloads\android-studio\jre\bin\zip.dll
0x00007ffe20dd0000 - 0x00007ffe214b8000 	C:\Windows\System32\SHELL32.dll
0x00007ffe208d0000 - 0x00007ffe20977000 	C:\Windows\System32\shcore.dll
0x00007ffe1f2d0000 - 0x00007ffe1fa4b000 	C:\Windows\System32\windows.storage.dll
0x00007ffe1f2b0000 - 0x00007ffe1f2ce000 	C:\Windows\System32\profapi.dll
0x00007ffe1f240000 - 0x00007ffe1f28a000 	C:\Windows\System32\powrprof.dll
0x00007ffe1f210000 - 0x00007ffe1f220000 	C:\Windows\System32\UMPDC.dll
0x00007ffe21820000 - 0x00007ffe21872000 	C:\Windows\System32\shlwapi.dll
0x00007ffe1fa50000 - 0x00007ffe1fa67000 	C:\Windows\System32\cryptsp.dll
0x00007ffdf95c0000 - 0x00007ffdf95da000 	C:\Users\ACER\Downloads\android-studio\jre\bin\net.dll
0x00007ffe16c80000 - 0x00007ffe16d7a000 	C:\Windows\SYSTEM32\WINHTTP.dll
0x00007ffe1e390000 - 0x00007ffe1e3f7000 	C:\Windows\system32\mswsock.dll
0x00007ffdf9150000 - 0x00007ffdf9164000 	C:\Users\ACER\Downloads\android-studio\jre\bin\nio.dll
0x00007ffe15110000 - 0x00007ffe15137000 	C:\Users\ACER\.gradle\native\fdc75f09e3144964f2cf3f50f0aa648679c211496f362492102eb8c894070792\windows-amd64\native-platform.dll
0x00007ffde5ce0000 - 0x00007ffde5e76000 	C:\Users\ACER\.gradle\native\12488b8bf47d2d4c9fbf2f6322a914ad602e24e48041cd04a747c6da556b65c4\windows-amd64\native-platform-file-events.dll
0x00007ffe1a250000 - 0x00007ffe1a25a000 	C:\Users\ACER\Downloads\android-studio\jre\bin\management.dll
0x00007ffe12640000 - 0x00007ffe1264c000 	C:\Users\ACER\Downloads\android-studio\jre\bin\management_ext.dll
0x00007ffe1df40000 - 0x00007ffe1df73000 	C:\Windows\system32\rsaenh.dll
0x00007ffe1fcb0000 - 0x00007ffe1fcd6000 	C:\Windows\System32\bcrypt.dll
0x00007ffe1f0f0000 - 0x00007ffe1f115000 	C:\Windows\SYSTEM32\USERENV.dll
0x00007ffe1e610000 - 0x00007ffe1e61c000 	C:\Windows\SYSTEM32\CRYPTBASE.dll
0x00007ffe1e0d0000 - 0x00007ffe1e10a000 	C:\Windows\SYSTEM32\IPHLPAPI.DLL
0x00007ffe20440000 - 0x00007ffe20448000 	C:\Windows\System32\NSI.dll
0x00007ffe180c0000 - 0x00007ffe180d6000 	C:\Windows\SYSTEM32\dhcpcsvc6.DLL
0x00007ffe18340000 - 0x00007ffe1835c000 	C:\Windows\SYSTEM32\dhcpcsvc.DLL
0x00007ffe1e110000 - 0x00007ffe1e1db000 	C:\Windows\SYSTEM32\DNSAPI.dll
0x00007ffe18850000 - 0x00007ffe1885b000 	C:\Windows\SYSTEM32\WINNSI.DLL

dbghelp: loaded successfully - version: 4.0.5 - missing functions: none
symbol engine: initialized successfully - sym options: 0x614 - pdb path: .;C:\Users\ACER\Downloads\android-studio\jre\bin;C:\Windows\SYSTEM32;C:\Windows\WinSxS\amd64_microsoft.windows.common-controls_6595b64144ccf1df_6.0.18362.1440_none_9e7dbfb9e45e8e67;C:\Users\ACER\Downloads\android-studio\jre\bin\server;C:\Users\ACER\.gradle\native\fdc75f09e3144964f2cf3f50f0aa648679c211496f362492102eb8c894070792\windows-amd64;C:\Users\ACER\.gradle\native\12488b8bf47d2d4c9fbf2f6322a914ad602e24e48041cd04a747c6da556b65c4\windows-amd64

VM Arguments:
jvm_args: --add-opens=java.base/java.util=ALL-UNNAMED --add-opens=java.base/java.lang=ALL-UNNAMED --add-opens=java.base/java.lang.invoke=ALL-UNNAMED --add-opens=java.prefs/java.util.prefs=ALL-UNNAMED -Xmx2048m -Dfile.encoding=UTF-8 -Duser.country=US -Duser.language=en -Duser.variant 
java_command: org.gradle.launcher.daemon.bootstrap.GradleDaemon 6.7.1
java_class_path (initial): C:\Users\ACER\.gradle\wrapper\dists\gradle-6.7.1-all\2moa8rlfac5eqlcfgk98k0deb\gradle-6.7.1\lib\gradle-launcher-6.7.1.jar
Launcher Type: SUN_STANDARD

[Global flags]
     intx CICompilerCount                          = 4                                         {product} {ergonomic}
     uint ConcGCThreads                            = 2                                         {product} {ergonomic}
     uint G1ConcRefinementThreads                  = 8                                         {product} {ergonomic}
   size_t G1HeapRegionSize                         = 1048576                                   {product} {ergonomic}
    uintx GCDrainStackTargetSize                   = 64                                        {product} {ergonomic}
   size_t InitialHeapSize                          = 132120576                                 {product} {ergonomic}
   size_t MarkStackSize                            = 4194304                                   {product} {ergonomic}
   size_t MaxHeapSize                              = 2147483648                                {product} {command line}
   size_t MaxNewSize                               = 1287651328                                {product} {ergonomic}
   size_t MinHeapDeltaBytes                        = 1048576                                   {product} {ergonomic}
    uintx NonNMethodCodeHeapSize                   = 5836300                                {pd product} {ergonomic}
    uintx NonProfiledCodeHeapSize                  = 122910970                              {pd product} {ergonomic}
    uintx ProfiledCodeHeapSize                     = 122910970                              {pd product} {ergonomic}
    uintx ReservedCodeCacheSize                    = 251658240                              {pd product} {ergonomic}
     bool SegmentedCodeCache                       = true                                      {product} {ergonomic}
     bool UseCompressedClassPointers               = true                                 {lp64_product} {ergonomic}
     bool UseCompressedOops                        = true                                 {lp64_product} {ergonomic}
     bool UseG1GC                                  = true                                      {product} {ergonomic}
     bool UseLargePagesIndividualAllocation        = false                                  {pd product} {ergonomic}

Logging:
Log output configuration:
 #0: stdout all=warning uptime,level,tags
 #1: stderr all=off uptime,level,tags

Environment Variables:
PATH=C:\Program Files\Common Files\Oracle\Java\javapath;C:\Windows\system32;C:\Windows;C:\Windows\System32\Wbem;C:\Windows\System32\WindowsPowerShell\v1.0\;C:\Windows\System32\OpenSSH\;C:\Program Files (x86)\NVIDIA Corporation\PhysX\Common;C:\Program Files\NVIDIA Corporation\NVIDIA NvDLISR;C:\Users\ACER\AppData\Local\Microsoft\WindowsApps;;C:\Users\ACER\AppData\Local\Programs\Microsoft VS Code\bin
USERNAME=ACER
OS=Windows_NT
PROCESSOR_IDENTIFIER=Intel64 Family 6 Model 158 Stepping 13, GenuineIntel



---------------  S Y S T E M  ---------------

OS: Windows 10 , 64 bit Build 18362 (10.0.18362.1350)
OS uptime: 3 days 21:18 hours

CPU:total 8 (initial active 8) (4 cores per cpu, 2 threads per core) family 6 model 158 stepping 13, cmov, cx8, fxsr, mmx, sse, sse2, sse3, ssse3, sse4.1, sse4.2, popcnt, avx, avx2, aes, clmul, erms, 3dnowpref, lzcnt, ht, tsc, tscinvbit, bmi1, bmi2, adx, fma

Memory: 4k page, system-wide physical 8029M (85M free)
TotalPageFile size 32605M (AvailPageFile size 2M)
current process WorkingSet (physical memory assigned to process): 228M, peak: 230M
current process commit charge ("private bytes"): 292M, peak: 294M

vm_info: OpenJDK 64-Bit Server VM (11.0.8+10-b944.6842174) for windows-amd64 JRE (11.0.8+10-b944.6842174), built on Sep 19 2020 01:11:42 by "builder" with MS VC++ 14.0 (VS2015)

END.
